[2.175s] Invoking command in '/home/juan/The_WALL-E_project/ros2_ws/src/robot_taller2': PYTHONPATH=/home/juan/The_WALL-E_project/ros2_ws/build/robot_taller2/prefix_override:/home/juan/The_WALL-E_project/ros2_ws/install/robot_taller2/lib/python3.10/site-packages:${PYTHONPATH} /usr/bin/python3 setup.py egg_info --egg-base ../../build/robot_taller2 build --build-base /home/juan/The_WALL-E_project/ros2_ws/build/robot_taller2/build install --record /home/juan/The_WALL-E_project/ros2_ws/build/robot_taller2/install.log --single-version-externally-managed
[2.813s] running egg_info
[2.816s] writing ../../build/robot_taller2/robot_taller2.egg-info/PKG-INFO
[2.816s] writing dependency_links to ../../build/robot_taller2/robot_taller2.egg-info/dependency_links.txt
[2.817s] writing entry points to ../../build/robot_taller2/robot_taller2.egg-info/entry_points.txt
[2.817s] writing requirements to ../../build/robot_taller2/robot_taller2.egg-info/requires.txt
[2.817s] writing top-level names to ../../build/robot_taller2/robot_taller2.egg-info/top_level.txt
[2.824s] reading manifest file '../../build/robot_taller2/robot_taller2.egg-info/SOURCES.txt'
[2.827s] writing manifest file '../../build/robot_taller2/robot_taller2.egg-info/SOURCES.txt'
[2.827s] running build
[2.827s] running build_py
[2.828s] running install
[2.828s] /usr/lib/python3/dist-packages/setuptools/command/install.py:34: SetuptoolsDeprecationWarning: setup.py install is deprecated. Use build and pip and other standards-based tools.
[2.829s]   warnings.warn(
[2.830s] running install_lib
[2.835s] running install_data
[2.837s] running install_egg_info
[2.841s] removing '/home/juan/The_WALL-E_project/ros2_ws/install/robot_taller2/lib/python3.10/site-packages/robot_taller2-0.0.0-py3.10.egg-info' (and everything under it)
[2.842s] Copying ../../build/robot_taller2/robot_taller2.egg-info to /home/juan/The_WALL-E_project/ros2_ws/install/robot_taller2/lib/python3.10/site-packages/robot_taller2-0.0.0-py3.10.egg-info
[2.844s] running install_scripts
[2.888s] Installing raspy_serial script to /home/juan/The_WALL-E_project/ros2_ws/install/robot_taller2/lib/robot_taller2
[2.888s] Installing robot_interface script to /home/juan/The_WALL-E_project/ros2_ws/install/robot_taller2/lib/robot_taller2
[2.888s] Installing robot_player script to /home/juan/The_WALL-E_project/ros2_ws/install/robot_taller2/lib/robot_taller2
[2.889s] Installing robot_teleop script to /home/juan/The_WALL-E_project/ros2_ws/install/robot_taller2/lib/robot_taller2
[2.889s] writing list of installed files to '/home/juan/The_WALL-E_project/ros2_ws/build/robot_taller2/install.log'
[2.941s] Invoked command in '/home/juan/The_WALL-E_project/ros2_ws/src/robot_taller2' returned '0': PYTHONPATH=/home/juan/The_WALL-E_project/ros2_ws/build/robot_taller2/prefix_override:/home/juan/The_WALL-E_project/ros2_ws/install/robot_taller2/lib/python3.10/site-packages:${PYTHONPATH} /usr/bin/python3 setup.py egg_info --egg-base ../../build/robot_taller2 build --build-base /home/juan/The_WALL-E_project/ros2_ws/build/robot_taller2/build install --record /home/juan/The_WALL-E_project/ros2_ws/build/robot_taller2/install.log --single-version-externally-managed
