[1.816s] Invoking command in '/home/juan/ros2_ws/Walle_pkg': PYTHONPATH=/home/juan/ros2_ws/build/Walle_pkg/prefix_override:/home/juan/ros2_ws/install/Walle_pkg/lib/python3.10/site-packages:${PYTHONPATH} /usr/bin/python3 setup.py egg_info --egg-base ../build/Walle_pkg build --build-base /home/juan/ros2_ws/build/Walle_pkg/build install --record /home/juan/ros2_ws/build/Walle_pkg/install.log --single-version-externally-managed
[2.549s] running egg_info
[2.552s] writing ../build/Walle_pkg/Walle_pkg.egg-info/PKG-INFO
[2.552s] writing dependency_links to ../build/Walle_pkg/Walle_pkg.egg-info/dependency_links.txt
[2.553s] writing entry points to ../build/Walle_pkg/Walle_pkg.egg-info/entry_points.txt
[2.553s] writing requirements to ../build/Walle_pkg/Walle_pkg.egg-info/requires.txt
[2.554s] writing top-level names to ../build/Walle_pkg/Walle_pkg.egg-info/top_level.txt
[2.560s] reading manifest file '../build/Walle_pkg/Walle_pkg.egg-info/SOURCES.txt'
[2.562s] writing manifest file '../build/Walle_pkg/Walle_pkg.egg-info/SOURCES.txt'
[2.563s] running build
[2.563s] running build_py
[2.563s] copying Walle_pkg/turtle_bot_teleop.py -> /home/juan/ros2_ws/build/Walle_pkg/build/lib/Walle_pkg
[2.564s] running install
[2.565s] /usr/lib/python3/dist-packages/setuptools/command/install.py:34: SetuptoolsDeprecationWarning: setup.py install is deprecated. Use build and pip and other standards-based tools.
[2.565s]   warnings.warn(
[2.565s] running install_lib
[2.568s] copying /home/juan/ros2_ws/build/Walle_pkg/build/lib/Walle_pkg/turtle_bot_teleop.py -> /home/juan/ros2_ws/install/Walle_pkg/lib/python3.10/site-packages/Walle_pkg
[2.570s] byte-compiling /home/juan/ros2_ws/install/Walle_pkg/lib/python3.10/site-packages/Walle_pkg/turtle_bot_teleop.py to turtle_bot_teleop.cpython-310.pyc
[2.572s] running install_data
[2.574s] running install_egg_info
[2.578s] removing '/home/juan/ros2_ws/install/Walle_pkg/lib/python3.10/site-packages/Walle_pkg-0.0.0-py3.10.egg-info' (and everything under it)
[2.579s] Copying ../build/Walle_pkg/Walle_pkg.egg-info to /home/juan/ros2_ws/install/Walle_pkg/lib/python3.10/site-packages/Walle_pkg-0.0.0-py3.10.egg-info
[2.582s] running install_scripts
[2.635s] Installing turtle_bot_teleop script to /home/juan/ros2_ws/install/Walle_pkg/lib/Walle_pkg
[2.636s] writing list of installed files to '/home/juan/ros2_ws/build/Walle_pkg/install.log'
[2.685s] Invoked command in '/home/juan/ros2_ws/Walle_pkg' returned '0': PYTHONPATH=/home/juan/ros2_ws/build/Walle_pkg/prefix_override:/home/juan/ros2_ws/install/Walle_pkg/lib/python3.10/site-packages:${PYTHONPATH} /usr/bin/python3 setup.py egg_info --egg-base ../build/Walle_pkg build --build-base /home/juan/ros2_ws/build/Walle_pkg/build install --record /home/juan/ros2_ws/build/Walle_pkg/install.log --single-version-externally-managed
