running egg_info
writing ../build/Walle_pkg/Walle_pkg.egg-info/PKG-INFO
writing dependency_links to ../build/Walle_pkg/Walle_pkg.egg-info/dependency_links.txt
writing entry points to ../build/Walle_pkg/Walle_pkg.egg-info/entry_points.txt
writing requirements to ../build/Walle_pkg/Walle_pkg.egg-info/requires.txt
writing top-level names to ../build/Walle_pkg/Walle_pkg.egg-info/top_level.txt
reading manifest file '../build/Walle_pkg/Walle_pkg.egg-info/SOURCES.txt'
writing manifest file '../build/Walle_pkg/Walle_pkg.egg-info/SOURCES.txt'
running build
running build_py
running install
/usr/lib/python3/dist-packages/setuptools/command/install.py:34: SetuptoolsDeprecationWarning: setup.py install is deprecated. Use build and pip and other standards-based tools.
  warnings.warn(
running install_lib
running install_data
running install_egg_info
removing '/home/juan/ros2_ws/install/Walle_pkg/lib/python3.10/site-packages/Walle_pkg-0.0.0-py3.10.egg-info' (and everything under it)
Copying ../build/Walle_pkg/Walle_pkg.egg-info to /home/juan/ros2_ws/install/Walle_pkg/lib/python3.10/site-packages/Walle_pkg-0.0.0-py3.10.egg-info
running install_scripts
Installing turtle_bot_teleop script to /home/juan/ros2_ws/install/Walle_pkg/lib/Walle_pkg
writing list of installed files to '/home/juan/ros2_ws/build/Walle_pkg/install.log'
