[1.477s] Invoking command in '/home/juan/ros2_ws/Walle_pkg': PYTHONPATH=/home/juan/ros2_ws/build/Walle_pkg/prefix_override:/home/juan/ros2_ws/install/Walle_pkg/lib/python3.10/site-packages:${PYTHONPATH} /usr/bin/python3 setup.py egg_info --egg-base ../build/Walle_pkg build --build-base /home/juan/ros2_ws/build/Walle_pkg/build install --record /home/juan/ros2_ws/build/Walle_pkg/install.log --single-version-externally-managed
[2.071s] running egg_info
[2.074s] writing ../build/Walle_pkg/Walle_pkg.egg-info/PKG-INFO
[2.074s] writing dependency_links to ../build/Walle_pkg/Walle_pkg.egg-info/dependency_links.txt
[2.074s] writing entry points to ../build/Walle_pkg/Walle_pkg.egg-info/entry_points.txt
[2.075s] writing requirements to ../build/Walle_pkg/Walle_pkg.egg-info/requires.txt
[2.075s] writing top-level names to ../build/Walle_pkg/Walle_pkg.egg-info/top_level.txt
[2.080s] reading manifest file '../build/Walle_pkg/Walle_pkg.egg-info/SOURCES.txt'
[2.083s] writing manifest file '../build/Walle_pkg/Walle_pkg.egg-info/SOURCES.txt'
[2.083s] running build
[2.083s] running build_py
[2.084s] running install
[2.084s] /usr/lib/python3/dist-packages/setuptools/command/install.py:34: SetuptoolsDeprecationWarning: setup.py install is deprecated. Use build and pip and other standards-based tools.
[2.085s]   warnings.warn(
[2.085s] running install_lib
[2.089s] running install_data
[2.091s] running install_egg_info
[2.094s] removing '/home/juan/ros2_ws/install/Walle_pkg/lib/python3.10/site-packages/Walle_pkg-0.0.0-py3.10.egg-info' (and everything under it)
[2.095s] Copying ../build/Walle_pkg/Walle_pkg.egg-info to /home/juan/ros2_ws/install/Walle_pkg/lib/python3.10/site-packages/Walle_pkg-0.0.0-py3.10.egg-info
[2.097s] running install_scripts
[2.141s] Installing turtle_bot_teleop script to /home/juan/ros2_ws/install/Walle_pkg/lib/Walle_pkg
[2.141s] writing list of installed files to '/home/juan/ros2_ws/build/Walle_pkg/install.log'
[2.204s] Invoked command in '/home/juan/ros2_ws/Walle_pkg' returned '0': PYTHONPATH=/home/juan/ros2_ws/build/Walle_pkg/prefix_override:/home/juan/ros2_ws/install/Walle_pkg/lib/python3.10/site-packages:${PYTHONPATH} /usr/bin/python3 setup.py egg_info --egg-base ../build/Walle_pkg build --build-base /home/juan/ros2_ws/build/Walle_pkg/build install --record /home/juan/ros2_ws/build/Walle_pkg/install.log --single-version-externally-managed
