[4.641s] Invoking command in '/home/juan/The_WALL-E_project/ros2_ws/src/walle_pkg': PYTHONPATH=/home/juan/The_WALL-E_project/ros2_ws/build/walle_pkg/prefix_override:/home/juan/The_WALL-E_project/ros2_ws/install/walle_pkg/lib/python3.10/site-packages:${PYTHONPATH} /usr/bin/python3 setup.py egg_info --egg-base ../../build/walle_pkg build --build-base /home/juan/The_WALL-E_project/ros2_ws/build/walle_pkg/build install --record /home/juan/The_WALL-E_project/ros2_ws/build/walle_pkg/install.log --single-version-externally-managed
[6.149s] running egg_info
[6.152s] writing ../../build/walle_pkg/walle_pkg.egg-info/PKG-INFO
[6.153s] writing dependency_links to ../../build/walle_pkg/walle_pkg.egg-info/dependency_links.txt
[6.154s] writing entry points to ../../build/walle_pkg/walle_pkg.egg-info/entry_points.txt
[6.155s] writing requirements to ../../build/walle_pkg/walle_pkg.egg-info/requires.txt
[6.156s] writing top-level names to ../../build/walle_pkg/walle_pkg.egg-info/top_level.txt
[6.165s] reading manifest file '../../build/walle_pkg/walle_pkg.egg-info/SOURCES.txt'
[6.170s] writing manifest file '../../build/walle_pkg/walle_pkg.egg-info/SOURCES.txt'
[6.170s] running build
[6.171s] running build_py
[6.173s] running install
[6.174s] /usr/lib/python3/dist-packages/setuptools/command/install.py:34: SetuptoolsDeprecationWarning: setup.py install is deprecated. Use build and pip and other standards-based tools.
[6.175s]   warnings.warn(
[6.175s] running install_lib
[6.184s] running install_data
[6.186s] running install_egg_info
[6.194s] removing '/home/juan/The_WALL-E_project/ros2_ws/install/walle_pkg/lib/python3.10/site-packages/walle_pkg-0.0.0-py3.10.egg-info' (and everything under it)
[6.196s] Copying ../../build/walle_pkg/walle_pkg.egg-info to /home/juan/The_WALL-E_project/ros2_ws/install/walle_pkg/lib/python3.10/site-packages/walle_pkg-0.0.0-py3.10.egg-info
[6.202s] running install_scripts
[6.317s] Installing turtle_bot_teleop = walle_pkg.turtle_bot_teleop:mainrobot_interface = robot_taller2.robot_interface:mainraspy_serial = walle_pkg.Raspy_serial:mainrobot_teleop = walle_pkg.robot_teleop:mainrobot_player = walle_pkg.robot_player:mainconnectionSerial script to /home/juan/The_WALL-E_project/ros2_ws/install/walle_pkg/lib/walle_pkg
[6.319s] writing list of installed files to '/home/juan/The_WALL-E_project/ros2_ws/build/walle_pkg/install.log'
[6.435s] Invoked command in '/home/juan/The_WALL-E_project/ros2_ws/src/walle_pkg' returned '0': PYTHONPATH=/home/juan/The_WALL-E_project/ros2_ws/build/walle_pkg/prefix_override:/home/juan/The_WALL-E_project/ros2_ws/install/walle_pkg/lib/python3.10/site-packages:${PYTHONPATH} /usr/bin/python3 setup.py egg_info --egg-base ../../build/walle_pkg build --build-base /home/juan/The_WALL-E_project/ros2_ws/build/walle_pkg/build install --record /home/juan/The_WALL-E_project/ros2_ws/build/walle_pkg/install.log --single-version-externally-managed
