[0.782s] DEBUG:colcon:Command line arguments: ['/usr/bin/colcon', 'build']
[0.783s] DEBUG:colcon:Parsed command line arguments: Namespace(log_base=None, log_level=None, verb_name='build', build_base='build', install_base='install', merge_install=False, symlink_install=False, test_result_base=None, continue_on_error=False, executor='parallel', parallel_workers=8, event_handlers=None, ignore_user_meta=False, metas=['./colcon.meta'], base_paths=['.'], packages_ignore=None, packages_ignore_regex=None, paths=None, packages_up_to=None, packages_up_to_regex=None, packages_above=None, packages_above_and_dependencies=None, packages_above_depth=None, packages_select_by_dep=None, packages_skip_by_dep=None, packages_skip_up_to=None, packages_select_build_failed=False, packages_skip_build_finished=False, packages_select_test_failures=False, packages_skip_test_passed=False, packages_select=None, packages_skip=None, packages_select_regex=None, packages_skip_regex=None, packages_start=None, packages_end=None, allow_overriding=[], cmake_args=None, cmake_target=None, cmake_target_skip_unavailable=False, cmake_clean_cache=False, cmake_clean_first=False, cmake_force_configure=False, ament_cmake_args=None, catkin_cmake_args=None, catkin_skip_building_tests=False, verb_parser=<colcon_defaults.argument_parser.defaults.DefaultArgumentsDecorator object at 0x7fc9095fb1c0>, verb_extension=<colcon_core.verb.build.BuildVerb object at 0x7fc909db02b0>, main=<bound method BuildVerb.main of <colcon_core.verb.build.BuildVerb object at 0x7fc909db02b0>>)
[0.843s] Level 1:colcon.colcon_core.package_discovery:discover_packages(colcon_meta) check parameters
[0.844s] Level 1:colcon.colcon_core.package_discovery:discover_packages(recursive) check parameters
[0.844s] Level 1:colcon.colcon_core.package_discovery:discover_packages(ignore) check parameters
[0.844s] Level 1:colcon.colcon_core.package_discovery:discover_packages(path) check parameters
[0.844s] Level 1:colcon.colcon_core.package_discovery:discover_packages(colcon_meta) discover
[0.844s] Level 1:colcon.colcon_core.package_discovery:discover_packages(recursive) discover
[0.844s] INFO:colcon.colcon_core.package_discovery:Crawling recursively for packages in '/home/juan/The_WALL-E_project/ros2_ws/src'
[0.844s] Level 1:colcon.colcon_core.package_identification:_identify(.) by extensions ['ignore', 'ignore_ament_install']
[0.844s] Level 1:colcon.colcon_core.package_identification:_identify(.) by extension 'ignore'
[0.844s] Level 1:colcon.colcon_core.package_identification:_identify(.) by extension 'ignore_ament_install'
[0.845s] Level 1:colcon.colcon_core.package_identification:_identify(.) by extensions ['colcon_pkg']
[0.845s] Level 1:colcon.colcon_core.package_identification:_identify(.) by extension 'colcon_pkg'
[0.845s] Level 1:colcon.colcon_core.package_identification:_identify(.) by extensions ['colcon_meta']
[0.845s] Level 1:colcon.colcon_core.package_identification:_identify(.) by extension 'colcon_meta'
[0.845s] Level 1:colcon.colcon_core.package_identification:_identify(.) by extensions ['ros']
[0.845s] Level 1:colcon.colcon_core.package_identification:_identify(.) by extension 'ros'
[0.869s] Level 1:colcon.colcon_core.package_identification:_identify(.) by extensions ['cmake', 'python']
[0.869s] Level 1:colcon.colcon_core.package_identification:_identify(.) by extension 'cmake'
[0.869s] Level 1:colcon.colcon_core.package_identification:_identify(.) by extension 'python'
[0.869s] Level 1:colcon.colcon_core.package_identification:_identify(.) by extensions ['python_setup_py']
[0.869s] Level 1:colcon.colcon_core.package_identification:_identify(.) by extension 'python_setup_py'
[0.870s] Level 1:colcon.colcon_core.package_identification:_identify(build) by extensions ['ignore', 'ignore_ament_install']
[0.870s] Level 1:colcon.colcon_core.package_identification:_identify(build) by extension 'ignore'
[0.870s] Level 1:colcon.colcon_core.package_identification:_identify(build) ignored
[0.870s] Level 1:colcon.colcon_core.package_identification:_identify(install) by extensions ['ignore', 'ignore_ament_install']
[0.870s] Level 1:colcon.colcon_core.package_identification:_identify(install) by extension 'ignore'
[0.870s] Level 1:colcon.colcon_core.package_identification:_identify(install) ignored
[0.871s] Level 1:colcon.colcon_core.package_identification:_identify(log) by extensions ['ignore', 'ignore_ament_install']
[0.871s] Level 1:colcon.colcon_core.package_identification:_identify(log) by extension 'ignore'
[0.871s] Level 1:colcon.colcon_core.package_identification:_identify(log) ignored
[0.871s] Level 1:colcon.colcon_core.package_identification:_identify(robot_taller2) by extensions ['ignore', 'ignore_ament_install']
[0.871s] Level 1:colcon.colcon_core.package_identification:_identify(robot_taller2) by extension 'ignore'
[0.871s] Level 1:colcon.colcon_core.package_identification:_identify(robot_taller2) by extension 'ignore_ament_install'
[0.871s] Level 1:colcon.colcon_core.package_identification:_identify(robot_taller2) by extensions ['colcon_pkg']
[0.872s] Level 1:colcon.colcon_core.package_identification:_identify(robot_taller2) by extension 'colcon_pkg'
[0.872s] Level 1:colcon.colcon_core.package_identification:_identify(robot_taller2) by extensions ['colcon_meta']
[0.872s] Level 1:colcon.colcon_core.package_identification:_identify(robot_taller2) by extension 'colcon_meta'
[0.872s] Level 1:colcon.colcon_core.package_identification:_identify(robot_taller2) by extensions ['ros']
[0.872s] Level 1:colcon.colcon_core.package_identification:_identify(robot_taller2) by extension 'ros'
[0.879s] DEBUG:colcon.colcon_core.package_identification:Package 'robot_taller2' with type 'ros.ament_python' and name 'robot_taller2'
[0.879s] Level 1:colcon.colcon_core.package_discovery:discover_packages(recursive) using defaults
[0.879s] Level 1:colcon.colcon_core.package_discovery:discover_packages(ignore) discover
[0.879s] Level 1:colcon.colcon_core.package_discovery:discover_packages(ignore) using defaults
[0.880s] Level 1:colcon.colcon_core.package_discovery:discover_packages(path) discover
[0.880s] Level 1:colcon.colcon_core.package_discovery:discover_packages(path) using defaults
[0.928s] Level 1:colcon.colcon_core.package_discovery:discover_packages(prefix_path) check parameters
[0.928s] Level 1:colcon.colcon_core.package_discovery:discover_packages(prefix_path) discover
[0.934s] DEBUG:colcon.colcon_installed_package_information.package_discovery:Found 2 installed packages in /home/juan/The_WALL-E_project/ros2_ws/install
[0.938s] DEBUG:colcon.colcon_installed_package_information.package_discovery:Found 284 installed packages in /opt/ros/humble
[0.941s] Level 1:colcon.colcon_core.package_discovery:discover_packages(prefix_path) using defaults
[1.084s] Level 5:colcon.colcon_core.verb:set package 'robot_taller2' build argument 'cmake_args' from command line to 'None'
[1.084s] Level 5:colcon.colcon_core.verb:set package 'robot_taller2' build argument 'cmake_target' from command line to 'None'
[1.084s] Level 5:colcon.colcon_core.verb:set package 'robot_taller2' build argument 'cmake_target_skip_unavailable' from command line to 'False'
[1.084s] Level 5:colcon.colcon_core.verb:set package 'robot_taller2' build argument 'cmake_clean_cache' from command line to 'False'
[1.084s] Level 5:colcon.colcon_core.verb:set package 'robot_taller2' build argument 'cmake_clean_first' from command line to 'False'
[1.084s] Level 5:colcon.colcon_core.verb:set package 'robot_taller2' build argument 'cmake_force_configure' from command line to 'False'
[1.084s] Level 5:colcon.colcon_core.verb:set package 'robot_taller2' build argument 'ament_cmake_args' from command line to 'None'
[1.084s] Level 5:colcon.colcon_core.verb:set package 'robot_taller2' build argument 'catkin_cmake_args' from command line to 'None'
[1.084s] Level 5:colcon.colcon_core.verb:set package 'robot_taller2' build argument 'catkin_skip_building_tests' from command line to 'False'
[1.084s] DEBUG:colcon.colcon_core.verb:Building package 'robot_taller2' with the following arguments: {'ament_cmake_args': None, 'build_base': '/home/juan/The_WALL-E_project/ros2_ws/src/build/robot_taller2', 'catkin_cmake_args': None, 'catkin_skip_building_tests': False, 'cmake_args': None, 'cmake_clean_cache': False, 'cmake_clean_first': False, 'cmake_force_configure': False, 'cmake_target': None, 'cmake_target_skip_unavailable': False, 'install_base': '/home/juan/The_WALL-E_project/ros2_ws/src/install/robot_taller2', 'merge_install': False, 'path': '/home/juan/The_WALL-E_project/ros2_ws/src/robot_taller2', 'symlink_install': False, 'test_result_base': None}
[1.086s] INFO:colcon.colcon_core.executor:Executing jobs using 'parallel' executor
[1.092s] DEBUG:colcon.colcon_parallel_executor.executor.parallel:run_until_complete
[1.092s] INFO:colcon.colcon_ros.task.ament_python.build:Building ROS package in '/home/juan/The_WALL-E_project/ros2_ws/src/robot_taller2' with build type 'ament_python'
[1.092s] Level 1:colcon.colcon_core.shell:create_environment_hook('robot_taller2', 'ament_prefix_path')
[1.102s] INFO:colcon.colcon_core.plugin_system:Skipping extension 'colcon_core.shell.bat': Not used on non-Windows systems
[1.103s] INFO:colcon.colcon_core.shell:Creating environment hook '/home/juan/The_WALL-E_project/ros2_ws/src/install/robot_taller2/share/robot_taller2/hook/ament_prefix_path.ps1'
[1.104s] INFO:colcon.colcon_core.shell:Creating environment descriptor '/home/juan/The_WALL-E_project/ros2_ws/src/install/robot_taller2/share/robot_taller2/hook/ament_prefix_path.dsv'
[1.105s] INFO:colcon.colcon_core.shell:Creating environment hook '/home/juan/The_WALL-E_project/ros2_ws/src/install/robot_taller2/share/robot_taller2/hook/ament_prefix_path.sh'
[1.111s] INFO:colcon.colcon_core.shell:Skip shell extension 'powershell' for command environment: Not usable outside of PowerShell
[1.111s] DEBUG:colcon.colcon_core.shell:Skip shell extension 'dsv' for command environment
[1.820s] INFO:colcon.colcon_core.task.python.build:Building Python package in '/home/juan/The_WALL-E_project/ros2_ws/src/robot_taller2'
[1.823s] INFO:colcon.colcon_core.shell:Skip shell extension 'powershell' for command environment: Not usable outside of PowerShell
[1.824s] DEBUG:colcon.colcon_core.shell:Skip shell extension 'dsv' for command environment
[2.704s] DEBUG:colcon.colcon_core.event_handler.log_command:Invoking command in '/home/juan/The_WALL-E_project/ros2_ws/src/robot_taller2': PYTHONPATH=/home/juan/The_WALL-E_project/ros2_ws/src/build/robot_taller2/prefix_override:/home/juan/The_WALL-E_project/ros2_ws/src/install/robot_taller2/lib/python3.10/site-packages:${PYTHONPATH} /usr/bin/python3 setup.py egg_info --egg-base ../build/robot_taller2 build --build-base /home/juan/The_WALL-E_project/ros2_ws/src/build/robot_taller2/build install --record /home/juan/The_WALL-E_project/ros2_ws/src/build/robot_taller2/install.log --single-version-externally-managed
[3.494s] DEBUG:colcon.colcon_core.event_handler.log_command:Invoked command in '/home/juan/The_WALL-E_project/ros2_ws/src/robot_taller2' returned '0': PYTHONPATH=/home/juan/The_WALL-E_project/ros2_ws/src/build/robot_taller2/prefix_override:/home/juan/The_WALL-E_project/ros2_ws/src/install/robot_taller2/lib/python3.10/site-packages:${PYTHONPATH} /usr/bin/python3 setup.py egg_info --egg-base ../build/robot_taller2 build --build-base /home/juan/The_WALL-E_project/ros2_ws/src/build/robot_taller2/build install --record /home/juan/The_WALL-E_project/ros2_ws/src/build/robot_taller2/install.log --single-version-externally-managed
[3.501s] Level 1:colcon.colcon_core.environment:checking '/home/juan/The_WALL-E_project/ros2_ws/src/install/robot_taller2' for CMake module files
[3.502s] Level 1:colcon.colcon_core.environment:checking '/home/juan/The_WALL-E_project/ros2_ws/src/install/robot_taller2' for CMake config files
[3.504s] Level 1:colcon.colcon_core.environment:checking '/home/juan/The_WALL-E_project/ros2_ws/src/install/robot_taller2/lib'
[3.504s] Level 1:colcon.colcon_core.environment:checking '/home/juan/The_WALL-E_project/ros2_ws/src/install/robot_taller2/bin'
[3.504s] Level 1:colcon.colcon_core.environment:checking '/home/juan/The_WALL-E_project/ros2_ws/src/install/robot_taller2/lib/pkgconfig/robot_taller2.pc'
[3.505s] Level 1:colcon.colcon_core.environment:checking '/home/juan/The_WALL-E_project/ros2_ws/src/install/robot_taller2/lib/python3.10/site-packages'
[3.505s] Level 1:colcon.colcon_core.shell:create_environment_hook('robot_taller2', 'pythonpath')
[3.507s] INFO:colcon.colcon_core.shell:Creating environment hook '/home/juan/The_WALL-E_project/ros2_ws/src/install/robot_taller2/share/robot_taller2/hook/pythonpath.ps1'
[3.509s] INFO:colcon.colcon_core.shell:Creating environment descriptor '/home/juan/The_WALL-E_project/ros2_ws/src/install/robot_taller2/share/robot_taller2/hook/pythonpath.dsv'
[3.509s] INFO:colcon.colcon_core.shell:Creating environment hook '/home/juan/The_WALL-E_project/ros2_ws/src/install/robot_taller2/share/robot_taller2/hook/pythonpath.sh'
[3.510s] Level 1:colcon.colcon_core.environment:checking '/home/juan/The_WALL-E_project/ros2_ws/src/install/robot_taller2/bin'
[3.510s] Level 1:colcon.colcon_core.environment:create_environment_scripts_only(robot_taller2)
[3.513s] INFO:colcon.colcon_core.shell:Creating package script '/home/juan/The_WALL-E_project/ros2_ws/src/install/robot_taller2/share/robot_taller2/package.ps1'
[3.515s] INFO:colcon.colcon_core.shell:Creating package descriptor '/home/juan/The_WALL-E_project/ros2_ws/src/install/robot_taller2/share/robot_taller2/package.dsv'
[3.517s] INFO:colcon.colcon_core.shell:Creating package script '/home/juan/The_WALL-E_project/ros2_ws/src/install/robot_taller2/share/robot_taller2/package.sh'
[3.519s] INFO:colcon.colcon_core.shell:Creating package script '/home/juan/The_WALL-E_project/ros2_ws/src/install/robot_taller2/share/robot_taller2/package.bash'
[3.522s] INFO:colcon.colcon_core.shell:Creating package script '/home/juan/The_WALL-E_project/ros2_ws/src/install/robot_taller2/share/robot_taller2/package.zsh'
[3.524s] Level 1:colcon.colcon_core.environment:create_file_with_runtime_dependencies(/home/juan/The_WALL-E_project/ros2_ws/src/install/robot_taller2/share/colcon-core/packages/robot_taller2)
[3.525s] DEBUG:colcon.colcon_parallel_executor.executor.parallel:closing loop
[3.527s] DEBUG:colcon.colcon_parallel_executor.executor.parallel:loop closed
[3.527s] DEBUG:colcon.colcon_parallel_executor.executor.parallel:run_until_complete finished with '0'
[3.527s] DEBUG:colcon.colcon_core.event_reactor:joining thread
[3.548s] INFO:colcon.colcon_core.plugin_system:Skipping extension 'colcon_notification.desktop_notification.terminal_notifier': Not used on non-Darwin systems
[3.549s] INFO:colcon.colcon_core.plugin_system:Skipping extension 'colcon_notification.desktop_notification.win32': Not used on non-Windows systems
[3.549s] INFO:colcon.colcon_notification.desktop_notification:Sending desktop notification using 'notify2'
[3.580s] DEBUG:colcon.colcon_core.event_reactor:joined thread
[3.585s] INFO:colcon.colcon_core.shell:Creating prefix script '/home/juan/The_WALL-E_project/ros2_ws/src/install/local_setup.ps1'
[3.588s] INFO:colcon.colcon_core.shell:Creating prefix util module '/home/juan/The_WALL-E_project/ros2_ws/src/install/_local_setup_util_ps1.py'
[3.592s] INFO:colcon.colcon_core.shell:Creating prefix chain script '/home/juan/The_WALL-E_project/ros2_ws/src/install/setup.ps1'
[3.596s] INFO:colcon.colcon_core.shell:Creating prefix script '/home/juan/The_WALL-E_project/ros2_ws/src/install/local_setup.sh'
[3.597s] INFO:colcon.colcon_core.shell:Creating prefix util module '/home/juan/The_WALL-E_project/ros2_ws/src/install/_local_setup_util_sh.py'
[3.599s] INFO:colcon.colcon_core.shell:Creating prefix chain script '/home/juan/The_WALL-E_project/ros2_ws/src/install/setup.sh'
[3.602s] INFO:colcon.colcon_core.shell:Creating prefix script '/home/juan/The_WALL-E_project/ros2_ws/src/install/local_setup.bash'
[3.604s] INFO:colcon.colcon_core.shell:Creating prefix chain script '/home/juan/The_WALL-E_project/ros2_ws/src/install/setup.bash'
[3.607s] INFO:colcon.colcon_core.shell:Creating prefix script '/home/juan/The_WALL-E_project/ros2_ws/src/install/local_setup.zsh'
[3.608s] INFO:colcon.colcon_core.shell:Creating prefix chain script '/home/juan/The_WALL-E_project/ros2_ws/src/install/setup.zsh'
