running egg_info
writing ../../build/robot_taller2/robot_taller2.egg-info/PKG-INFO
writing dependency_links to ../../build/robot_taller2/robot_taller2.egg-info/dependency_links.txt
writing entry points to ../../build/robot_taller2/robot_taller2.egg-info/entry_points.txt
writing requirements to ../../build/robot_taller2/robot_taller2.egg-info/requires.txt
writing top-level names to ../../build/robot_taller2/robot_taller2.egg-info/top_level.txt
writing manifest file '../../build/robot_taller2/robot_taller2.egg-info/SOURCES.txt'
reading manifest file '../../build/robot_taller2/robot_taller2.egg-info/SOURCES.txt'
writing manifest file '../../build/robot_taller2/robot_taller2.egg-info/SOURCES.txt'
running build
running build_py
copying robot_taller2/__init__.py -> /home/juan/The_WALL-E_project/ros2_ws/build/robot_taller2/build/lib/robot_taller2
copying robot_taller2/robot_player.py -> /home/juan/The_WALL-E_project/ros2_ws/build/robot_taller2/build/lib/robot_taller2
copying robot_taller2/robot_teleop.py -> /home/juan/The_WALL-E_project/ros2_ws/build/robot_taller2/build/lib/robot_taller2
copying robot_taller2/Raspy_serial.py -> /home/juan/The_WALL-E_project/ros2_ws/build/robot_taller2/build/lib/robot_taller2
copying robot_taller2/robot_interface.py -> /home/juan/The_WALL-E_project/ros2_ws/build/robot_taller2/build/lib/robot_taller2
running install
/usr/lib/python3/dist-packages/setuptools/command/install.py:34: SetuptoolsDeprecationWarning: setup.py install is deprecated. Use build and pip and other standards-based tools.
  warnings.warn(
running install_lib
copying /home/juan/The_WALL-E_project/ros2_ws/build/robot_taller2/build/lib/robot_taller2/__init__.py -> /home/juan/The_WALL-E_project/ros2_ws/install/robot_taller2/lib/python3.10/site-packages/robot_taller2
copying /home/juan/The_WALL-E_project/ros2_ws/build/robot_taller2/build/lib/robot_taller2/robot_player.py -> /home/juan/The_WALL-E_project/ros2_ws/install/robot_taller2/lib/python3.10/site-packages/robot_taller2
copying /home/juan/The_WALL-E_project/ros2_ws/build/robot_taller2/build/lib/robot_taller2/robot_teleop.py -> /home/juan/The_WALL-E_project/ros2_ws/install/robot_taller2/lib/python3.10/site-packages/robot_taller2
copying /home/juan/The_WALL-E_project/ros2_ws/build/robot_taller2/build/lib/robot_taller2/Raspy_serial.py -> /home/juan/The_WALL-E_project/ros2_ws/install/robot_taller2/lib/python3.10/site-packages/robot_taller2
copying /home/juan/The_WALL-E_project/ros2_ws/build/robot_taller2/build/lib/robot_taller2/robot_interface.py -> /home/juan/The_WALL-E_project/ros2_ws/install/robot_taller2/lib/python3.10/site-packages/robot_taller2
byte-compiling /home/juan/The_WALL-E_project/ros2_ws/install/robot_taller2/lib/python3.10/site-packages/robot_taller2/__init__.py to __init__.cpython-310.pyc
byte-compiling /home/juan/The_WALL-E_project/ros2_ws/install/robot_taller2/lib/python3.10/site-packages/robot_taller2/robot_player.py to robot_player.cpython-310.pyc
byte-compiling /home/juan/The_WALL-E_project/ros2_ws/install/robot_taller2/lib/python3.10/site-packages/robot_taller2/robot_teleop.py to robot_teleop.cpython-310.pyc
byte-compiling /home/juan/The_WALL-E_project/ros2_ws/install/robot_taller2/lib/python3.10/site-packages/robot_taller2/Raspy_serial.py to Raspy_serial.cpython-310.pyc
byte-compiling /home/juan/The_WALL-E_project/ros2_ws/install/robot_taller2/lib/python3.10/site-packages/robot_taller2/robot_interface.py to robot_interface.cpython-310.pyc
running install_data
copying resource/robot_taller2 -> /home/juan/The_WALL-E_project/ros2_ws/install/robot_taller2/share/ament_index/resource_index/packages
copying package.xml -> /home/juan/The_WALL-E_project/ros2_ws/install/robot_taller2/share/robot_taller2
running install_egg_info
removing '/home/juan/The_WALL-E_project/ros2_ws/install/robot_taller2/lib/python3.10/site-packages/robot_taller2-0.0.0-py3.10.egg-info' (and everything under it)
Copying ../../build/robot_taller2/robot_taller2.egg-info to /home/juan/The_WALL-E_project/ros2_ws/install/robot_taller2/lib/python3.10/site-packages/robot_taller2-0.0.0-py3.10.egg-info
running install_scripts
Installing robot_interface = robot_taller2.robot_interface:mainraspy_serial = robot_taller2.Raspy_serial:mainrobot_teleop = robot_taller2.robot_teleop:mainrobot_player script to /home/juan/The_WALL-E_project/ros2_ws/install/robot_taller2/lib/robot_taller2
writing list of installed files to '/home/juan/The_WALL-E_project/ros2_ws/build/robot_taller2/install.log'
