/home/juan/The_WALL-E_project/ros2_ws/install/walle_pkg/lib/python3.10/site-packages/walle_pkg/__init__.py
/home/juan/The_WALL-E_project/ros2_ws/install/walle_pkg/lib/python3.10/site-packages/walle_pkg/walle_interface.py
/home/juan/The_WALL-E_project/ros2_ws/install/walle_pkg/lib/python3.10/site-packages/walle_pkg/robot_player.py
/home/juan/The_WALL-E_project/ros2_ws/install/walle_pkg/lib/python3.10/site-packages/walle_pkg/robot_teleop.py
/home/juan/The_WALL-E_project/ros2_ws/install/walle_pkg/lib/python3.10/site-packages/walle_pkg/my_node.py
/home/juan/The_WALL-E_project/ros2_ws/install/walle_pkg/lib/python3.10/site-packages/walle_pkg/Raspy_serial.py
/home/juan/The_WALL-E_project/ros2_ws/install/walle_pkg/lib/python3.10/site-packages/walle_pkg/turtle_bot_teleop.py
/home/juan/The_WALL-E_project/ros2_ws/install/walle_pkg/lib/python3.10/site-packages/walle_pkg/connection_serial.py
/home/juan/The_WALL-E_project/ros2_ws/install/walle_pkg/lib/python3.10/site-packages/walle_pkg/robot_interface.py
/home/juan/The_WALL-E_project/ros2_ws/install/walle_pkg/lib/python3.10/site-packages/walle_pkg/__pycache__/__init__.cpython-310.pyc
/home/juan/The_WALL-E_project/ros2_ws/install/walle_pkg/lib/python3.10/site-packages/walle_pkg/__pycache__/walle_interface.cpython-310.pyc
/home/juan/The_WALL-E_project/ros2_ws/install/walle_pkg/lib/python3.10/site-packages/walle_pkg/__pycache__/robot_player.cpython-310.pyc
/home/juan/The_WALL-E_project/ros2_ws/install/walle_pkg/lib/python3.10/site-packages/walle_pkg/__pycache__/robot_teleop.cpython-310.pyc
/home/juan/The_WALL-E_project/ros2_ws/install/walle_pkg/lib/python3.10/site-packages/walle_pkg/__pycache__/my_node.cpython-310.pyc
/home/juan/The_WALL-E_project/ros2_ws/install/walle_pkg/lib/python3.10/site-packages/walle_pkg/__pycache__/Raspy_serial.cpython-310.pyc
/home/juan/The_WALL-E_project/ros2_ws/install/walle_pkg/lib/python3.10/site-packages/walle_pkg/__pycache__/turtle_bot_teleop.cpython-310.pyc
/home/juan/The_WALL-E_project/ros2_ws/install/walle_pkg/lib/python3.10/site-packages/walle_pkg/__pycache__/connection_serial.cpython-310.pyc
/home/juan/The_WALL-E_project/ros2_ws/install/walle_pkg/lib/python3.10/site-packages/walle_pkg/__pycache__/robot_interface.cpython-310.pyc
/home/juan/The_WALL-E_project/ros2_ws/install/walle_pkg/share/ament_index/resource_index/packages/walle_pkg
/home/juan/The_WALL-E_project/ros2_ws/install/walle_pkg/share/walle_pkg/package.xml
/home/juan/The_WALL-E_project/ros2_ws/install/walle_pkg/lib/python3.10/site-packages/walle_pkg-0.0.0-py3.10.egg-info/entry_points.txt
/home/juan/The_WALL-E_project/ros2_ws/install/walle_pkg/lib/python3.10/site-packages/walle_pkg-0.0.0-py3.10.egg-info/requires.txt
/home/juan/The_WALL-E_project/ros2_ws/install/walle_pkg/lib/python3.10/site-packages/walle_pkg-0.0.0-py3.10.egg-info/dependency_links.txt
/home/juan/The_WALL-E_project/ros2_ws/install/walle_pkg/lib/python3.10/site-packages/walle_pkg-0.0.0-py3.10.egg-info/top_level.txt
/home/juan/The_WALL-E_project/ros2_ws/install/walle_pkg/lib/python3.10/site-packages/walle_pkg-0.0.0-py3.10.egg-info/zip-safe
/home/juan/The_WALL-E_project/ros2_ws/install/walle_pkg/lib/python3.10/site-packages/walle_pkg-0.0.0-py3.10.egg-info/PKG-INFO
/home/juan/The_WALL-E_project/ros2_ws/install/walle_pkg/lib/python3.10/site-packages/walle_pkg-0.0.0-py3.10.egg-info/SOURCES.txt
/home/juan/The_WALL-E_project/ros2_ws/install/walle_pkg/lib/walle_pkg/Raspy_serial
/home/juan/The_WALL-E_project/ros2_ws/install/walle_pkg/lib/walle_pkg/connection_serial
/home/juan/The_WALL-E_project/ros2_ws/install/walle_pkg/lib/walle_pkg/robot_interface
/home/juan/The_WALL-E_project/ros2_ws/install/walle_pkg/lib/walle_pkg/robot_player
/home/juan/The_WALL-E_project/ros2_ws/install/walle_pkg/lib/walle_pkg/robot_teleop
/home/juan/The_WALL-E_project/ros2_ws/install/walle_pkg/lib/walle_pkg/turtle_bot_teleop
/home/juan/The_WALL-E_project/ros2_ws/install/walle_pkg/lib/walle_pkg/walle_interface
