[2.090s] Invoking command in '/home/juan/The_WALL-E_project/ros2_ws/src/walle_pkg': PYTHONPATH=/home/juan/The_WALL-E_project/ros2_ws/build/walle_pkg/prefix_override:/home/juan/The_WALL-E_project/ros2_ws/install/walle_pkg/lib/python3.10/site-packages:${PYTHONPATH} /usr/bin/python3 setup.py egg_info --egg-base ../../build/walle_pkg build --build-base /home/juan/The_WALL-E_project/ros2_ws/build/walle_pkg/build install --record /home/juan/The_WALL-E_project/ros2_ws/build/walle_pkg/install.log --single-version-externally-managed
[2.461s] running egg_info
[2.461s] writing ../../build/walle_pkg/walle_pkg.egg-info/PKG-INFO
[2.462s] writing dependency_links to ../../build/walle_pkg/walle_pkg.egg-info/dependency_links.txt
[2.462s] writing entry points to ../../build/walle_pkg/walle_pkg.egg-info/entry_points.txt
[2.462s] writing requirements to ../../build/walle_pkg/walle_pkg.egg-info/requires.txt
[2.462s] writing top-level names to ../../build/walle_pkg/walle_pkg.egg-info/top_level.txt
[2.464s] reading manifest file '../../build/walle_pkg/walle_pkg.egg-info/SOURCES.txt'
[2.465s] writing manifest file '../../build/walle_pkg/walle_pkg.egg-info/SOURCES.txt'
[2.465s] running build
[2.465s] running build_py
[2.466s] running install
[2.466s] /usr/lib/python3/dist-packages/setuptools/command/install.py:34: SetuptoolsDeprecationWarning: setup.py install is deprecated. Use build and pip and other standards-based tools.
[2.466s]   warnings.warn(
[2.466s] running install_lib
[2.468s] running install_data
[2.468s] copying package.xml -> /home/juan/The_WALL-E_project/ros2_ws/install/walle_pkg/share/walle_pkg
[2.469s] running install_egg_info
[2.470s] removing '/home/juan/The_WALL-E_project/ros2_ws/install/walle_pkg/lib/python3.10/site-packages/walle_pkg-0.0.0-py3.10.egg-info' (and everything under it)
[2.470s] Copying ../../build/walle_pkg/walle_pkg.egg-info to /home/juan/The_WALL-E_project/ros2_ws/install/walle_pkg/lib/python3.10/site-packages/walle_pkg-0.0.0-py3.10.egg-info
[2.471s] running install_scripts
[2.492s] Installing Raspy_serial script to /home/juan/The_WALL-E_project/ros2_ws/install/walle_pkg/lib/walle_pkg
[2.492s] Installing connection_serial script to /home/juan/The_WALL-E_project/ros2_ws/install/walle_pkg/lib/walle_pkg
[2.492s] Installing robot_interface script to /home/juan/The_WALL-E_project/ros2_ws/install/walle_pkg/lib/walle_pkg
[2.492s] Installing robot_player script to /home/juan/The_WALL-E_project/ros2_ws/install/walle_pkg/lib/walle_pkg
[2.493s] Installing robot_teleop script to /home/juan/The_WALL-E_project/ros2_ws/install/walle_pkg/lib/walle_pkg
[2.493s] Installing turtle_bot_teleop script to /home/juan/The_WALL-E_project/ros2_ws/install/walle_pkg/lib/walle_pkg
[2.493s] Installing walle_interface script to /home/juan/The_WALL-E_project/ros2_ws/install/walle_pkg/lib/walle_pkg
[2.493s] writing list of installed files to '/home/juan/The_WALL-E_project/ros2_ws/build/walle_pkg/install.log'
[2.546s] Invoked command in '/home/juan/The_WALL-E_project/ros2_ws/src/walle_pkg' returned '0': PYTHONPATH=/home/juan/The_WALL-E_project/ros2_ws/build/walle_pkg/prefix_override:/home/juan/The_WALL-E_project/ros2_ws/install/walle_pkg/lib/python3.10/site-packages:${PYTHONPATH} /usr/bin/python3 setup.py egg_info --egg-base ../../build/walle_pkg build --build-base /home/juan/The_WALL-E_project/ros2_ws/build/walle_pkg/build install --record /home/juan/The_WALL-E_project/ros2_ws/build/walle_pkg/install.log --single-version-externally-managed
