[1.608s] Invoking command in '/home/juan/The_WALL-E_project/ros2_ws/src/robot_taller2': PYTHONPATH=/home/juan/The_WALL-E_project/ros2_ws/src/build/robot_taller2/prefix_override:/home/juan/The_WALL-E_project/ros2_ws/src/install/robot_taller2/lib/python3.10/site-packages:${PYTHONPATH} /usr/bin/python3 setup.py egg_info --egg-base ../build/robot_taller2 build --build-base /home/juan/The_WALL-E_project/ros2_ws/src/build/robot_taller2/build install --record /home/juan/The_WALL-E_project/ros2_ws/src/build/robot_taller2/install.log --single-version-externally-managed
[2.269s] running egg_info
[2.270s] creating ../build/robot_taller2/robot_taller2.egg-info
[2.270s] writing ../build/robot_taller2/robot_taller2.egg-info/PKG-INFO
[2.271s] writing dependency_links to ../build/robot_taller2/robot_taller2.egg-info/dependency_links.txt
[2.271s] writing entry points to ../build/robot_taller2/robot_taller2.egg-info/entry_points.txt
[2.271s] writing requirements to ../build/robot_taller2/robot_taller2.egg-info/requires.txt
[2.272s] writing top-level names to ../build/robot_taller2/robot_taller2.egg-info/top_level.txt
[2.272s] writing manifest file '../build/robot_taller2/robot_taller2.egg-info/SOURCES.txt'
[2.276s] reading manifest file '../build/robot_taller2/robot_taller2.egg-info/SOURCES.txt'
[2.277s] writing manifest file '../build/robot_taller2/robot_taller2.egg-info/SOURCES.txt'
[2.278s] running build
[2.278s] running build_py
[2.278s] creating /home/juan/The_WALL-E_project/ros2_ws/src/build/robot_taller2/build
[2.279s] creating /home/juan/The_WALL-E_project/ros2_ws/src/build/robot_taller2/build/lib
[2.279s] creating /home/juan/The_WALL-E_project/ros2_ws/src/build/robot_taller2/build/lib/robot_taller2
[2.279s] copying robot_taller2/__init__.py -> /home/juan/The_WALL-E_project/ros2_ws/src/build/robot_taller2/build/lib/robot_taller2
[2.279s] copying robot_taller2/robot_player.py -> /home/juan/The_WALL-E_project/ros2_ws/src/build/robot_taller2/build/lib/robot_taller2
[2.279s] copying robot_taller2/robot_teleop.py -> /home/juan/The_WALL-E_project/ros2_ws/src/build/robot_taller2/build/lib/robot_taller2
[2.280s] copying robot_taller2/Raspy_serial.py -> /home/juan/The_WALL-E_project/ros2_ws/src/build/robot_taller2/build/lib/robot_taller2
[2.280s] copying robot_taller2/robot_interface.py -> /home/juan/The_WALL-E_project/ros2_ws/src/build/robot_taller2/build/lib/robot_taller2
[2.280s] running install
[2.280s] /usr/lib/python3/dist-packages/setuptools/command/install.py:34: SetuptoolsDeprecationWarning: setup.py install is deprecated. Use build and pip and other standards-based tools.
[2.280s]   warnings.warn(
[2.280s] running install_lib
[2.282s] creating /home/juan/The_WALL-E_project/ros2_ws/src/install/robot_taller2/lib/python3.10/site-packages/robot_taller2
[2.282s] copying /home/juan/The_WALL-E_project/ros2_ws/src/build/robot_taller2/build/lib/robot_taller2/__init__.py -> /home/juan/The_WALL-E_project/ros2_ws/src/install/robot_taller2/lib/python3.10/site-packages/robot_taller2
[2.283s] copying /home/juan/The_WALL-E_project/ros2_ws/src/build/robot_taller2/build/lib/robot_taller2/robot_player.py -> /home/juan/The_WALL-E_project/ros2_ws/src/install/robot_taller2/lib/python3.10/site-packages/robot_taller2
[2.283s] copying /home/juan/The_WALL-E_project/ros2_ws/src/build/robot_taller2/build/lib/robot_taller2/robot_teleop.py -> /home/juan/The_WALL-E_project/ros2_ws/src/install/robot_taller2/lib/python3.10/site-packages/robot_taller2
[2.283s] copying /home/juan/The_WALL-E_project/ros2_ws/src/build/robot_taller2/build/lib/robot_taller2/Raspy_serial.py -> /home/juan/The_WALL-E_project/ros2_ws/src/install/robot_taller2/lib/python3.10/site-packages/robot_taller2
[2.283s] copying /home/juan/The_WALL-E_project/ros2_ws/src/build/robot_taller2/build/lib/robot_taller2/robot_interface.py -> /home/juan/The_WALL-E_project/ros2_ws/src/install/robot_taller2/lib/python3.10/site-packages/robot_taller2
[2.284s] byte-compiling /home/juan/The_WALL-E_project/ros2_ws/src/install/robot_taller2/lib/python3.10/site-packages/robot_taller2/__init__.py to __init__.cpython-310.pyc
[2.285s] byte-compiling /home/juan/The_WALL-E_project/ros2_ws/src/install/robot_taller2/lib/python3.10/site-packages/robot_taller2/robot_player.py to robot_player.cpython-310.pyc
[2.286s] byte-compiling /home/juan/The_WALL-E_project/ros2_ws/src/install/robot_taller2/lib/python3.10/site-packages/robot_taller2/robot_teleop.py to robot_teleop.cpython-310.pyc
[2.288s] byte-compiling /home/juan/The_WALL-E_project/ros2_ws/src/install/robot_taller2/lib/python3.10/site-packages/robot_taller2/Raspy_serial.py to Raspy_serial.cpython-310.pyc
[2.288s] byte-compiling /home/juan/The_WALL-E_project/ros2_ws/src/install/robot_taller2/lib/python3.10/site-packages/robot_taller2/robot_interface.py to robot_interface.cpython-310.pyc
[2.292s] running install_data
[2.293s] creating /home/juan/The_WALL-E_project/ros2_ws/src/install/robot_taller2/share/ament_index
[2.294s] creating /home/juan/The_WALL-E_project/ros2_ws/src/install/robot_taller2/share/ament_index/resource_index
[2.294s] creating /home/juan/The_WALL-E_project/ros2_ws/src/install/robot_taller2/share/ament_index/resource_index/packages
[2.294s] copying resource/robot_taller2 -> /home/juan/The_WALL-E_project/ros2_ws/src/install/robot_taller2/share/ament_index/resource_index/packages
[2.294s] copying package.xml -> /home/juan/The_WALL-E_project/ros2_ws/src/install/robot_taller2/share/robot_taller2
[2.294s] running install_egg_info
[2.297s] Copying ../build/robot_taller2/robot_taller2.egg-info to /home/juan/The_WALL-E_project/ros2_ws/src/install/robot_taller2/lib/python3.10/site-packages/robot_taller2-0.0.0-py3.10.egg-info
[2.299s] running install_scripts
[2.350s] Installing robot_interface = robot_taller2.robot_interface:mainraspy_serial = robot_taller2.Raspy_serial:mainrobot_teleop = robot_taller2.robot_teleop:mainrobot_player script to /home/juan/The_WALL-E_project/ros2_ws/src/install/robot_taller2/lib/robot_taller2
[2.350s] writing list of installed files to '/home/juan/The_WALL-E_project/ros2_ws/src/build/robot_taller2/install.log'
[2.398s] Invoked command in '/home/juan/The_WALL-E_project/ros2_ws/src/robot_taller2' returned '0': PYTHONPATH=/home/juan/The_WALL-E_project/ros2_ws/src/build/robot_taller2/prefix_override:/home/juan/The_WALL-E_project/ros2_ws/src/install/robot_taller2/lib/python3.10/site-packages:${PYTHONPATH} /usr/bin/python3 setup.py egg_info --egg-base ../build/robot_taller2 build --build-base /home/juan/The_WALL-E_project/ros2_ws/src/build/robot_taller2/build install --record /home/juan/The_WALL-E_project/ros2_ws/src/build/robot_taller2/install.log --single-version-externally-managed
