[1.570s] Invoking command in '/home/juan/The_WALL-E_project/ros2_ws/src/walle_pkg': PYTHONPATH=/home/juan/The_WALL-E_project/ros2_ws/build/walle_pkg/prefix_override:/home/juan/The_WALL-E_project/ros2_ws/install/walle_pkg/lib/python3.10/site-packages:${PYTHONPATH} /usr/bin/python3 setup.py egg_info --egg-base ../../build/walle_pkg build --build-base /home/juan/The_WALL-E_project/ros2_ws/build/walle_pkg/build install --record /home/juan/The_WALL-E_project/ros2_ws/build/walle_pkg/install.log --single-version-externally-managed
[2.198s] running egg_info
[2.199s] writing ../../build/walle_pkg/walle_pkg.egg-info/PKG-INFO
[2.200s] writing dependency_links to ../../build/walle_pkg/walle_pkg.egg-info/dependency_links.txt
[2.200s] writing entry points to ../../build/walle_pkg/walle_pkg.egg-info/entry_points.txt
[2.200s] writing requirements to ../../build/walle_pkg/walle_pkg.egg-info/requires.txt
[2.201s] writing top-level names to ../../build/walle_pkg/walle_pkg.egg-info/top_level.txt
[2.204s] reading manifest file '../../build/walle_pkg/walle_pkg.egg-info/SOURCES.txt'
[2.207s] writing manifest file '../../build/walle_pkg/walle_pkg.egg-info/SOURCES.txt'
[2.207s] running build
[2.207s] running build_py
[2.208s] running install
[2.209s] /usr/lib/python3/dist-packages/setuptools/command/install.py:34: SetuptoolsDeprecationWarning: setup.py install is deprecated. Use build and pip and other standards-based tools.
[2.209s]   warnings.warn(
[2.209s] running install_lib
[2.213s] running install_data
[2.215s] running install_egg_info
[2.220s] removing '/home/juan/The_WALL-E_project/ros2_ws/install/walle_pkg/lib/python3.10/site-packages/walle_pkg-0.0.0-py3.10.egg-info' (and everything under it)
[2.221s] Copying ../../build/walle_pkg/walle_pkg.egg-info to /home/juan/The_WALL-E_project/ros2_ws/install/walle_pkg/lib/python3.10/site-packages/walle_pkg-0.0.0-py3.10.egg-info
[2.224s] running install_scripts
[2.268s] Installing my_node = walle_pkg.my_node:mainrobot_interface = robot_taller2.robot_interface:mainraspy_serial = walle_pkg.Raspy_serial:mainrobot_teleop = walle_pkg.robot_teleop:mainrobot_player = walle_pkg.robot_player:mainturtle_bot_teleop = walle_pkg.turtle_bot_teleopconnectionSerial script to /home/juan/The_WALL-E_project/ros2_ws/install/walle_pkg/lib/walle_pkg
[2.269s] error: [Errno 36] File name too long: '/home/juan/The_WALL-E_project/ros2_ws/install/walle_pkg/lib/walle_pkg/my_node = walle_pkg.my_node:mainrobot_interface = robot_taller2.robot_interface:mainraspy_serial = walle_pkg.Raspy_serial:mainrobot_teleop = walle_pkg.robot_teleop:mainrobot_player = walle_pkg.robot_player:mainturtle_bot_teleop = walle_pkg.turtle_bot_teleopconnectionSerial'
[2.309s] Invoked command in '/home/juan/The_WALL-E_project/ros2_ws/src/walle_pkg' returned '1': PYTHONPATH=/home/juan/The_WALL-E_project/ros2_ws/build/walle_pkg/prefix_override:/home/juan/The_WALL-E_project/ros2_ws/install/walle_pkg/lib/python3.10/site-packages:${PYTHONPATH} /usr/bin/python3 setup.py egg_info --egg-base ../../build/walle_pkg build --build-base /home/juan/The_WALL-E_project/ros2_ws/build/walle_pkg/build install --record /home/juan/The_WALL-E_project/ros2_ws/build/walle_pkg/install.log --single-version-externally-managed
