running egg_info
creating ../build/Walle_pkg/Walle_pkg.egg-info
writing ../build/Walle_pkg/Walle_pkg.egg-info/PKG-INFO
writing dependency_links to ../build/Walle_pkg/Walle_pkg.egg-info/dependency_links.txt
writing entry points to ../build/Walle_pkg/Walle_pkg.egg-info/entry_points.txt
writing requirements to ../build/Walle_pkg/Walle_pkg.egg-info/requires.txt
writing top-level names to ../build/Walle_pkg/Walle_pkg.egg-info/top_level.txt
writing manifest file '../build/Walle_pkg/Walle_pkg.egg-info/SOURCES.txt'
reading manifest file '../build/Walle_pkg/Walle_pkg.egg-info/SOURCES.txt'
writing manifest file '../build/Walle_pkg/Walle_pkg.egg-info/SOURCES.txt'
running build
running build_py
creating /home/juan/ros2_ws/build/Walle_pkg/build
creating /home/juan/ros2_ws/build/Walle_pkg/build/lib
creating /home/juan/ros2_ws/build/Walle_pkg/build/lib/Walle_pkg
copying Walle_pkg/__init__.py -> /home/juan/ros2_ws/build/Walle_pkg/build/lib/Walle_pkg
copying Walle_pkg/turtle_bot_teleop.py -> /home/juan/ros2_ws/build/Walle_pkg/build/lib/Walle_pkg
running install
/usr/lib/python3/dist-packages/setuptools/command/install.py:34: SetuptoolsDeprecationWarning: setup.py install is deprecated. Use build and pip and other standards-based tools.
  warnings.warn(
running install_lib
creating /home/juan/ros2_ws/install/Walle_pkg/lib/python3.10/site-packages/Walle_pkg
copying /home/juan/ros2_ws/build/Walle_pkg/build/lib/Walle_pkg/__init__.py -> /home/juan/ros2_ws/install/Walle_pkg/lib/python3.10/site-packages/Walle_pkg
copying /home/juan/ros2_ws/build/Walle_pkg/build/lib/Walle_pkg/turtle_bot_teleop.py -> /home/juan/ros2_ws/install/Walle_pkg/lib/python3.10/site-packages/Walle_pkg
byte-compiling /home/juan/ros2_ws/install/Walle_pkg/lib/python3.10/site-packages/Walle_pkg/__init__.py to __init__.cpython-310.pyc
byte-compiling /home/juan/ros2_ws/install/Walle_pkg/lib/python3.10/site-packages/Walle_pkg/turtle_bot_teleop.py to turtle_bot_teleop.cpython-310.pyc
running install_data
creating /home/juan/ros2_ws/install/Walle_pkg/share/ament_index
creating /home/juan/ros2_ws/install/Walle_pkg/share/ament_index/resource_index
creating /home/juan/ros2_ws/install/Walle_pkg/share/ament_index/resource_index/packages
copying resource/Walle_pkg -> /home/juan/ros2_ws/install/Walle_pkg/share/ament_index/resource_index/packages
copying package.xml -> /home/juan/ros2_ws/install/Walle_pkg/share/Walle_pkg
running install_egg_info
Copying ../build/Walle_pkg/Walle_pkg.egg-info to /home/juan/ros2_ws/install/Walle_pkg/lib/python3.10/site-packages/Walle_pkg-0.0.0-py3.10.egg-info
running install_scripts
Installing turtle_bot_teleop script to /home/juan/ros2_ws/install/Walle_pkg/lib/Walle_pkg
writing list of installed files to '/home/juan/ros2_ws/build/Walle_pkg/install.log'
