[0.713s] Invoking command in '/home/juan/ros2_ws/Walle_pkg': PYTHONPATH=/home/juan/ros2_ws/build/Walle_pkg/prefix_override:/home/juan/ros2_ws/install/Walle_pkg/lib/python3.10/site-packages:${PYTHONPATH} /usr/bin/python3 setup.py egg_info --egg-base ../build/Walle_pkg build --build-base /home/juan/ros2_ws/build/Walle_pkg/build install --record /home/juan/ros2_ws/build/Walle_pkg/install.log --single-version-externally-managed
[0.969s] running egg_info
[0.970s] creating ../build/Walle_pkg/Walle_pkg.egg-info
[0.970s] writing ../build/Walle_pkg/Walle_pkg.egg-info/PKG-INFO
[0.970s] writing dependency_links to ../build/Walle_pkg/Walle_pkg.egg-info/dependency_links.txt
[0.971s] writing entry points to ../build/Walle_pkg/Walle_pkg.egg-info/entry_points.txt
[0.971s] writing requirements to ../build/Walle_pkg/Walle_pkg.egg-info/requires.txt
[0.971s] writing top-level names to ../build/Walle_pkg/Walle_pkg.egg-info/top_level.txt
[0.971s] writing manifest file '../build/Walle_pkg/Walle_pkg.egg-info/SOURCES.txt'
[0.972s] reading manifest file '../build/Walle_pkg/Walle_pkg.egg-info/SOURCES.txt'
[0.973s] writing manifest file '../build/Walle_pkg/Walle_pkg.egg-info/SOURCES.txt'
[0.974s] running build
[0.974s] running build_py
[0.974s] creating /home/juan/ros2_ws/build/Walle_pkg/build
[0.974s] creating /home/juan/ros2_ws/build/Walle_pkg/build/lib
[0.974s] creating /home/juan/ros2_ws/build/Walle_pkg/build/lib/Walle_pkg
[0.974s] copying Walle_pkg/__init__.py -> /home/juan/ros2_ws/build/Walle_pkg/build/lib/Walle_pkg
[0.974s] copying Walle_pkg/turtle_bot_teleop.py -> /home/juan/ros2_ws/build/Walle_pkg/build/lib/Walle_pkg
[0.974s] running install
[0.980s] /usr/lib/python3/dist-packages/setuptools/command/install.py:34: SetuptoolsDeprecationWarning: setup.py install is deprecated. Use build and pip and other standards-based tools.
[0.980s]   warnings.warn(
[0.981s] running install_lib
[0.982s] creating /home/juan/ros2_ws/install/Walle_pkg/lib/python3.10/site-packages/Walle_pkg
[0.982s] copying /home/juan/ros2_ws/build/Walle_pkg/build/lib/Walle_pkg/__init__.py -> /home/juan/ros2_ws/install/Walle_pkg/lib/python3.10/site-packages/Walle_pkg
[0.982s] copying /home/juan/ros2_ws/build/Walle_pkg/build/lib/Walle_pkg/turtle_bot_teleop.py -> /home/juan/ros2_ws/install/Walle_pkg/lib/python3.10/site-packages/Walle_pkg
[0.982s] byte-compiling /home/juan/ros2_ws/install/Walle_pkg/lib/python3.10/site-packages/Walle_pkg/__init__.py to __init__.cpython-310.pyc
[0.982s] byte-compiling /home/juan/ros2_ws/install/Walle_pkg/lib/python3.10/site-packages/Walle_pkg/turtle_bot_teleop.py to turtle_bot_teleop.cpython-310.pyc
[0.983s] running install_data
[0.983s] creating /home/juan/ros2_ws/install/Walle_pkg/share/ament_index
[0.984s] creating /home/juan/ros2_ws/install/Walle_pkg/share/ament_index/resource_index
[0.984s] creating /home/juan/ros2_ws/install/Walle_pkg/share/ament_index/resource_index/packages
[0.984s] copying resource/Walle_pkg -> /home/juan/ros2_ws/install/Walle_pkg/share/ament_index/resource_index/packages
[0.984s] copying package.xml -> /home/juan/ros2_ws/install/Walle_pkg/share/Walle_pkg
[0.984s] running install_egg_info
[0.985s] Copying ../build/Walle_pkg/Walle_pkg.egg-info to /home/juan/ros2_ws/install/Walle_pkg/lib/python3.10/site-packages/Walle_pkg-0.0.0-py3.10.egg-info
[0.986s] running install_scripts
[1.006s] Installing turtle_bot_teleop script to /home/juan/ros2_ws/install/Walle_pkg/lib/Walle_pkg
[1.006s] writing list of installed files to '/home/juan/ros2_ws/build/Walle_pkg/install.log'
[1.036s] Invoked command in '/home/juan/ros2_ws/Walle_pkg' returned '0': PYTHONPATH=/home/juan/ros2_ws/build/Walle_pkg/prefix_override:/home/juan/ros2_ws/install/Walle_pkg/lib/python3.10/site-packages:${PYTHONPATH} /usr/bin/python3 setup.py egg_info --egg-base ../build/Walle_pkg build --build-base /home/juan/ros2_ws/build/Walle_pkg/build install --record /home/juan/ros2_ws/build/Walle_pkg/install.log --single-version-externally-managed
