[1.560s] Invoking command in '/home/juan/The_WALL-E_project/ros2_ws/src/walle_pkg': PYTHONPATH=/home/juan/The_WALL-E_project/ros2_ws/build/walle_pkg/prefix_override:/home/juan/The_WALL-E_project/ros2_ws/install/walle_pkg/lib/python3.10/site-packages:${PYTHONPATH} /usr/bin/python3 setup.py egg_info --egg-base ../../build/walle_pkg build --build-base /home/juan/The_WALL-E_project/ros2_ws/build/walle_pkg/build install --record /home/juan/The_WALL-E_project/ros2_ws/build/walle_pkg/install.log --single-version-externally-managed
[2.191s] running egg_info
[2.192s] creating ../../build/walle_pkg/walle_pkg.egg-info
[2.193s] writing ../../build/walle_pkg/walle_pkg.egg-info/PKG-INFO
[2.193s] writing dependency_links to ../../build/walle_pkg/walle_pkg.egg-info/dependency_links.txt
[2.194s] writing entry points to ../../build/walle_pkg/walle_pkg.egg-info/entry_points.txt
[2.194s] writing requirements to ../../build/walle_pkg/walle_pkg.egg-info/requires.txt
[2.194s] writing top-level names to ../../build/walle_pkg/walle_pkg.egg-info/top_level.txt
[2.194s] writing manifest file '../../build/walle_pkg/walle_pkg.egg-info/SOURCES.txt'
[2.198s] reading manifest file '../../build/walle_pkg/walle_pkg.egg-info/SOURCES.txt'
[2.199s] writing manifest file '../../build/walle_pkg/walle_pkg.egg-info/SOURCES.txt'
[2.200s] running build
[2.200s] running build_py
[2.200s] creating /home/juan/The_WALL-E_project/ros2_ws/build/walle_pkg/build
[2.201s] creating /home/juan/The_WALL-E_project/ros2_ws/build/walle_pkg/build/lib
[2.201s] creating /home/juan/The_WALL-E_project/ros2_ws/build/walle_pkg/build/lib/walle_pkg
[2.201s] copying walle_pkg/__init__.py -> /home/juan/The_WALL-E_project/ros2_ws/build/walle_pkg/build/lib/walle_pkg
[2.201s] copying walle_pkg/walle_interface.py -> /home/juan/The_WALL-E_project/ros2_ws/build/walle_pkg/build/lib/walle_pkg
[2.201s] copying walle_pkg/robot_player.py -> /home/juan/The_WALL-E_project/ros2_ws/build/walle_pkg/build/lib/walle_pkg
[2.202s] copying walle_pkg/robot_teleop.py -> /home/juan/The_WALL-E_project/ros2_ws/build/walle_pkg/build/lib/walle_pkg
[2.202s] copying walle_pkg/my_node.py -> /home/juan/The_WALL-E_project/ros2_ws/build/walle_pkg/build/lib/walle_pkg
[2.202s] copying walle_pkg/Raspy_serial.py -> /home/juan/The_WALL-E_project/ros2_ws/build/walle_pkg/build/lib/walle_pkg
[2.202s] copying walle_pkg/turtle_bot_teleop.py -> /home/juan/The_WALL-E_project/ros2_ws/build/walle_pkg/build/lib/walle_pkg
[2.202s] copying walle_pkg/connection_serial.py -> /home/juan/The_WALL-E_project/ros2_ws/build/walle_pkg/build/lib/walle_pkg
[2.203s] copying walle_pkg/robot_interface.py -> /home/juan/The_WALL-E_project/ros2_ws/build/walle_pkg/build/lib/walle_pkg
[2.203s] running install
[2.204s] /usr/lib/python3/dist-packages/setuptools/command/install.py:34: SetuptoolsDeprecationWarning: setup.py install is deprecated. Use build and pip and other standards-based tools.
[2.204s]   warnings.warn(
[2.205s] running install_lib
[2.206s] creating /home/juan/The_WALL-E_project/ros2_ws/install/walle_pkg/lib/python3.10/site-packages/walle_pkg
[2.206s] copying /home/juan/The_WALL-E_project/ros2_ws/build/walle_pkg/build/lib/walle_pkg/__init__.py -> /home/juan/The_WALL-E_project/ros2_ws/install/walle_pkg/lib/python3.10/site-packages/walle_pkg
[2.207s] copying /home/juan/The_WALL-E_project/ros2_ws/build/walle_pkg/build/lib/walle_pkg/walle_interface.py -> /home/juan/The_WALL-E_project/ros2_ws/install/walle_pkg/lib/python3.10/site-packages/walle_pkg
[2.207s] copying /home/juan/The_WALL-E_project/ros2_ws/build/walle_pkg/build/lib/walle_pkg/robot_player.py -> /home/juan/The_WALL-E_project/ros2_ws/install/walle_pkg/lib/python3.10/site-packages/walle_pkg
[2.207s] copying /home/juan/The_WALL-E_project/ros2_ws/build/walle_pkg/build/lib/walle_pkg/robot_teleop.py -> /home/juan/The_WALL-E_project/ros2_ws/install/walle_pkg/lib/python3.10/site-packages/walle_pkg
[2.208s] copying /home/juan/The_WALL-E_project/ros2_ws/build/walle_pkg/build/lib/walle_pkg/my_node.py -> /home/juan/The_WALL-E_project/ros2_ws/install/walle_pkg/lib/python3.10/site-packages/walle_pkg
[2.208s] copying /home/juan/The_WALL-E_project/ros2_ws/build/walle_pkg/build/lib/walle_pkg/Raspy_serial.py -> /home/juan/The_WALL-E_project/ros2_ws/install/walle_pkg/lib/python3.10/site-packages/walle_pkg
[2.208s] copying /home/juan/The_WALL-E_project/ros2_ws/build/walle_pkg/build/lib/walle_pkg/turtle_bot_teleop.py -> /home/juan/The_WALL-E_project/ros2_ws/install/walle_pkg/lib/python3.10/site-packages/walle_pkg
[2.208s] copying /home/juan/The_WALL-E_project/ros2_ws/build/walle_pkg/build/lib/walle_pkg/connection_serial.py -> /home/juan/The_WALL-E_project/ros2_ws/install/walle_pkg/lib/python3.10/site-packages/walle_pkg
[2.209s] copying /home/juan/The_WALL-E_project/ros2_ws/build/walle_pkg/build/lib/walle_pkg/robot_interface.py -> /home/juan/The_WALL-E_project/ros2_ws/install/walle_pkg/lib/python3.10/site-packages/walle_pkg
[2.210s] byte-compiling /home/juan/The_WALL-E_project/ros2_ws/install/walle_pkg/lib/python3.10/site-packages/walle_pkg/__init__.py to __init__.cpython-310.pyc
[2.210s] byte-compiling /home/juan/The_WALL-E_project/ros2_ws/install/walle_pkg/lib/python3.10/site-packages/walle_pkg/walle_interface.py to walle_interface.cpython-310.pyc
[2.211s] byte-compiling /home/juan/The_WALL-E_project/ros2_ws/install/walle_pkg/lib/python3.10/site-packages/walle_pkg/robot_player.py to robot_player.cpython-310.pyc
[2.213s] byte-compiling /home/juan/The_WALL-E_project/ros2_ws/install/walle_pkg/lib/python3.10/site-packages/walle_pkg/robot_teleop.py to robot_teleop.cpython-310.pyc
[2.215s] byte-compiling /home/juan/The_WALL-E_project/ros2_ws/install/walle_pkg/lib/python3.10/site-packages/walle_pkg/my_node.py to my_node.cpython-310.pyc
[2.216s] byte-compiling /home/juan/The_WALL-E_project/ros2_ws/install/walle_pkg/lib/python3.10/site-packages/walle_pkg/Raspy_serial.py to Raspy_serial.cpython-310.pyc
[2.217s] byte-compiling /home/juan/The_WALL-E_project/ros2_ws/install/walle_pkg/lib/python3.10/site-packages/walle_pkg/turtle_bot_teleop.py to turtle_bot_teleop.cpython-310.pyc
[2.219s] byte-compiling /home/juan/The_WALL-E_project/ros2_ws/install/walle_pkg/lib/python3.10/site-packages/walle_pkg/connection_serial.py to connection_serial.cpython-310.pyc
[2.220s] byte-compiling /home/juan/The_WALL-E_project/ros2_ws/install/walle_pkg/lib/python3.10/site-packages/walle_pkg/robot_interface.py to robot_interface.cpython-310.pyc
[2.226s] running install_data
[2.228s] creating /home/juan/The_WALL-E_project/ros2_ws/install/walle_pkg/share/ament_index
[2.228s] creating /home/juan/The_WALL-E_project/ros2_ws/install/walle_pkg/share/ament_index/resource_index
[2.229s] creating /home/juan/The_WALL-E_project/ros2_ws/install/walle_pkg/share/ament_index/resource_index/packages
[2.229s] copying resource/walle_pkg -> /home/juan/The_WALL-E_project/ros2_ws/install/walle_pkg/share/ament_index/resource_index/packages
[2.229s] copying package.xml -> /home/juan/The_WALL-E_project/ros2_ws/install/walle_pkg/share/walle_pkg
[2.229s] running install_egg_info
[2.234s] Copying ../../build/walle_pkg/walle_pkg.egg-info to /home/juan/The_WALL-E_project/ros2_ws/install/walle_pkg/lib/python3.10/site-packages/walle_pkg-0.0.0-py3.10.egg-info
[2.237s] running install_scripts
[2.281s] Installing my_node = walle_pkg.my_node:mainrobot_interface = robot_taller2.robot_interface:mainraspy_serial = walle_pkg.Raspy_serial:mainrobot_teleop = robot_taller2.robot_teleop:mainrobot_player = robot_taller2.robot_player:mainturtle_bot_teleop = walle_pkg.turtle_bot_teleopconnectionSerial script to /home/juan/The_WALL-E_project/ros2_ws/install/walle_pkg/lib/walle_pkg
[2.281s] error: [Errno 36] File name too long: '/home/juan/The_WALL-E_project/ros2_ws/install/walle_pkg/lib/walle_pkg/my_node = walle_pkg.my_node:mainrobot_interface = robot_taller2.robot_interface:mainraspy_serial = walle_pkg.Raspy_serial:mainrobot_teleop = robot_taller2.robot_teleop:mainrobot_player = robot_taller2.robot_player:mainturtle_bot_teleop = walle_pkg.turtle_bot_teleopconnectionSerial'
[2.328s] Invoked command in '/home/juan/The_WALL-E_project/ros2_ws/src/walle_pkg' returned '1': PYTHONPATH=/home/juan/The_WALL-E_project/ros2_ws/build/walle_pkg/prefix_override:/home/juan/The_WALL-E_project/ros2_ws/install/walle_pkg/lib/python3.10/site-packages:${PYTHONPATH} /usr/bin/python3 setup.py egg_info --egg-base ../../build/walle_pkg build --build-base /home/juan/The_WALL-E_project/ros2_ws/build/walle_pkg/build install --record /home/juan/The_WALL-E_project/ros2_ws/build/walle_pkg/install.log --single-version-externally-managed
