[1.528s] DEBUG:colcon:Command line arguments: ['/usr/bin/colcon', 'build']
[1.528s] DEBUG:colcon:Parsed command line arguments: Namespace(log_base=None, log_level=None, verb_name='build', build_base='build', install_base='install', merge_install=False, symlink_install=False, test_result_base=None, continue_on_error=False, executor='parallel', parallel_workers=8, event_handlers=None, ignore_user_meta=False, metas=['./colcon.meta'], base_paths=['.'], packages_ignore=None, packages_ignore_regex=None, paths=None, packages_up_to=None, packages_up_to_regex=None, packages_above=None, packages_above_and_dependencies=None, packages_above_depth=None, packages_select_by_dep=None, packages_skip_by_dep=None, packages_skip_up_to=None, packages_select_build_failed=False, packages_skip_build_finished=False, packages_select_test_failures=False, packages_skip_test_passed=False, packages_select=None, packages_skip=None, packages_select_regex=None, packages_skip_regex=None, packages_start=None, packages_end=None, allow_overriding=[], cmake_args=None, cmake_target=None, cmake_target_skip_unavailable=False, cmake_clean_cache=False, cmake_clean_first=False, cmake_force_configure=False, ament_cmake_args=None, catkin_cmake_args=None, catkin_skip_building_tests=False, verb_parser=<colcon_defaults.argument_parser.defaults.DefaultArgumentsDecorator object at 0x7f54c41bb2b0>, verb_extension=<colcon_core.verb.build.BuildVerb object at 0x7f54c4b7cbe0>, main=<bound method BuildVerb.main of <colcon_core.verb.build.BuildVerb object at 0x7f54c4b7cbe0>>)
[1.617s] Level 1:colcon.colcon_core.package_discovery:discover_packages(colcon_meta) check parameters
[1.617s] Level 1:colcon.colcon_core.package_discovery:discover_packages(recursive) check parameters
[1.617s] Level 1:colcon.colcon_core.package_discovery:discover_packages(ignore) check parameters
[1.618s] Level 1:colcon.colcon_core.package_discovery:discover_packages(path) check parameters
[1.618s] Level 1:colcon.colcon_core.package_discovery:discover_packages(colcon_meta) discover
[1.618s] Level 1:colcon.colcon_core.package_discovery:discover_packages(recursive) discover
[1.618s] INFO:colcon.colcon_core.package_discovery:Crawling recursively for packages in '/home/juan/The_WALL-E_project/ros2_ws'
[1.618s] Level 1:colcon.colcon_core.package_identification:_identify(.) by extensions ['ignore', 'ignore_ament_install']
[1.619s] Level 1:colcon.colcon_core.package_identification:_identify(.) by extension 'ignore'
[1.619s] Level 1:colcon.colcon_core.package_identification:_identify(.) by extension 'ignore_ament_install'
[1.619s] Level 1:colcon.colcon_core.package_identification:_identify(.) by extensions ['colcon_pkg']
[1.619s] Level 1:colcon.colcon_core.package_identification:_identify(.) by extension 'colcon_pkg'
[1.619s] Level 1:colcon.colcon_core.package_identification:_identify(.) by extensions ['colcon_meta']
[1.619s] Level 1:colcon.colcon_core.package_identification:_identify(.) by extension 'colcon_meta'
[1.620s] Level 1:colcon.colcon_core.package_identification:_identify(.) by extensions ['ros']
[1.620s] Level 1:colcon.colcon_core.package_identification:_identify(.) by extension 'ros'
[1.654s] Level 1:colcon.colcon_core.package_identification:_identify(.) by extensions ['cmake', 'python']
[1.654s] Level 1:colcon.colcon_core.package_identification:_identify(.) by extension 'cmake'
[1.654s] Level 1:colcon.colcon_core.package_identification:_identify(.) by extension 'python'
[1.654s] Level 1:colcon.colcon_core.package_identification:_identify(.) by extensions ['python_setup_py']
[1.654s] Level 1:colcon.colcon_core.package_identification:_identify(.) by extension 'python_setup_py'
[1.655s] Level 1:colcon.colcon_core.package_identification:_identify(build) by extensions ['ignore', 'ignore_ament_install']
[1.655s] Level 1:colcon.colcon_core.package_identification:_identify(build) by extension 'ignore'
[1.655s] Level 1:colcon.colcon_core.package_identification:_identify(build) ignored
[1.656s] Level 1:colcon.colcon_core.package_identification:_identify(install) by extensions ['ignore', 'ignore_ament_install']
[1.656s] Level 1:colcon.colcon_core.package_identification:_identify(install) by extension 'ignore'
[1.656s] Level 1:colcon.colcon_core.package_identification:_identify(install) ignored
[1.657s] Level 1:colcon.colcon_core.package_identification:_identify(log) by extensions ['ignore', 'ignore_ament_install']
[1.657s] Level 1:colcon.colcon_core.package_identification:_identify(log) by extension 'ignore'
[1.657s] Level 1:colcon.colcon_core.package_identification:_identify(log) ignored
[1.657s] Level 1:colcon.colcon_core.package_identification:_identify(src) by extensions ['ignore', 'ignore_ament_install']
[1.658s] Level 1:colcon.colcon_core.package_identification:_identify(src) by extension 'ignore'
[1.658s] Level 1:colcon.colcon_core.package_identification:_identify(src) by extension 'ignore_ament_install'
[1.658s] Level 1:colcon.colcon_core.package_identification:_identify(src) by extensions ['colcon_pkg']
[1.658s] Level 1:colcon.colcon_core.package_identification:_identify(src) by extension 'colcon_pkg'
[1.658s] Level 1:colcon.colcon_core.package_identification:_identify(src) by extensions ['colcon_meta']
[1.658s] Level 1:colcon.colcon_core.package_identification:_identify(src) by extension 'colcon_meta'
[1.659s] Level 1:colcon.colcon_core.package_identification:_identify(src) by extensions ['ros']
[1.659s] Level 1:colcon.colcon_core.package_identification:_identify(src) by extension 'ros'
[1.659s] Level 1:colcon.colcon_core.package_identification:_identify(src) by extensions ['cmake', 'python']
[1.659s] Level 1:colcon.colcon_core.package_identification:_identify(src) by extension 'cmake'
[1.659s] Level 1:colcon.colcon_core.package_identification:_identify(src) by extension 'python'
[1.659s] Level 1:colcon.colcon_core.package_identification:_identify(src) by extensions ['python_setup_py']
[1.659s] Level 1:colcon.colcon_core.package_identification:_identify(src) by extension 'python_setup_py'
[1.660s] Level 1:colcon.colcon_core.package_identification:_identify(src/build) by extensions ['ignore', 'ignore_ament_install']
[1.660s] Level 1:colcon.colcon_core.package_identification:_identify(src/build) by extension 'ignore'
[1.660s] Level 1:colcon.colcon_core.package_identification:_identify(src/build) ignored
[1.661s] Level 1:colcon.colcon_core.package_identification:_identify(src/install) by extensions ['ignore', 'ignore_ament_install']
[1.661s] Level 1:colcon.colcon_core.package_identification:_identify(src/install) by extension 'ignore'
[1.661s] Level 1:colcon.colcon_core.package_identification:_identify(src/install) ignored
[1.661s] Level 1:colcon.colcon_core.package_identification:_identify(src/log) by extensions ['ignore', 'ignore_ament_install']
[1.662s] Level 1:colcon.colcon_core.package_identification:_identify(src/log) by extension 'ignore'
[1.662s] Level 1:colcon.colcon_core.package_identification:_identify(src/log) ignored
[1.662s] Level 1:colcon.colcon_core.package_identification:_identify(src/robot_taller2) by extensions ['ignore', 'ignore_ament_install']
[1.662s] Level 1:colcon.colcon_core.package_identification:_identify(src/robot_taller2) by extension 'ignore'
[1.663s] Level 1:colcon.colcon_core.package_identification:_identify(src/robot_taller2) by extension 'ignore_ament_install'
[1.663s] Level 1:colcon.colcon_core.package_identification:_identify(src/robot_taller2) by extensions ['colcon_pkg']
[1.663s] Level 1:colcon.colcon_core.package_identification:_identify(src/robot_taller2) by extension 'colcon_pkg'
[1.663s] Level 1:colcon.colcon_core.package_identification:_identify(src/robot_taller2) by extensions ['colcon_meta']
[1.663s] Level 1:colcon.colcon_core.package_identification:_identify(src/robot_taller2) by extension 'colcon_meta'
[1.663s] Level 1:colcon.colcon_core.package_identification:_identify(src/robot_taller2) by extensions ['ros']
[1.663s] Level 1:colcon.colcon_core.package_identification:_identify(src/robot_taller2) by extension 'ros'
[1.674s] DEBUG:colcon.colcon_core.package_identification:Package 'src/robot_taller2' with type 'ros.ament_python' and name 'robot_taller2'
[1.675s] Level 1:colcon.colcon_core.package_identification:_identify(src/walle_pkg) by extensions ['ignore', 'ignore_ament_install']
[1.675s] Level 1:colcon.colcon_core.package_identification:_identify(src/walle_pkg) by extension 'ignore'
[1.675s] Level 1:colcon.colcon_core.package_identification:_identify(src/walle_pkg) by extension 'ignore_ament_install'
[1.675s] Level 1:colcon.colcon_core.package_identification:_identify(src/walle_pkg) by extensions ['colcon_pkg']
[1.675s] Level 1:colcon.colcon_core.package_identification:_identify(src/walle_pkg) by extension 'colcon_pkg'
[1.676s] Level 1:colcon.colcon_core.package_identification:_identify(src/walle_pkg) by extensions ['colcon_meta']
[1.676s] Level 1:colcon.colcon_core.package_identification:_identify(src/walle_pkg) by extension 'colcon_meta'
[1.676s] Level 1:colcon.colcon_core.package_identification:_identify(src/walle_pkg) by extensions ['ros']
[1.676s] Level 1:colcon.colcon_core.package_identification:_identify(src/walle_pkg) by extension 'ros'
[1.679s] DEBUG:colcon.colcon_core.package_identification:Package 'src/walle_pkg' with type 'ros.ament_python' and name 'walle_pkg'
[1.679s] Level 1:colcon.colcon_core.package_discovery:discover_packages(recursive) using defaults
[1.679s] Level 1:colcon.colcon_core.package_discovery:discover_packages(ignore) discover
[1.679s] Level 1:colcon.colcon_core.package_discovery:discover_packages(ignore) using defaults
[1.679s] Level 1:colcon.colcon_core.package_discovery:discover_packages(path) discover
[1.679s] Level 1:colcon.colcon_core.package_discovery:discover_packages(path) using defaults
[1.754s] Level 1:colcon.colcon_core.package_discovery:discover_packages(prefix_path) check parameters
[1.754s] Level 1:colcon.colcon_core.package_discovery:discover_packages(prefix_path) discover
[1.763s] DEBUG:colcon.colcon_installed_package_information.package_discovery:Found 2 installed packages in /home/juan/The_WALL-E_project/ros2_ws/install
[1.770s] DEBUG:colcon.colcon_installed_package_information.package_discovery:Found 284 installed packages in /opt/ros/humble
[1.774s] Level 1:colcon.colcon_core.package_discovery:discover_packages(prefix_path) using defaults
[2.004s] Level 5:colcon.colcon_core.verb:set package 'robot_taller2' build argument 'cmake_args' from command line to 'None'
[2.004s] Level 5:colcon.colcon_core.verb:set package 'robot_taller2' build argument 'cmake_target' from command line to 'None'
[2.004s] Level 5:colcon.colcon_core.verb:set package 'robot_taller2' build argument 'cmake_target_skip_unavailable' from command line to 'False'
[2.004s] Level 5:colcon.colcon_core.verb:set package 'robot_taller2' build argument 'cmake_clean_cache' from command line to 'False'
[2.005s] Level 5:colcon.colcon_core.verb:set package 'robot_taller2' build argument 'cmake_clean_first' from command line to 'False'
[2.005s] Level 5:colcon.colcon_core.verb:set package 'robot_taller2' build argument 'cmake_force_configure' from command line to 'False'
[2.005s] Level 5:colcon.colcon_core.verb:set package 'robot_taller2' build argument 'ament_cmake_args' from command line to 'None'
[2.005s] Level 5:colcon.colcon_core.verb:set package 'robot_taller2' build argument 'catkin_cmake_args' from command line to 'None'
[2.005s] Level 5:colcon.colcon_core.verb:set package 'robot_taller2' build argument 'catkin_skip_building_tests' from command line to 'False'
[2.005s] DEBUG:colcon.colcon_core.verb:Building package 'robot_taller2' with the following arguments: {'ament_cmake_args': None, 'build_base': '/home/juan/The_WALL-E_project/ros2_ws/build/robot_taller2', 'catkin_cmake_args': None, 'catkin_skip_building_tests': False, 'cmake_args': None, 'cmake_clean_cache': False, 'cmake_clean_first': False, 'cmake_force_configure': False, 'cmake_target': None, 'cmake_target_skip_unavailable': False, 'install_base': '/home/juan/The_WALL-E_project/ros2_ws/install/robot_taller2', 'merge_install': False, 'path': '/home/juan/The_WALL-E_project/ros2_ws/src/robot_taller2', 'symlink_install': False, 'test_result_base': None}
[2.008s] Level 5:colcon.colcon_core.verb:set package 'walle_pkg' build argument 'cmake_args' from command line to 'None'
[2.008s] Level 5:colcon.colcon_core.verb:set package 'walle_pkg' build argument 'cmake_target' from command line to 'None'
[2.008s] Level 5:colcon.colcon_core.verb:set package 'walle_pkg' build argument 'cmake_target_skip_unavailable' from command line to 'False'
[2.009s] Level 5:colcon.colcon_core.verb:set package 'walle_pkg' build argument 'cmake_clean_cache' from command line to 'False'
[2.009s] Level 5:colcon.colcon_core.verb:set package 'walle_pkg' build argument 'cmake_clean_first' from command line to 'False'
[2.009s] Level 5:colcon.colcon_core.verb:set package 'walle_pkg' build argument 'cmake_force_configure' from command line to 'False'
[2.009s] Level 5:colcon.colcon_core.verb:set package 'walle_pkg' build argument 'ament_cmake_args' from command line to 'None'
[2.009s] Level 5:colcon.colcon_core.verb:set package 'walle_pkg' build argument 'catkin_cmake_args' from command line to 'None'
[2.009s] Level 5:colcon.colcon_core.verb:set package 'walle_pkg' build argument 'catkin_skip_building_tests' from command line to 'False'
[2.009s] DEBUG:colcon.colcon_core.verb:Building package 'walle_pkg' with the following arguments: {'ament_cmake_args': None, 'build_base': '/home/juan/The_WALL-E_project/ros2_ws/build/walle_pkg', 'catkin_cmake_args': None, 'catkin_skip_building_tests': False, 'cmake_args': None, 'cmake_clean_cache': False, 'cmake_clean_first': False, 'cmake_force_configure': False, 'cmake_target': None, 'cmake_target_skip_unavailable': False, 'install_base': '/home/juan/The_WALL-E_project/ros2_ws/install/walle_pkg', 'merge_install': False, 'path': '/home/juan/The_WALL-E_project/ros2_ws/src/walle_pkg', 'symlink_install': False, 'test_result_base': None}
[2.011s] INFO:colcon.colcon_core.executor:Executing jobs using 'parallel' executor
[2.021s] DEBUG:colcon.colcon_parallel_executor.executor.parallel:run_until_complete
[2.021s] INFO:colcon.colcon_ros.task.ament_python.build:Building ROS package in '/home/juan/The_WALL-E_project/ros2_ws/src/robot_taller2' with build type 'ament_python'
[2.022s] Level 1:colcon.colcon_core.shell:create_environment_hook('robot_taller2', 'ament_prefix_path')
[2.047s] INFO:colcon.colcon_core.plugin_system:Skipping extension 'colcon_core.shell.bat': Not used on non-Windows systems
[2.050s] INFO:colcon.colcon_core.shell:Creating environment hook '/home/juan/The_WALL-E_project/ros2_ws/install/robot_taller2/share/robot_taller2/hook/ament_prefix_path.ps1'
[2.055s] INFO:colcon.colcon_core.shell:Creating environment descriptor '/home/juan/The_WALL-E_project/ros2_ws/install/robot_taller2/share/robot_taller2/hook/ament_prefix_path.dsv'
[2.060s] INFO:colcon.colcon_core.shell:Creating environment hook '/home/juan/The_WALL-E_project/ros2_ws/install/robot_taller2/share/robot_taller2/hook/ament_prefix_path.sh'
[2.071s] INFO:colcon.colcon_core.shell:Skip shell extension 'powershell' for command environment: Not usable outside of PowerShell
[2.071s] DEBUG:colcon.colcon_core.shell:Skip shell extension 'dsv' for command environment
[2.101s] INFO:colcon.colcon_ros.task.ament_python.build:Building ROS package in '/home/juan/The_WALL-E_project/ros2_ws/src/walle_pkg' with build type 'ament_python'
[2.102s] Level 1:colcon.colcon_core.shell:create_environment_hook('walle_pkg', 'ament_prefix_path')
[2.109s] INFO:colcon.colcon_core.shell:Creating environment hook '/home/juan/The_WALL-E_project/ros2_ws/install/walle_pkg/share/walle_pkg/hook/ament_prefix_path.ps1'
[2.112s] INFO:colcon.colcon_core.shell:Creating environment descriptor '/home/juan/The_WALL-E_project/ros2_ws/install/walle_pkg/share/walle_pkg/hook/ament_prefix_path.dsv'
[2.114s] INFO:colcon.colcon_core.shell:Creating environment hook '/home/juan/The_WALL-E_project/ros2_ws/install/walle_pkg/share/walle_pkg/hook/ament_prefix_path.sh'
[2.125s] INFO:colcon.colcon_core.shell:Skip shell extension 'powershell' for command environment: Not usable outside of PowerShell
[2.126s] DEBUG:colcon.colcon_core.shell:Skip shell extension 'dsv' for command environment
[3.503s] INFO:colcon.colcon_core.task.python.build:Building Python package in '/home/juan/The_WALL-E_project/ros2_ws/src/robot_taller2'
[3.508s] INFO:colcon.colcon_core.shell:Skip shell extension 'powershell' for command environment: Not usable outside of PowerShell
[3.508s] DEBUG:colcon.colcon_core.shell:Skip shell extension 'dsv' for command environment
[4.852s] INFO:colcon.colcon_core.task.python.build:Building Python package in '/home/juan/The_WALL-E_project/ros2_ws/src/walle_pkg'
[4.858s] INFO:colcon.colcon_core.shell:Skip shell extension 'powershell' for command environment: Not usable outside of PowerShell
[4.859s] DEBUG:colcon.colcon_core.shell:Skip shell extension 'dsv' for command environment
[6.743s] DEBUG:colcon.colcon_core.event_handler.log_command:Invoking command in '/home/juan/The_WALL-E_project/ros2_ws/src/walle_pkg': PYTHONPATH=/home/juan/The_WALL-E_project/ros2_ws/build/walle_pkg/prefix_override:/home/juan/The_WALL-E_project/ros2_ws/install/walle_pkg/lib/python3.10/site-packages:${PYTHONPATH} /usr/bin/python3 setup.py egg_info --egg-base ../../build/walle_pkg build --build-base /home/juan/The_WALL-E_project/ros2_ws/build/walle_pkg/build install --record /home/juan/The_WALL-E_project/ros2_ws/build/walle_pkg/install.log --single-version-externally-managed
[6.769s] DEBUG:colcon.colcon_core.event_handler.log_command:Invoking command in '/home/juan/The_WALL-E_project/ros2_ws/src/robot_taller2': PYTHONPATH=/home/juan/The_WALL-E_project/ros2_ws/build/robot_taller2/prefix_override:/home/juan/The_WALL-E_project/ros2_ws/install/robot_taller2/lib/python3.10/site-packages:${PYTHONPATH} /usr/bin/python3 setup.py egg_info --egg-base ../../build/robot_taller2 build --build-base /home/juan/The_WALL-E_project/ros2_ws/build/robot_taller2/build install --record /home/juan/The_WALL-E_project/ros2_ws/build/robot_taller2/install.log --single-version-externally-managed
[8.536s] DEBUG:colcon.colcon_core.event_handler.log_command:Invoked command in '/home/juan/The_WALL-E_project/ros2_ws/src/walle_pkg' returned '0': PYTHONPATH=/home/juan/The_WALL-E_project/ros2_ws/build/walle_pkg/prefix_override:/home/juan/The_WALL-E_project/ros2_ws/install/walle_pkg/lib/python3.10/site-packages:${PYTHONPATH} /usr/bin/python3 setup.py egg_info --egg-base ../../build/walle_pkg build --build-base /home/juan/The_WALL-E_project/ros2_ws/build/walle_pkg/build install --record /home/juan/The_WALL-E_project/ros2_ws/build/walle_pkg/install.log --single-version-externally-managed
[8.558s] Level 1:colcon.colcon_core.environment:checking '/home/juan/The_WALL-E_project/ros2_ws/install/walle_pkg' for CMake module files
[8.560s] Level 1:colcon.colcon_core.environment:checking '/home/juan/The_WALL-E_project/ros2_ws/install/walle_pkg' for CMake config files
[8.563s] Level 1:colcon.colcon_core.environment:checking '/home/juan/The_WALL-E_project/ros2_ws/install/walle_pkg/lib'
[8.564s] Level 1:colcon.colcon_core.environment:checking '/home/juan/The_WALL-E_project/ros2_ws/install/walle_pkg/bin'
[8.564s] Level 1:colcon.colcon_core.environment:checking '/home/juan/The_WALL-E_project/ros2_ws/install/walle_pkg/lib/pkgconfig/walle_pkg.pc'
[8.566s] Level 1:colcon.colcon_core.environment:checking '/home/juan/The_WALL-E_project/ros2_ws/install/walle_pkg/lib/python3.10/site-packages'
[8.566s] Level 1:colcon.colcon_core.shell:create_environment_hook('walle_pkg', 'pythonpath')
[8.572s] INFO:colcon.colcon_core.shell:Creating environment hook '/home/juan/The_WALL-E_project/ros2_ws/install/walle_pkg/share/walle_pkg/hook/pythonpath.ps1'
[8.574s] INFO:colcon.colcon_core.shell:Creating environment descriptor '/home/juan/The_WALL-E_project/ros2_ws/install/walle_pkg/share/walle_pkg/hook/pythonpath.dsv'
[8.575s] INFO:colcon.colcon_core.shell:Creating environment hook '/home/juan/The_WALL-E_project/ros2_ws/install/walle_pkg/share/walle_pkg/hook/pythonpath.sh'
[8.577s] Level 1:colcon.colcon_core.environment:checking '/home/juan/The_WALL-E_project/ros2_ws/install/walle_pkg/bin'
[8.578s] Level 1:colcon.colcon_core.environment:create_environment_scripts_only(walle_pkg)
[8.585s] INFO:colcon.colcon_core.shell:Creating package script '/home/juan/The_WALL-E_project/ros2_ws/install/walle_pkg/share/walle_pkg/package.ps1'
[8.589s] INFO:colcon.colcon_core.shell:Creating package descriptor '/home/juan/The_WALL-E_project/ros2_ws/install/walle_pkg/share/walle_pkg/package.dsv'
[8.592s] INFO:colcon.colcon_core.shell:Creating package script '/home/juan/The_WALL-E_project/ros2_ws/install/walle_pkg/share/walle_pkg/package.sh'
[8.595s] INFO:colcon.colcon_core.shell:Creating package script '/home/juan/The_WALL-E_project/ros2_ws/install/walle_pkg/share/walle_pkg/package.bash'
[8.599s] INFO:colcon.colcon_core.shell:Creating package script '/home/juan/The_WALL-E_project/ros2_ws/install/walle_pkg/share/walle_pkg/package.zsh'
[8.604s] Level 1:colcon.colcon_core.environment:create_file_with_runtime_dependencies(/home/juan/The_WALL-E_project/ros2_ws/install/walle_pkg/share/colcon-core/packages/walle_pkg)
[8.629s] DEBUG:colcon.colcon_core.event_handler.log_command:Invoked command in '/home/juan/The_WALL-E_project/ros2_ws/src/robot_taller2' returned '0': PYTHONPATH=/home/juan/The_WALL-E_project/ros2_ws/build/robot_taller2/prefix_override:/home/juan/The_WALL-E_project/ros2_ws/install/robot_taller2/lib/python3.10/site-packages:${PYTHONPATH} /usr/bin/python3 setup.py egg_info --egg-base ../../build/robot_taller2 build --build-base /home/juan/The_WALL-E_project/ros2_ws/build/robot_taller2/build install --record /home/juan/The_WALL-E_project/ros2_ws/build/robot_taller2/install.log --single-version-externally-managed
[8.632s] Level 1:colcon.colcon_core.environment:checking '/home/juan/The_WALL-E_project/ros2_ws/install/robot_taller2' for CMake module files
[8.636s] Level 1:colcon.colcon_core.environment:checking '/home/juan/The_WALL-E_project/ros2_ws/install/robot_taller2' for CMake config files
[8.640s] Level 1:colcon.colcon_core.environment:checking '/home/juan/The_WALL-E_project/ros2_ws/install/robot_taller2/lib'
[8.641s] Level 1:colcon.colcon_core.environment:checking '/home/juan/The_WALL-E_project/ros2_ws/install/robot_taller2/bin'
[8.641s] Level 1:colcon.colcon_core.environment:checking '/home/juan/The_WALL-E_project/ros2_ws/install/robot_taller2/lib/pkgconfig/robot_taller2.pc'
[8.643s] Level 1:colcon.colcon_core.environment:checking '/home/juan/The_WALL-E_project/ros2_ws/install/robot_taller2/lib/python3.10/site-packages'
[8.643s] Level 1:colcon.colcon_core.shell:create_environment_hook('robot_taller2', 'pythonpath')
[8.649s] INFO:colcon.colcon_core.shell:Creating environment hook '/home/juan/The_WALL-E_project/ros2_ws/install/robot_taller2/share/robot_taller2/hook/pythonpath.ps1'
[8.651s] INFO:colcon.colcon_core.shell:Creating environment descriptor '/home/juan/The_WALL-E_project/ros2_ws/install/robot_taller2/share/robot_taller2/hook/pythonpath.dsv'
[8.653s] INFO:colcon.colcon_core.shell:Creating environment hook '/home/juan/The_WALL-E_project/ros2_ws/install/robot_taller2/share/robot_taller2/hook/pythonpath.sh'
[8.656s] Level 1:colcon.colcon_core.environment:checking '/home/juan/The_WALL-E_project/ros2_ws/install/robot_taller2/bin'
[8.657s] Level 1:colcon.colcon_core.environment:create_environment_scripts_only(robot_taller2)
[8.664s] INFO:colcon.colcon_core.shell:Creating package script '/home/juan/The_WALL-E_project/ros2_ws/install/robot_taller2/share/robot_taller2/package.ps1'
[8.666s] INFO:colcon.colcon_core.shell:Creating package descriptor '/home/juan/The_WALL-E_project/ros2_ws/install/robot_taller2/share/robot_taller2/package.dsv'
[8.668s] INFO:colcon.colcon_core.shell:Creating package script '/home/juan/The_WALL-E_project/ros2_ws/install/robot_taller2/share/robot_taller2/package.sh'
[8.671s] INFO:colcon.colcon_core.shell:Creating package script '/home/juan/The_WALL-E_project/ros2_ws/install/robot_taller2/share/robot_taller2/package.bash'
[8.673s] INFO:colcon.colcon_core.shell:Creating package script '/home/juan/The_WALL-E_project/ros2_ws/install/robot_taller2/share/robot_taller2/package.zsh'
[8.675s] Level 1:colcon.colcon_core.environment:create_file_with_runtime_dependencies(/home/juan/The_WALL-E_project/ros2_ws/install/robot_taller2/share/colcon-core/packages/robot_taller2)
[8.676s] DEBUG:colcon.colcon_parallel_executor.executor.parallel:closing loop
[8.677s] DEBUG:colcon.colcon_parallel_executor.executor.parallel:loop closed
[8.677s] DEBUG:colcon.colcon_parallel_executor.executor.parallel:run_until_complete finished with '0'
[8.677s] DEBUG:colcon.colcon_core.event_reactor:joining thread
[8.703s] INFO:colcon.colcon_core.plugin_system:Skipping extension 'colcon_notification.desktop_notification.terminal_notifier': Not used on non-Darwin systems
[8.704s] INFO:colcon.colcon_core.plugin_system:Skipping extension 'colcon_notification.desktop_notification.win32': Not used on non-Windows systems
[8.704s] INFO:colcon.colcon_notification.desktop_notification:Sending desktop notification using 'notify2'
[8.761s] DEBUG:colcon.colcon_core.event_reactor:joined thread
[8.770s] INFO:colcon.colcon_core.shell:Creating prefix script '/home/juan/The_WALL-E_project/ros2_ws/install/local_setup.ps1'
[8.774s] INFO:colcon.colcon_core.shell:Creating prefix util module '/home/juan/The_WALL-E_project/ros2_ws/install/_local_setup_util_ps1.py'
[8.781s] INFO:colcon.colcon_core.shell:Creating prefix chain script '/home/juan/The_WALL-E_project/ros2_ws/install/setup.ps1'
[8.787s] INFO:colcon.colcon_core.shell:Creating prefix script '/home/juan/The_WALL-E_project/ros2_ws/install/local_setup.sh'
[8.790s] INFO:colcon.colcon_core.shell:Creating prefix util module '/home/juan/The_WALL-E_project/ros2_ws/install/_local_setup_util_sh.py'
[8.793s] INFO:colcon.colcon_core.shell:Creating prefix chain script '/home/juan/The_WALL-E_project/ros2_ws/install/setup.sh'
[8.802s] INFO:colcon.colcon_core.shell:Creating prefix script '/home/juan/The_WALL-E_project/ros2_ws/install/local_setup.bash'
[8.806s] INFO:colcon.colcon_core.shell:Creating prefix chain script '/home/juan/The_WALL-E_project/ros2_ws/install/setup.bash'
[8.816s] INFO:colcon.colcon_core.shell:Creating prefix script '/home/juan/The_WALL-E_project/ros2_ws/install/local_setup.zsh'
[8.820s] INFO:colcon.colcon_core.shell:Creating prefix chain script '/home/juan/The_WALL-E_project/ros2_ws/install/setup.zsh'
