[0.769s] DEBUG:colcon:Command line arguments: ['/usr/bin/colcon', 'build']
[0.770s] DEBUG:colcon:Parsed command line arguments: Namespace(log_base=None, log_level=None, verb_name='build', build_base='build', install_base='install', merge_install=False, symlink_install=False, test_result_base=None, continue_on_error=False, executor='parallel', parallel_workers=8, event_handlers=None, ignore_user_meta=False, metas=['./colcon.meta'], base_paths=['.'], packages_ignore=None, packages_ignore_regex=None, paths=None, packages_up_to=None, packages_up_to_regex=None, packages_above=None, packages_above_and_dependencies=None, packages_above_depth=None, packages_select_by_dep=None, packages_skip_by_dep=None, packages_skip_up_to=None, packages_select_build_failed=False, packages_skip_build_finished=False, packages_select_test_failures=False, packages_skip_test_passed=False, packages_select=None, packages_skip=None, packages_select_regex=None, packages_skip_regex=None, packages_start=None, packages_end=None, allow_overriding=[], cmake_args=None, cmake_target=None, cmake_target_skip_unavailable=False, cmake_clean_cache=False, cmake_clean_first=False, cmake_force_configure=False, ament_cmake_args=None, catkin_cmake_args=None, catkin_skip_building_tests=False, verb_parser=<colcon_defaults.argument_parser.defaults.DefaultArgumentsDecorator object at 0x7fced1406cb0>, verb_extension=<colcon_core.verb.build.BuildVerb object at 0x7fced1e42590>, main=<bound method BuildVerb.main of <colcon_core.verb.build.BuildVerb object at 0x7fced1e42590>>)
[0.824s] Level 1:colcon.colcon_core.package_discovery:discover_packages(colcon_meta) check parameters
[0.824s] Level 1:colcon.colcon_core.package_discovery:discover_packages(recursive) check parameters
[0.824s] Level 1:colcon.colcon_core.package_discovery:discover_packages(ignore) check parameters
[0.824s] Level 1:colcon.colcon_core.package_discovery:discover_packages(path) check parameters
[0.824s] Level 1:colcon.colcon_core.package_discovery:discover_packages(colcon_meta) discover
[0.824s] Level 1:colcon.colcon_core.package_discovery:discover_packages(recursive) discover
[0.824s] INFO:colcon.colcon_core.package_discovery:Crawling recursively for packages in '/home/juan/The_WALL-E_project'
[0.824s] Level 1:colcon.colcon_core.package_identification:_identify(.) by extensions ['ignore', 'ignore_ament_install']
[0.825s] Level 1:colcon.colcon_core.package_identification:_identify(.) by extension 'ignore'
[0.825s] Level 1:colcon.colcon_core.package_identification:_identify(.) by extension 'ignore_ament_install'
[0.825s] Level 1:colcon.colcon_core.package_identification:_identify(.) by extensions ['colcon_pkg']
[0.825s] Level 1:colcon.colcon_core.package_identification:_identify(.) by extension 'colcon_pkg'
[0.825s] Level 1:colcon.colcon_core.package_identification:_identify(.) by extensions ['colcon_meta']
[0.825s] Level 1:colcon.colcon_core.package_identification:_identify(.) by extension 'colcon_meta'
[0.825s] Level 1:colcon.colcon_core.package_identification:_identify(.) by extensions ['ros']
[0.825s] Level 1:colcon.colcon_core.package_identification:_identify(.) by extension 'ros'
[0.849s] Level 1:colcon.colcon_core.package_identification:_identify(.) by extensions ['cmake', 'python']
[0.849s] Level 1:colcon.colcon_core.package_identification:_identify(.) by extension 'cmake'
[0.849s] Level 1:colcon.colcon_core.package_identification:_identify(.) by extension 'python'
[0.849s] Level 1:colcon.colcon_core.package_identification:_identify(.) by extensions ['python_setup_py']
[0.849s] Level 1:colcon.colcon_core.package_identification:_identify(.) by extension 'python_setup_py'
[0.850s] Level 1:colcon.colcon_core.package_identification:_identify(build) by extensions ['ignore', 'ignore_ament_install']
[0.850s] Level 1:colcon.colcon_core.package_identification:_identify(build) by extension 'ignore'
[0.850s] Level 1:colcon.colcon_core.package_identification:_identify(build) ignored
[0.850s] Level 1:colcon.colcon_core.package_identification:_identify(install) by extensions ['ignore', 'ignore_ament_install']
[0.850s] Level 1:colcon.colcon_core.package_identification:_identify(install) by extension 'ignore'
[0.850s] Level 1:colcon.colcon_core.package_identification:_identify(install) ignored
[0.851s] Level 1:colcon.colcon_core.package_identification:_identify(log) by extensions ['ignore', 'ignore_ament_install']
[0.851s] Level 1:colcon.colcon_core.package_identification:_identify(log) by extension 'ignore'
[0.851s] Level 1:colcon.colcon_core.package_identification:_identify(log) ignored
[0.851s] Level 1:colcon.colcon_core.package_identification:_identify(ros2_ws) by extensions ['ignore', 'ignore_ament_install']
[0.851s] Level 1:colcon.colcon_core.package_identification:_identify(ros2_ws) by extension 'ignore'
[0.851s] Level 1:colcon.colcon_core.package_identification:_identify(ros2_ws) by extension 'ignore_ament_install'
[0.852s] Level 1:colcon.colcon_core.package_identification:_identify(ros2_ws) by extensions ['colcon_pkg']
[0.852s] Level 1:colcon.colcon_core.package_identification:_identify(ros2_ws) by extension 'colcon_pkg'
[0.852s] Level 1:colcon.colcon_core.package_identification:_identify(ros2_ws) by extensions ['colcon_meta']
[0.852s] Level 1:colcon.colcon_core.package_identification:_identify(ros2_ws) by extension 'colcon_meta'
[0.852s] Level 1:colcon.colcon_core.package_identification:_identify(ros2_ws) by extensions ['ros']
[0.852s] Level 1:colcon.colcon_core.package_identification:_identify(ros2_ws) by extension 'ros'
[0.852s] Level 1:colcon.colcon_core.package_identification:_identify(ros2_ws) by extensions ['cmake', 'python']
[0.852s] Level 1:colcon.colcon_core.package_identification:_identify(ros2_ws) by extension 'cmake'
[0.852s] Level 1:colcon.colcon_core.package_identification:_identify(ros2_ws) by extension 'python'
[0.852s] Level 1:colcon.colcon_core.package_identification:_identify(ros2_ws) by extensions ['python_setup_py']
[0.853s] Level 1:colcon.colcon_core.package_identification:_identify(ros2_ws) by extension 'python_setup_py'
[0.853s] Level 1:colcon.colcon_core.package_identification:_identify(ros2_ws/build) by extensions ['ignore', 'ignore_ament_install']
[0.853s] Level 1:colcon.colcon_core.package_identification:_identify(ros2_ws/build) by extension 'ignore'
[0.853s] Level 1:colcon.colcon_core.package_identification:_identify(ros2_ws/build) ignored
[0.853s] Level 1:colcon.colcon_core.package_identification:_identify(ros2_ws/install) by extensions ['ignore', 'ignore_ament_install']
[0.853s] Level 1:colcon.colcon_core.package_identification:_identify(ros2_ws/install) by extension 'ignore'
[0.854s] Level 1:colcon.colcon_core.package_identification:_identify(ros2_ws/install) ignored
[0.854s] Level 1:colcon.colcon_core.package_identification:_identify(ros2_ws/log) by extensions ['ignore', 'ignore_ament_install']
[0.854s] Level 1:colcon.colcon_core.package_identification:_identify(ros2_ws/log) by extension 'ignore'
[0.854s] Level 1:colcon.colcon_core.package_identification:_identify(ros2_ws/log) ignored
[0.854s] Level 1:colcon.colcon_core.package_identification:_identify(ros2_ws/src) by extensions ['ignore', 'ignore_ament_install']
[0.855s] Level 1:colcon.colcon_core.package_identification:_identify(ros2_ws/src) by extension 'ignore'
[0.855s] Level 1:colcon.colcon_core.package_identification:_identify(ros2_ws/src) by extension 'ignore_ament_install'
[0.855s] Level 1:colcon.colcon_core.package_identification:_identify(ros2_ws/src) by extensions ['colcon_pkg']
[0.855s] Level 1:colcon.colcon_core.package_identification:_identify(ros2_ws/src) by extension 'colcon_pkg'
[0.855s] Level 1:colcon.colcon_core.package_identification:_identify(ros2_ws/src) by extensions ['colcon_meta']
[0.855s] Level 1:colcon.colcon_core.package_identification:_identify(ros2_ws/src) by extension 'colcon_meta'
[0.855s] Level 1:colcon.colcon_core.package_identification:_identify(ros2_ws/src) by extensions ['ros']
[0.855s] Level 1:colcon.colcon_core.package_identification:_identify(ros2_ws/src) by extension 'ros'
[0.855s] Level 1:colcon.colcon_core.package_identification:_identify(ros2_ws/src) by extensions ['cmake', 'python']
[0.855s] Level 1:colcon.colcon_core.package_identification:_identify(ros2_ws/src) by extension 'cmake'
[0.856s] Level 1:colcon.colcon_core.package_identification:_identify(ros2_ws/src) by extension 'python'
[0.856s] Level 1:colcon.colcon_core.package_identification:_identify(ros2_ws/src) by extensions ['python_setup_py']
[0.856s] Level 1:colcon.colcon_core.package_identification:_identify(ros2_ws/src) by extension 'python_setup_py'
[0.856s] Level 1:colcon.colcon_core.package_identification:_identify(ros2_ws/src/build) by extensions ['ignore', 'ignore_ament_install']
[0.856s] Level 1:colcon.colcon_core.package_identification:_identify(ros2_ws/src/build) by extension 'ignore'
[0.856s] Level 1:colcon.colcon_core.package_identification:_identify(ros2_ws/src/build) ignored
[0.857s] Level 1:colcon.colcon_core.package_identification:_identify(ros2_ws/src/install) by extensions ['ignore', 'ignore_ament_install']
[0.857s] Level 1:colcon.colcon_core.package_identification:_identify(ros2_ws/src/install) by extension 'ignore'
[0.857s] Level 1:colcon.colcon_core.package_identification:_identify(ros2_ws/src/install) ignored
[0.857s] Level 1:colcon.colcon_core.package_identification:_identify(ros2_ws/src/log) by extensions ['ignore', 'ignore_ament_install']
[0.857s] Level 1:colcon.colcon_core.package_identification:_identify(ros2_ws/src/log) by extension 'ignore'
[0.857s] Level 1:colcon.colcon_core.package_identification:_identify(ros2_ws/src/log) ignored
[0.858s] Level 1:colcon.colcon_core.package_identification:_identify(ros2_ws/src/robot_taller2) by extensions ['ignore', 'ignore_ament_install']
[0.858s] Level 1:colcon.colcon_core.package_identification:_identify(ros2_ws/src/robot_taller2) by extension 'ignore'
[0.858s] Level 1:colcon.colcon_core.package_identification:_identify(ros2_ws/src/robot_taller2) by extension 'ignore_ament_install'
[0.858s] Level 1:colcon.colcon_core.package_identification:_identify(ros2_ws/src/robot_taller2) by extensions ['colcon_pkg']
[0.858s] Level 1:colcon.colcon_core.package_identification:_identify(ros2_ws/src/robot_taller2) by extension 'colcon_pkg'
[0.858s] Level 1:colcon.colcon_core.package_identification:_identify(ros2_ws/src/robot_taller2) by extensions ['colcon_meta']
[0.858s] Level 1:colcon.colcon_core.package_identification:_identify(ros2_ws/src/robot_taller2) by extension 'colcon_meta'
[0.858s] Level 1:colcon.colcon_core.package_identification:_identify(ros2_ws/src/robot_taller2) by extensions ['ros']
[0.859s] Level 1:colcon.colcon_core.package_identification:_identify(ros2_ws/src/robot_taller2) by extension 'ros'
[0.866s] DEBUG:colcon.colcon_core.package_identification:Package 'ros2_ws/src/robot_taller2' with type 'ros.ament_python' and name 'robot_taller2'
[0.866s] Level 1:colcon.colcon_core.package_identification:_identify(ros2_ws/src/walle_pkg) by extensions ['ignore', 'ignore_ament_install']
[0.866s] Level 1:colcon.colcon_core.package_identification:_identify(ros2_ws/src/walle_pkg) by extension 'ignore'
[0.867s] Level 1:colcon.colcon_core.package_identification:_identify(ros2_ws/src/walle_pkg) by extension 'ignore_ament_install'
[0.867s] Level 1:colcon.colcon_core.package_identification:_identify(ros2_ws/src/walle_pkg) by extensions ['colcon_pkg']
[0.867s] Level 1:colcon.colcon_core.package_identification:_identify(ros2_ws/src/walle_pkg) by extension 'colcon_pkg'
[0.867s] Level 1:colcon.colcon_core.package_identification:_identify(ros2_ws/src/walle_pkg) by extensions ['colcon_meta']
[0.867s] Level 1:colcon.colcon_core.package_identification:_identify(ros2_ws/src/walle_pkg) by extension 'colcon_meta'
[0.867s] Level 1:colcon.colcon_core.package_identification:_identify(ros2_ws/src/walle_pkg) by extensions ['ros']
[0.867s] Level 1:colcon.colcon_core.package_identification:_identify(ros2_ws/src/walle_pkg) by extension 'ros'
[0.869s] DEBUG:colcon.colcon_core.package_identification:Package 'ros2_ws/src/walle_pkg' with type 'ros.ament_python' and name 'walle_pkg'
[0.869s] Level 1:colcon.colcon_core.package_identification:_identify(serialarduinokey) by extensions ['ignore', 'ignore_ament_install']
[0.869s] Level 1:colcon.colcon_core.package_identification:_identify(serialarduinokey) by extension 'ignore'
[0.869s] Level 1:colcon.colcon_core.package_identification:_identify(serialarduinokey) by extension 'ignore_ament_install'
[0.869s] Level 1:colcon.colcon_core.package_identification:_identify(serialarduinokey) by extensions ['colcon_pkg']
[0.869s] Level 1:colcon.colcon_core.package_identification:_identify(serialarduinokey) by extension 'colcon_pkg'
[0.870s] Level 1:colcon.colcon_core.package_identification:_identify(serialarduinokey) by extensions ['colcon_meta']
[0.870s] Level 1:colcon.colcon_core.package_identification:_identify(serialarduinokey) by extension 'colcon_meta'
[0.870s] Level 1:colcon.colcon_core.package_identification:_identify(serialarduinokey) by extensions ['ros']
[0.870s] Level 1:colcon.colcon_core.package_identification:_identify(serialarduinokey) by extension 'ros'
[0.870s] Level 1:colcon.colcon_core.package_identification:_identify(serialarduinokey) by extensions ['cmake', 'python']
[0.870s] Level 1:colcon.colcon_core.package_identification:_identify(serialarduinokey) by extension 'cmake'
[0.870s] Level 1:colcon.colcon_core.package_identification:_identify(serialarduinokey) by extension 'python'
[0.870s] Level 1:colcon.colcon_core.package_identification:_identify(serialarduinokey) by extensions ['python_setup_py']
[0.870s] Level 1:colcon.colcon_core.package_identification:_identify(serialarduinokey) by extension 'python_setup_py'
[0.870s] Level 1:colcon.colcon_core.package_discovery:discover_packages(recursive) using defaults
[0.871s] Level 1:colcon.colcon_core.package_discovery:discover_packages(ignore) discover
[0.871s] Level 1:colcon.colcon_core.package_discovery:discover_packages(ignore) using defaults
[0.871s] Level 1:colcon.colcon_core.package_discovery:discover_packages(path) discover
[0.871s] Level 1:colcon.colcon_core.package_discovery:discover_packages(path) using defaults
[0.919s] Level 1:colcon.colcon_core.package_discovery:discover_packages(prefix_path) check parameters
[0.919s] Level 1:colcon.colcon_core.package_discovery:discover_packages(prefix_path) discover
[0.927s] DEBUG:colcon.colcon_installed_package_information.package_discovery:Found 284 installed packages in /opt/ros/humble
[0.930s] Level 1:colcon.colcon_core.package_discovery:discover_packages(prefix_path) using defaults
[1.073s] Level 5:colcon.colcon_core.verb:set package 'robot_taller2' build argument 'cmake_args' from command line to 'None'
[1.073s] Level 5:colcon.colcon_core.verb:set package 'robot_taller2' build argument 'cmake_target' from command line to 'None'
[1.073s] Level 5:colcon.colcon_core.verb:set package 'robot_taller2' build argument 'cmake_target_skip_unavailable' from command line to 'False'
[1.073s] Level 5:colcon.colcon_core.verb:set package 'robot_taller2' build argument 'cmake_clean_cache' from command line to 'False'
[1.073s] Level 5:colcon.colcon_core.verb:set package 'robot_taller2' build argument 'cmake_clean_first' from command line to 'False'
[1.073s] Level 5:colcon.colcon_core.verb:set package 'robot_taller2' build argument 'cmake_force_configure' from command line to 'False'
[1.073s] Level 5:colcon.colcon_core.verb:set package 'robot_taller2' build argument 'ament_cmake_args' from command line to 'None'
[1.073s] Level 5:colcon.colcon_core.verb:set package 'robot_taller2' build argument 'catkin_cmake_args' from command line to 'None'
[1.073s] Level 5:colcon.colcon_core.verb:set package 'robot_taller2' build argument 'catkin_skip_building_tests' from command line to 'False'
[1.073s] DEBUG:colcon.colcon_core.verb:Building package 'robot_taller2' with the following arguments: {'ament_cmake_args': None, 'build_base': '/home/juan/The_WALL-E_project/build/robot_taller2', 'catkin_cmake_args': None, 'catkin_skip_building_tests': False, 'cmake_args': None, 'cmake_clean_cache': False, 'cmake_clean_first': False, 'cmake_force_configure': False, 'cmake_target': None, 'cmake_target_skip_unavailable': False, 'install_base': '/home/juan/The_WALL-E_project/install/robot_taller2', 'merge_install': False, 'path': '/home/juan/The_WALL-E_project/ros2_ws/src/robot_taller2', 'symlink_install': False, 'test_result_base': None}
[1.076s] Level 5:colcon.colcon_core.verb:set package 'walle_pkg' build argument 'cmake_args' from command line to 'None'
[1.076s] Level 5:colcon.colcon_core.verb:set package 'walle_pkg' build argument 'cmake_target' from command line to 'None'
[1.076s] Level 5:colcon.colcon_core.verb:set package 'walle_pkg' build argument 'cmake_target_skip_unavailable' from command line to 'False'
[1.076s] Level 5:colcon.colcon_core.verb:set package 'walle_pkg' build argument 'cmake_clean_cache' from command line to 'False'
[1.076s] Level 5:colcon.colcon_core.verb:set package 'walle_pkg' build argument 'cmake_clean_first' from command line to 'False'
[1.076s] Level 5:colcon.colcon_core.verb:set package 'walle_pkg' build argument 'cmake_force_configure' from command line to 'False'
[1.076s] Level 5:colcon.colcon_core.verb:set package 'walle_pkg' build argument 'ament_cmake_args' from command line to 'None'
[1.076s] Level 5:colcon.colcon_core.verb:set package 'walle_pkg' build argument 'catkin_cmake_args' from command line to 'None'
[1.076s] Level 5:colcon.colcon_core.verb:set package 'walle_pkg' build argument 'catkin_skip_building_tests' from command line to 'False'
[1.076s] DEBUG:colcon.colcon_core.verb:Building package 'walle_pkg' with the following arguments: {'ament_cmake_args': None, 'build_base': '/home/juan/The_WALL-E_project/build/walle_pkg', 'catkin_cmake_args': None, 'catkin_skip_building_tests': False, 'cmake_args': None, 'cmake_clean_cache': False, 'cmake_clean_first': False, 'cmake_force_configure': False, 'cmake_target': None, 'cmake_target_skip_unavailable': False, 'install_base': '/home/juan/The_WALL-E_project/install/walle_pkg', 'merge_install': False, 'path': '/home/juan/The_WALL-E_project/ros2_ws/src/walle_pkg', 'symlink_install': False, 'test_result_base': None}
[1.078s] INFO:colcon.colcon_core.executor:Executing jobs using 'parallel' executor
[1.084s] DEBUG:colcon.colcon_parallel_executor.executor.parallel:run_until_complete
[1.084s] INFO:colcon.colcon_ros.task.ament_python.build:Building ROS package in '/home/juan/The_WALL-E_project/ros2_ws/src/robot_taller2' with build type 'ament_python'
[1.085s] Level 1:colcon.colcon_core.shell:create_environment_hook('robot_taller2', 'ament_prefix_path')
[1.094s] INFO:colcon.colcon_core.plugin_system:Skipping extension 'colcon_core.shell.bat': Not used on non-Windows systems
[1.095s] INFO:colcon.colcon_core.shell:Creating environment hook '/home/juan/The_WALL-E_project/install/robot_taller2/share/robot_taller2/hook/ament_prefix_path.ps1'
[1.103s] INFO:colcon.colcon_core.shell:Creating environment descriptor '/home/juan/The_WALL-E_project/install/robot_taller2/share/robot_taller2/hook/ament_prefix_path.dsv'
[1.105s] INFO:colcon.colcon_core.shell:Creating environment hook '/home/juan/The_WALL-E_project/install/robot_taller2/share/robot_taller2/hook/ament_prefix_path.sh'
[1.109s] INFO:colcon.colcon_core.shell:Skip shell extension 'powershell' for command environment: Not usable outside of PowerShell
[1.110s] DEBUG:colcon.colcon_core.shell:Skip shell extension 'dsv' for command environment
[1.122s] INFO:colcon.colcon_ros.task.ament_python.build:Building ROS package in '/home/juan/The_WALL-E_project/ros2_ws/src/walle_pkg' with build type 'ament_python'
[1.123s] Level 1:colcon.colcon_core.shell:create_environment_hook('walle_pkg', 'ament_prefix_path')
[1.127s] INFO:colcon.colcon_core.shell:Creating environment hook '/home/juan/The_WALL-E_project/install/walle_pkg/share/walle_pkg/hook/ament_prefix_path.ps1'
[1.128s] INFO:colcon.colcon_core.shell:Creating environment descriptor '/home/juan/The_WALL-E_project/install/walle_pkg/share/walle_pkg/hook/ament_prefix_path.dsv'
[1.129s] INFO:colcon.colcon_core.shell:Creating environment hook '/home/juan/The_WALL-E_project/install/walle_pkg/share/walle_pkg/hook/ament_prefix_path.sh'
[1.135s] INFO:colcon.colcon_core.shell:Skip shell extension 'powershell' for command environment: Not usable outside of PowerShell
[1.135s] DEBUG:colcon.colcon_core.shell:Skip shell extension 'dsv' for command environment
[1.455s] INFO:colcon.colcon_core.task.python.build:Building Python package in '/home/juan/The_WALL-E_project/ros2_ws/src/robot_taller2'
[1.456s] INFO:colcon.colcon_core.shell:Skip shell extension 'powershell' for command environment: Not usable outside of PowerShell
[1.456s] DEBUG:colcon.colcon_core.shell:Skip shell extension 'dsv' for command environment
[1.944s] INFO:colcon.colcon_core.task.python.build:Building Python package in '/home/juan/The_WALL-E_project/ros2_ws/src/walle_pkg'
[1.947s] INFO:colcon.colcon_core.shell:Skip shell extension 'powershell' for command environment: Not usable outside of PowerShell
[1.947s] DEBUG:colcon.colcon_core.shell:Skip shell extension 'dsv' for command environment
[2.437s] DEBUG:colcon.colcon_core.event_handler.log_command:Invoking command in '/home/juan/The_WALL-E_project/ros2_ws/src/robot_taller2': PYTHONPATH=/home/juan/The_WALL-E_project/build/robot_taller2/prefix_override:/home/juan/The_WALL-E_project/install/robot_taller2/lib/python3.10/site-packages:${PYTHONPATH} /usr/bin/python3 setup.py egg_info --egg-base ../../../build/robot_taller2 build --build-base /home/juan/The_WALL-E_project/build/robot_taller2/build install --record /home/juan/The_WALL-E_project/build/robot_taller2/install.log --single-version-externally-managed
[2.450s] DEBUG:colcon.colcon_core.event_handler.log_command:Invoking command in '/home/juan/The_WALL-E_project/ros2_ws/src/walle_pkg': PYTHONPATH=/home/juan/The_WALL-E_project/build/walle_pkg/prefix_override:/home/juan/The_WALL-E_project/install/walle_pkg/lib/python3.10/site-packages:${PYTHONPATH} /usr/bin/python3 setup.py egg_info --egg-base ../../../build/walle_pkg build --build-base /home/juan/The_WALL-E_project/build/walle_pkg/build install --record /home/juan/The_WALL-E_project/build/walle_pkg/install.log --single-version-externally-managed
[2.813s] DEBUG:colcon.colcon_core.event_handler.log_command:Invoked command in '/home/juan/The_WALL-E_project/ros2_ws/src/robot_taller2' returned '0': PYTHONPATH=/home/juan/The_WALL-E_project/build/robot_taller2/prefix_override:/home/juan/The_WALL-E_project/install/robot_taller2/lib/python3.10/site-packages:${PYTHONPATH} /usr/bin/python3 setup.py egg_info --egg-base ../../../build/robot_taller2 build --build-base /home/juan/The_WALL-E_project/build/robot_taller2/build install --record /home/juan/The_WALL-E_project/build/robot_taller2/install.log --single-version-externally-managed
[2.817s] Level 1:colcon.colcon_core.environment:checking '/home/juan/The_WALL-E_project/install/robot_taller2' for CMake module files
[2.818s] Level 1:colcon.colcon_core.environment:checking '/home/juan/The_WALL-E_project/install/robot_taller2' for CMake config files
[2.819s] Level 1:colcon.colcon_core.environment:checking '/home/juan/The_WALL-E_project/install/robot_taller2/lib'
[2.819s] Level 1:colcon.colcon_core.environment:checking '/home/juan/The_WALL-E_project/install/robot_taller2/bin'
[2.819s] Level 1:colcon.colcon_core.environment:checking '/home/juan/The_WALL-E_project/install/robot_taller2/lib/pkgconfig/robot_taller2.pc'
[2.819s] Level 1:colcon.colcon_core.environment:checking '/home/juan/The_WALL-E_project/install/robot_taller2/lib/python3.10/site-packages'
[2.819s] Level 1:colcon.colcon_core.shell:create_environment_hook('robot_taller2', 'pythonpath')
[2.821s] INFO:colcon.colcon_core.shell:Creating environment hook '/home/juan/The_WALL-E_project/install/robot_taller2/share/robot_taller2/hook/pythonpath.ps1'
[2.822s] INFO:colcon.colcon_core.shell:Creating environment descriptor '/home/juan/The_WALL-E_project/install/robot_taller2/share/robot_taller2/hook/pythonpath.dsv'
[2.822s] INFO:colcon.colcon_core.shell:Creating environment hook '/home/juan/The_WALL-E_project/install/robot_taller2/share/robot_taller2/hook/pythonpath.sh'
[2.822s] Level 1:colcon.colcon_core.environment:checking '/home/juan/The_WALL-E_project/install/robot_taller2/bin'
[2.822s] Level 1:colcon.colcon_core.environment:create_environment_scripts_only(robot_taller2)
[2.824s] INFO:colcon.colcon_core.shell:Creating package script '/home/juan/The_WALL-E_project/install/robot_taller2/share/robot_taller2/package.ps1'
[2.825s] INFO:colcon.colcon_core.shell:Creating package descriptor '/home/juan/The_WALL-E_project/install/robot_taller2/share/robot_taller2/package.dsv'
[2.826s] INFO:colcon.colcon_core.shell:Creating package script '/home/juan/The_WALL-E_project/install/robot_taller2/share/robot_taller2/package.sh'
[2.827s] INFO:colcon.colcon_core.shell:Creating package script '/home/juan/The_WALL-E_project/install/robot_taller2/share/robot_taller2/package.bash'
[2.827s] INFO:colcon.colcon_core.shell:Creating package script '/home/juan/The_WALL-E_project/install/robot_taller2/share/robot_taller2/package.zsh'
[2.828s] Level 1:colcon.colcon_core.environment:create_file_with_runtime_dependencies(/home/juan/The_WALL-E_project/install/robot_taller2/share/colcon-core/packages/robot_taller2)
[2.834s] Level 1:colcon.colcon_core.environment:checking '/home/juan/The_WALL-E_project/install/walle_pkg' for CMake module files
[2.835s] DEBUG:colcon.colcon_core.event_handler.log_command:Invoked command in '/home/juan/The_WALL-E_project/ros2_ws/src/walle_pkg' returned '0': PYTHONPATH=/home/juan/The_WALL-E_project/build/walle_pkg/prefix_override:/home/juan/The_WALL-E_project/install/walle_pkg/lib/python3.10/site-packages:${PYTHONPATH} /usr/bin/python3 setup.py egg_info --egg-base ../../../build/walle_pkg build --build-base /home/juan/The_WALL-E_project/build/walle_pkg/build install --record /home/juan/The_WALL-E_project/build/walle_pkg/install.log --single-version-externally-managed
[2.836s] Level 1:colcon.colcon_core.environment:checking '/home/juan/The_WALL-E_project/install/walle_pkg' for CMake config files
[2.837s] Level 1:colcon.colcon_core.environment:checking '/home/juan/The_WALL-E_project/install/walle_pkg/lib'
[2.837s] Level 1:colcon.colcon_core.environment:checking '/home/juan/The_WALL-E_project/install/walle_pkg/bin'
[2.837s] Level 1:colcon.colcon_core.environment:checking '/home/juan/The_WALL-E_project/install/walle_pkg/lib/pkgconfig/walle_pkg.pc'
[2.837s] Level 1:colcon.colcon_core.environment:checking '/home/juan/The_WALL-E_project/install/walle_pkg/lib/python3.10/site-packages'
[2.838s] Level 1:colcon.colcon_core.shell:create_environment_hook('walle_pkg', 'pythonpath')
[2.841s] INFO:colcon.colcon_core.shell:Creating environment hook '/home/juan/The_WALL-E_project/install/walle_pkg/share/walle_pkg/hook/pythonpath.ps1'
[2.841s] INFO:colcon.colcon_core.shell:Creating environment descriptor '/home/juan/The_WALL-E_project/install/walle_pkg/share/walle_pkg/hook/pythonpath.dsv'
[2.842s] INFO:colcon.colcon_core.shell:Creating environment hook '/home/juan/The_WALL-E_project/install/walle_pkg/share/walle_pkg/hook/pythonpath.sh'
[2.843s] Level 1:colcon.colcon_core.environment:checking '/home/juan/The_WALL-E_project/install/walle_pkg/bin'
[2.843s] Level 1:colcon.colcon_core.environment:create_environment_scripts_only(walle_pkg)
[2.846s] INFO:colcon.colcon_core.shell:Creating package script '/home/juan/The_WALL-E_project/install/walle_pkg/share/walle_pkg/package.ps1'
[2.846s] INFO:colcon.colcon_core.shell:Creating package descriptor '/home/juan/The_WALL-E_project/install/walle_pkg/share/walle_pkg/package.dsv'
[2.847s] INFO:colcon.colcon_core.shell:Creating package script '/home/juan/The_WALL-E_project/install/walle_pkg/share/walle_pkg/package.sh'
[2.848s] INFO:colcon.colcon_core.shell:Creating package script '/home/juan/The_WALL-E_project/install/walle_pkg/share/walle_pkg/package.bash'
[2.848s] INFO:colcon.colcon_core.shell:Creating package script '/home/juan/The_WALL-E_project/install/walle_pkg/share/walle_pkg/package.zsh'
[2.849s] Level 1:colcon.colcon_core.environment:create_file_with_runtime_dependencies(/home/juan/The_WALL-E_project/install/walle_pkg/share/colcon-core/packages/walle_pkg)
[2.849s] DEBUG:colcon.colcon_parallel_executor.executor.parallel:closing loop
[2.850s] DEBUG:colcon.colcon_parallel_executor.executor.parallel:loop closed
[2.851s] DEBUG:colcon.colcon_parallel_executor.executor.parallel:run_until_complete finished with '0'
[2.851s] DEBUG:colcon.colcon_core.event_reactor:joining thread
[2.866s] INFO:colcon.colcon_core.plugin_system:Skipping extension 'colcon_notification.desktop_notification.terminal_notifier': Not used on non-Darwin systems
[2.866s] INFO:colcon.colcon_core.plugin_system:Skipping extension 'colcon_notification.desktop_notification.win32': Not used on non-Windows systems
[2.866s] INFO:colcon.colcon_notification.desktop_notification:Sending desktop notification using 'notify2'
[2.886s] DEBUG:colcon.colcon_core.event_reactor:joined thread
[2.888s] INFO:colcon.colcon_core.shell:Creating prefix script '/home/juan/The_WALL-E_project/install/local_setup.ps1'
[2.890s] INFO:colcon.colcon_core.shell:Creating prefix util module '/home/juan/The_WALL-E_project/install/_local_setup_util_ps1.py'
[2.893s] INFO:colcon.colcon_core.shell:Creating prefix chain script '/home/juan/The_WALL-E_project/install/setup.ps1'
[2.896s] INFO:colcon.colcon_core.shell:Creating prefix script '/home/juan/The_WALL-E_project/install/local_setup.sh'
[2.897s] INFO:colcon.colcon_core.shell:Creating prefix util module '/home/juan/The_WALL-E_project/install/_local_setup_util_sh.py'
[2.898s] INFO:colcon.colcon_core.shell:Creating prefix chain script '/home/juan/The_WALL-E_project/install/setup.sh'
[2.901s] INFO:colcon.colcon_core.shell:Creating prefix script '/home/juan/The_WALL-E_project/install/local_setup.bash'
[2.902s] INFO:colcon.colcon_core.shell:Creating prefix chain script '/home/juan/The_WALL-E_project/install/setup.bash'
[2.905s] INFO:colcon.colcon_core.shell:Creating prefix script '/home/juan/The_WALL-E_project/install/local_setup.zsh'
[2.906s] INFO:colcon.colcon_core.shell:Creating prefix chain script '/home/juan/The_WALL-E_project/install/setup.zsh'
