[2.457s] Invoking command in '/home/juan/The_WALL-E_project/ros2_ws/walle_pkg': PYTHONPATH=/home/juan/The_WALL-E_project/ros2_ws/build/Walle_pkg/prefix_override:/home/juan/The_WALL-E_project/ros2_ws/install/Walle_pkg/lib/python3.10/site-packages:${PYTHONPATH} /usr/bin/python3 setup.py egg_info --egg-base ../build/Walle_pkg build --build-base /home/juan/The_WALL-E_project/ros2_ws/build/Walle_pkg/build install --record /home/juan/The_WALL-E_project/ros2_ws/build/Walle_pkg/install.log --single-version-externally-managed
[3.165s] running egg_info
[3.167s] creating ../build/Walle_pkg/walle_pkg.egg-info
[3.167s] writing ../build/Walle_pkg/walle_pkg.egg-info/PKG-INFO
[3.168s] writing dependency_links to ../build/Walle_pkg/walle_pkg.egg-info/dependency_links.txt
[3.168s] writing entry points to ../build/Walle_pkg/walle_pkg.egg-info/entry_points.txt
[3.169s] writing requirements to ../build/Walle_pkg/walle_pkg.egg-info/requires.txt
[3.169s] writing top-level names to ../build/Walle_pkg/walle_pkg.egg-info/top_level.txt
[3.170s] writing manifest file '../build/Walle_pkg/walle_pkg.egg-info/SOURCES.txt'
[3.175s] reading manifest file '../build/Walle_pkg/walle_pkg.egg-info/SOURCES.txt'
[3.178s] writing manifest file '../build/Walle_pkg/walle_pkg.egg-info/SOURCES.txt'
[3.178s] running build
[3.178s] running build_py
[3.179s] creating /home/juan/The_WALL-E_project/ros2_ws/build/Walle_pkg/build/lib/walle_pkg
[3.179s] copying walle_pkg/turtle_bot_teleop_t.py -> /home/juan/The_WALL-E_project/ros2_ws/build/Walle_pkg/build/lib/walle_pkg
[3.180s] copying walle_pkg/__init__.py -> /home/juan/The_WALL-E_project/ros2_ws/build/Walle_pkg/build/lib/walle_pkg
[3.181s] copying walle_pkg/turtlebot_player_client.py -> /home/juan/The_WALL-E_project/ros2_ws/build/Walle_pkg/build/lib/walle_pkg
[3.181s] copying walle_pkg/walle_interface.py -> /home/juan/The_WALL-E_project/ros2_ws/build/Walle_pkg/build/lib/walle_pkg
[3.181s] copying walle_pkg/robot_player_cliente.py -> /home/juan/The_WALL-E_project/ros2_ws/build/Walle_pkg/build/lib/walle_pkg
[3.182s] copying walle_pkg/turtlebot_player_serv.py -> /home/juan/The_WALL-E_project/ros2_ws/build/Walle_pkg/build/lib/walle_pkg
[3.182s] copying walle_pkg/turtle_bot_teleop.py -> /home/juan/The_WALL-E_project/ros2_ws/build/Walle_pkg/build/lib/walle_pkg
[3.182s] copying walle_pkg/robot_player_servidor.py -> /home/juan/The_WALL-E_project/ros2_ws/build/Walle_pkg/build/lib/walle_pkg
[3.183s] copying walle_pkg/connection_serial.py -> /home/juan/The_WALL-E_project/ros2_ws/build/Walle_pkg/build/lib/walle_pkg
[3.183s] copying walle_pkg/turtle_bot_teleop_l.py -> /home/juan/The_WALL-E_project/ros2_ws/build/Walle_pkg/build/lib/walle_pkg
[3.184s] running install
[3.185s] /usr/lib/python3/dist-packages/setuptools/command/install.py:34: SetuptoolsDeprecationWarning: setup.py install is deprecated. Use build and pip and other standards-based tools.
[3.186s]   warnings.warn(
[3.186s] running install_lib
[3.187s] creating /home/juan/The_WALL-E_project/ros2_ws/install/Walle_pkg/lib/python3.10/site-packages/walle_pkg
[3.187s] copying /home/juan/The_WALL-E_project/ros2_ws/build/Walle_pkg/build/lib/walle_pkg/turtle_bot_teleop_t.py -> /home/juan/The_WALL-E_project/ros2_ws/install/Walle_pkg/lib/python3.10/site-packages/walle_pkg
[3.187s] copying /home/juan/The_WALL-E_project/ros2_ws/build/Walle_pkg/build/lib/walle_pkg/__init__.py -> /home/juan/The_WALL-E_project/ros2_ws/install/Walle_pkg/lib/python3.10/site-packages/walle_pkg
[3.188s] copying /home/juan/The_WALL-E_project/ros2_ws/build/Walle_pkg/build/lib/walle_pkg/turtlebot_player_client.py -> /home/juan/The_WALL-E_project/ros2_ws/install/Walle_pkg/lib/python3.10/site-packages/walle_pkg
[3.188s] copying /home/juan/The_WALL-E_project/ros2_ws/build/Walle_pkg/build/lib/walle_pkg/walle_interface.py -> /home/juan/The_WALL-E_project/ros2_ws/install/Walle_pkg/lib/python3.10/site-packages/walle_pkg
[3.189s] copying /home/juan/The_WALL-E_project/ros2_ws/build/Walle_pkg/build/lib/walle_pkg/robot_player_cliente.py -> /home/juan/The_WALL-E_project/ros2_ws/install/Walle_pkg/lib/python3.10/site-packages/walle_pkg
[3.190s] copying /home/juan/The_WALL-E_project/ros2_ws/build/Walle_pkg/build/lib/walle_pkg/turtlebot_player_serv.py -> /home/juan/The_WALL-E_project/ros2_ws/install/Walle_pkg/lib/python3.10/site-packages/walle_pkg
[3.190s] copying /home/juan/The_WALL-E_project/ros2_ws/build/Walle_pkg/build/lib/walle_pkg/turtle_bot_teleop.py -> /home/juan/The_WALL-E_project/ros2_ws/install/Walle_pkg/lib/python3.10/site-packages/walle_pkg
[3.191s] copying /home/juan/The_WALL-E_project/ros2_ws/build/Walle_pkg/build/lib/walle_pkg/robot_player_servidor.py -> /home/juan/The_WALL-E_project/ros2_ws/install/Walle_pkg/lib/python3.10/site-packages/walle_pkg
[3.192s] copying /home/juan/The_WALL-E_project/ros2_ws/build/Walle_pkg/build/lib/walle_pkg/connection_serial.py -> /home/juan/The_WALL-E_project/ros2_ws/install/Walle_pkg/lib/python3.10/site-packages/walle_pkg
[3.192s] copying /home/juan/The_WALL-E_project/ros2_ws/build/Walle_pkg/build/lib/walle_pkg/turtle_bot_teleop_l.py -> /home/juan/The_WALL-E_project/ros2_ws/install/Walle_pkg/lib/python3.10/site-packages/walle_pkg
[3.193s] byte-compiling /home/juan/The_WALL-E_project/ros2_ws/install/Walle_pkg/lib/python3.10/site-packages/walle_pkg/turtle_bot_teleop_t.py to turtle_bot_teleop_t.cpython-310.pyc
[3.193s] byte-compiling /home/juan/The_WALL-E_project/ros2_ws/install/Walle_pkg/lib/python3.10/site-packages/walle_pkg/__init__.py to __init__.cpython-310.pyc
[3.194s] byte-compiling /home/juan/The_WALL-E_project/ros2_ws/install/Walle_pkg/lib/python3.10/site-packages/walle_pkg/turtlebot_player_client.py to turtlebot_player_client.cpython-310.pyc
[3.194s] byte-compiling /home/juan/The_WALL-E_project/ros2_ws/install/Walle_pkg/lib/python3.10/site-packages/walle_pkg/walle_interface.py to walle_interface.cpython-310.pyc
[3.194s]   File "/home/juan/The_WALL-E_project/ros2_ws/install/Walle_pkg/lib/python3.10/site-packages/walle_pkg/turtlebot_player_client.py", line 3
[3.195s]     from import nameFile,nameFileResponse
[3.195s]          ^^^^^^
[3.195s] SyntaxError: invalid syntax
[3.195s] 
[3.196s] byte-compiling /home/juan/The_WALL-E_project/ros2_ws/install/Walle_pkg/lib/python3.10/site-packages/walle_pkg/robot_player_cliente.py to robot_player_cliente.cpython-310.pyc
[3.197s] Sorry: IndentationError: expected an indented block after 'if' statement on line 39 (robot_player_cliente.py, line 40)
[3.197s] byte-compiling /home/juan/The_WALL-E_project/ros2_ws/install/Walle_pkg/lib/python3.10/site-packages/walle_pkg/turtlebot_player_serv.py to turtlebot_player_serv.cpython-310.pyc
[3.198s] byte-compiling /home/juan/The_WALL-E_project/ros2_ws/install/Walle_pkg/lib/python3.10/site-packages/walle_pkg/turtle_bot_teleop.py to turtle_bot_teleop.cpython-310.pyc
[3.199s] byte-compiling /home/juan/The_WALL-E_project/ros2_ws/install/Walle_pkg/lib/python3.10/site-packages/walle_pkg/robot_player_servidor.py to robot_player_servidor.cpython-310.pyc
[3.200s] byte-compiling /home/juan/The_WALL-E_project/ros2_ws/install/Walle_pkg/lib/python3.10/site-packages/walle_pkg/connection_serial.py to connection_serial.cpython-310.pyc
[3.201s] byte-compiling /home/juan/The_WALL-E_project/ros2_ws/install/Walle_pkg/lib/python3.10/site-packages/walle_pkg/turtle_bot_teleop_l.py to turtle_bot_teleop_l.cpython-310.pyc
[3.202s] byte-compiling /home/juan/The_WALL-E_project/ros2_ws/install/Walle_pkg/lib/python3.10/site-packages/Walle_pkg/turtlebot_player_client.py to turtlebot_player_client.cpython-310.pyc
[3.203s]   File "/home/juan/The_WALL-E_project/ros2_ws/install/Walle_pkg/lib/python3.10/site-packages/Walle_pkg/turtlebot_player_client.py", line 5
[3.203s]     from  import *
[3.203s]           ^^^^^^
[3.204s] SyntaxError: invalid syntax
[3.204s] 
[3.204s] running install_data
[3.205s] error: can't copy 'resource/walle_pkg': doesn't exist or not a regular file
[3.255s] Invoked command in '/home/juan/The_WALL-E_project/ros2_ws/walle_pkg' returned '1': PYTHONPATH=/home/juan/The_WALL-E_project/ros2_ws/build/Walle_pkg/prefix_override:/home/juan/The_WALL-E_project/ros2_ws/install/Walle_pkg/lib/python3.10/site-packages:${PYTHONPATH} /usr/bin/python3 setup.py egg_info --egg-base ../build/Walle_pkg build --build-base /home/juan/The_WALL-E_project/ros2_ws/build/Walle_pkg/build install --record /home/juan/The_WALL-E_project/ros2_ws/build/Walle_pkg/install.log --single-version-externally-managed
