running egg_info
creating ../../../build/robot_taller2/robot_taller2.egg-info
writing ../../../build/robot_taller2/robot_taller2.egg-info/PKG-INFO
writing dependency_links to ../../../build/robot_taller2/robot_taller2.egg-info/dependency_links.txt
writing entry points to ../../../build/robot_taller2/robot_taller2.egg-info/entry_points.txt
writing requirements to ../../../build/robot_taller2/robot_taller2.egg-info/requires.txt
writing top-level names to ../../../build/robot_taller2/robot_taller2.egg-info/top_level.txt
writing manifest file '../../../build/robot_taller2/robot_taller2.egg-info/SOURCES.txt'
reading manifest file '../../../build/robot_taller2/robot_taller2.egg-info/SOURCES.txt'
writing manifest file '../../../build/robot_taller2/robot_taller2.egg-info/SOURCES.txt'
running build
running build_py
creating /home/juan/The_WALL-E_project/build/robot_taller2/build
creating /home/juan/The_WALL-E_project/build/robot_taller2/build/lib
creating /home/juan/The_WALL-E_project/build/robot_taller2/build/lib/robot_taller2
copying robot_taller2/__init__.py -> /home/juan/The_WALL-E_project/build/robot_taller2/build/lib/robot_taller2
running install
/usr/lib/python3/dist-packages/setuptools/command/install.py:34: SetuptoolsDeprecationWarning: setup.py install is deprecated. Use build and pip and other standards-based tools.
  warnings.warn(
running install_lib
creating /home/juan/The_WALL-E_project/install/robot_taller2/lib/python3.10/site-packages/robot_taller2
copying /home/juan/The_WALL-E_project/build/robot_taller2/build/lib/robot_taller2/__init__.py -> /home/juan/The_WALL-E_project/install/robot_taller2/lib/python3.10/site-packages/robot_taller2
byte-compiling /home/juan/The_WALL-E_project/install/robot_taller2/lib/python3.10/site-packages/robot_taller2/__init__.py to __init__.cpython-310.pyc
running install_data
creating /home/juan/The_WALL-E_project/install/robot_taller2/share/ament_index
creating /home/juan/The_WALL-E_project/install/robot_taller2/share/ament_index/resource_index
creating /home/juan/The_WALL-E_project/install/robot_taller2/share/ament_index/resource_index/packages
copying resource/robot_taller2 -> /home/juan/The_WALL-E_project/install/robot_taller2/share/ament_index/resource_index/packages
copying package.xml -> /home/juan/The_WALL-E_project/install/robot_taller2/share/robot_taller2
running install_egg_info
Copying ../../../build/robot_taller2/robot_taller2.egg-info to /home/juan/The_WALL-E_project/install/robot_taller2/lib/python3.10/site-packages/robot_taller2-0.0.0-py3.10.egg-info
running install_scripts
Installing raspy_serial script to /home/juan/The_WALL-E_project/install/robot_taller2/lib/robot_taller2
Installing robot_interface script to /home/juan/The_WALL-E_project/install/robot_taller2/lib/robot_taller2
Installing robot_player script to /home/juan/The_WALL-E_project/install/robot_taller2/lib/robot_taller2
Installing robot_teleop script to /home/juan/The_WALL-E_project/install/robot_taller2/lib/robot_taller2
writing list of installed files to '/home/juan/The_WALL-E_project/build/robot_taller2/install.log'
