[1.350s] Invoking command in '/home/juan/The_WALL-E_project/ros2_ws/src/robot_taller2': PYTHONPATH=/home/juan/The_WALL-E_project/build/robot_taller2/prefix_override:/home/juan/The_WALL-E_project/install/robot_taller2/lib/python3.10/site-packages:${PYTHONPATH} /usr/bin/python3 setup.py egg_info --egg-base ../../../build/robot_taller2 build --build-base /home/juan/The_WALL-E_project/build/robot_taller2/build install --record /home/juan/The_WALL-E_project/build/robot_taller2/install.log --single-version-externally-managed
[1.643s] running egg_info
[1.643s] creating ../../../build/robot_taller2/robot_taller2.egg-info
[1.643s] writing ../../../build/robot_taller2/robot_taller2.egg-info/PKG-INFO
[1.644s] writing dependency_links to ../../../build/robot_taller2/robot_taller2.egg-info/dependency_links.txt
[1.644s] writing entry points to ../../../build/robot_taller2/robot_taller2.egg-info/entry_points.txt
[1.644s] writing requirements to ../../../build/robot_taller2/robot_taller2.egg-info/requires.txt
[1.644s] writing top-level names to ../../../build/robot_taller2/robot_taller2.egg-info/top_level.txt
[1.644s] writing manifest file '../../../build/robot_taller2/robot_taller2.egg-info/SOURCES.txt'
[1.647s] reading manifest file '../../../build/robot_taller2/robot_taller2.egg-info/SOURCES.txt'
[1.647s] writing manifest file '../../../build/robot_taller2/robot_taller2.egg-info/SOURCES.txt'
[1.648s] running build
[1.648s] running build_py
[1.648s] creating /home/juan/The_WALL-E_project/build/robot_taller2/build
[1.648s] creating /home/juan/The_WALL-E_project/build/robot_taller2/build/lib
[1.648s] creating /home/juan/The_WALL-E_project/build/robot_taller2/build/lib/robot_taller2
[1.648s] copying robot_taller2/__init__.py -> /home/juan/The_WALL-E_project/build/robot_taller2/build/lib/robot_taller2
[1.648s] running install
[1.658s] /usr/lib/python3/dist-packages/setuptools/command/install.py:34: SetuptoolsDeprecationWarning: setup.py install is deprecated. Use build and pip and other standards-based tools.
[1.658s]   warnings.warn(
[1.658s] running install_lib
[1.659s] creating /home/juan/The_WALL-E_project/install/robot_taller2/lib/python3.10/site-packages/robot_taller2
[1.659s] copying /home/juan/The_WALL-E_project/build/robot_taller2/build/lib/robot_taller2/__init__.py -> /home/juan/The_WALL-E_project/install/robot_taller2/lib/python3.10/site-packages/robot_taller2
[1.660s] byte-compiling /home/juan/The_WALL-E_project/install/robot_taller2/lib/python3.10/site-packages/robot_taller2/__init__.py to __init__.cpython-310.pyc
[1.660s] running install_data
[1.660s] creating /home/juan/The_WALL-E_project/install/robot_taller2/share/ament_index
[1.661s] creating /home/juan/The_WALL-E_project/install/robot_taller2/share/ament_index/resource_index
[1.661s] creating /home/juan/The_WALL-E_project/install/robot_taller2/share/ament_index/resource_index/packages
[1.661s] copying resource/robot_taller2 -> /home/juan/The_WALL-E_project/install/robot_taller2/share/ament_index/resource_index/packages
[1.661s] copying package.xml -> /home/juan/The_WALL-E_project/install/robot_taller2/share/robot_taller2
[1.661s] running install_egg_info
[1.663s] Copying ../../../build/robot_taller2/robot_taller2.egg-info to /home/juan/The_WALL-E_project/install/robot_taller2/lib/python3.10/site-packages/robot_taller2-0.0.0-py3.10.egg-info
[1.664s] running install_scripts
[1.686s] Installing raspy_serial script to /home/juan/The_WALL-E_project/install/robot_taller2/lib/robot_taller2
[1.687s] Installing robot_interface script to /home/juan/The_WALL-E_project/install/robot_taller2/lib/robot_taller2
[1.687s] Installing robot_player script to /home/juan/The_WALL-E_project/install/robot_taller2/lib/robot_taller2
[1.687s] Installing robot_teleop script to /home/juan/The_WALL-E_project/install/robot_taller2/lib/robot_taller2
[1.687s] writing list of installed files to '/home/juan/The_WALL-E_project/build/robot_taller2/install.log'
[1.726s] Invoked command in '/home/juan/The_WALL-E_project/ros2_ws/src/robot_taller2' returned '0': PYTHONPATH=/home/juan/The_WALL-E_project/build/robot_taller2/prefix_override:/home/juan/The_WALL-E_project/install/robot_taller2/lib/python3.10/site-packages:${PYTHONPATH} /usr/bin/python3 setup.py egg_info --egg-base ../../../build/robot_taller2 build --build-base /home/juan/The_WALL-E_project/build/robot_taller2/build install --record /home/juan/The_WALL-E_project/build/robot_taller2/install.log --single-version-externally-managed
