[0.804s] DEBUG:colcon:Command line arguments: ['/usr/bin/colcon', 'build']
[0.804s] DEBUG:colcon:Parsed command line arguments: Namespace(log_base=None, log_level=None, verb_name='build', build_base='build', install_base='install', merge_install=False, symlink_install=False, test_result_base=None, continue_on_error=False, executor='parallel', parallel_workers=8, event_handlers=None, ignore_user_meta=False, metas=['./colcon.meta'], base_paths=['.'], packages_ignore=None, packages_ignore_regex=None, paths=None, packages_up_to=None, packages_up_to_regex=None, packages_above=None, packages_above_and_dependencies=None, packages_above_depth=None, packages_select_by_dep=None, packages_skip_by_dep=None, packages_skip_up_to=None, packages_select_build_failed=False, packages_skip_build_finished=False, packages_select_test_failures=False, packages_skip_test_passed=False, packages_select=None, packages_skip=None, packages_select_regex=None, packages_skip_regex=None, packages_start=None, packages_end=None, allow_overriding=[], cmake_args=None, cmake_target=None, cmake_target_skip_unavailable=False, cmake_clean_cache=False, cmake_clean_first=False, cmake_force_configure=False, ament_cmake_args=None, catkin_cmake_args=None, catkin_skip_building_tests=False, verb_parser=<colcon_defaults.argument_parser.defaults.DefaultArgumentsDecorator object at 0x7f843a00acb0>, verb_extension=<colcon_core.verb.build.BuildVerb object at 0x7f843aa6e410>, main=<bound method BuildVerb.main of <colcon_core.verb.build.BuildVerb object at 0x7f843aa6e410>>)
[0.875s] Level 1:colcon.colcon_core.package_discovery:discover_packages(colcon_meta) check parameters
[0.875s] Level 1:colcon.colcon_core.package_discovery:discover_packages(recursive) check parameters
[0.876s] Level 1:colcon.colcon_core.package_discovery:discover_packages(ignore) check parameters
[0.876s] Level 1:colcon.colcon_core.package_discovery:discover_packages(path) check parameters
[0.876s] Level 1:colcon.colcon_core.package_discovery:discover_packages(colcon_meta) discover
[0.876s] Level 1:colcon.colcon_core.package_discovery:discover_packages(recursive) discover
[0.876s] INFO:colcon.colcon_core.package_discovery:Crawling recursively for packages in '/home/juan/The_WALL-E_project/ros2_ws'
[0.876s] Level 1:colcon.colcon_core.package_identification:_identify(.) by extensions ['ignore', 'ignore_ament_install']
[0.877s] Level 1:colcon.colcon_core.package_identification:_identify(.) by extension 'ignore'
[0.877s] Level 1:colcon.colcon_core.package_identification:_identify(.) by extension 'ignore_ament_install'
[0.877s] Level 1:colcon.colcon_core.package_identification:_identify(.) by extensions ['colcon_pkg']
[0.877s] Level 1:colcon.colcon_core.package_identification:_identify(.) by extension 'colcon_pkg'
[0.877s] Level 1:colcon.colcon_core.package_identification:_identify(.) by extensions ['colcon_meta']
[0.877s] Level 1:colcon.colcon_core.package_identification:_identify(.) by extension 'colcon_meta'
[0.877s] Level 1:colcon.colcon_core.package_identification:_identify(.) by extensions ['ros']
[0.878s] Level 1:colcon.colcon_core.package_identification:_identify(.) by extension 'ros'
[0.903s] Level 1:colcon.colcon_core.package_identification:_identify(.) by extensions ['cmake', 'python']
[0.903s] Level 1:colcon.colcon_core.package_identification:_identify(.) by extension 'cmake'
[0.903s] Level 1:colcon.colcon_core.package_identification:_identify(.) by extension 'python'
[0.903s] Level 1:colcon.colcon_core.package_identification:_identify(.) by extensions ['python_setup_py']
[0.903s] Level 1:colcon.colcon_core.package_identification:_identify(.) by extension 'python_setup_py'
[0.903s] Level 1:colcon.colcon_core.package_identification:_identify(build) by extensions ['ignore', 'ignore_ament_install']
[0.904s] Level 1:colcon.colcon_core.package_identification:_identify(build) by extension 'ignore'
[0.904s] Level 1:colcon.colcon_core.package_identification:_identify(build) ignored
[0.904s] Level 1:colcon.colcon_core.package_identification:_identify(install) by extensions ['ignore', 'ignore_ament_install']
[0.904s] Level 1:colcon.colcon_core.package_identification:_identify(install) by extension 'ignore'
[0.904s] Level 1:colcon.colcon_core.package_identification:_identify(install) ignored
[0.905s] Level 1:colcon.colcon_core.package_identification:_identify(log) by extensions ['ignore', 'ignore_ament_install']
[0.905s] Level 1:colcon.colcon_core.package_identification:_identify(log) by extension 'ignore'
[0.905s] Level 1:colcon.colcon_core.package_identification:_identify(log) ignored
[0.905s] Level 1:colcon.colcon_core.package_identification:_identify(robot_taller) by extensions ['ignore', 'ignore_ament_install']
[0.905s] Level 1:colcon.colcon_core.package_identification:_identify(robot_taller) by extension 'ignore'
[0.905s] Level 1:colcon.colcon_core.package_identification:_identify(robot_taller) by extension 'ignore_ament_install'
[0.906s] Level 1:colcon.colcon_core.package_identification:_identify(robot_taller) by extensions ['colcon_pkg']
[0.906s] Level 1:colcon.colcon_core.package_identification:_identify(robot_taller) by extension 'colcon_pkg'
[0.906s] Level 1:colcon.colcon_core.package_identification:_identify(robot_taller) by extensions ['colcon_meta']
[0.906s] Level 1:colcon.colcon_core.package_identification:_identify(robot_taller) by extension 'colcon_meta'
[0.906s] Level 1:colcon.colcon_core.package_identification:_identify(robot_taller) by extensions ['ros']
[0.906s] Level 1:colcon.colcon_core.package_identification:_identify(robot_taller) by extension 'ros'
[0.913s] DEBUG:colcon.colcon_core.package_identification:Package 'robot_taller' with type 'ros.ament_python' and name 'robot_taller2'
[0.913s] Level 1:colcon.colcon_core.package_identification:_identify(src) by extensions ['ignore', 'ignore_ament_install']
[0.914s] Level 1:colcon.colcon_core.package_identification:_identify(src) by extension 'ignore'
[0.914s] Level 1:colcon.colcon_core.package_identification:_identify(src) by extension 'ignore_ament_install'
[0.914s] Level 1:colcon.colcon_core.package_identification:_identify(src) by extensions ['colcon_pkg']
[0.914s] Level 1:colcon.colcon_core.package_identification:_identify(src) by extension 'colcon_pkg'
[0.914s] Level 1:colcon.colcon_core.package_identification:_identify(src) by extensions ['colcon_meta']
[0.914s] Level 1:colcon.colcon_core.package_identification:_identify(src) by extension 'colcon_meta'
[0.914s] Level 1:colcon.colcon_core.package_identification:_identify(src) by extensions ['ros']
[0.914s] Level 1:colcon.colcon_core.package_identification:_identify(src) by extension 'ros'
[0.915s] Level 1:colcon.colcon_core.package_identification:_identify(src) by extensions ['cmake', 'python']
[0.915s] Level 1:colcon.colcon_core.package_identification:_identify(src) by extension 'cmake'
[0.915s] Level 1:colcon.colcon_core.package_identification:_identify(src) by extension 'python'
[0.915s] Level 1:colcon.colcon_core.package_identification:_identify(src) by extensions ['python_setup_py']
[0.915s] Level 1:colcon.colcon_core.package_identification:_identify(src) by extension 'python_setup_py'
[0.915s] Level 1:colcon.colcon_core.package_identification:_identify(src/robot_taller2) by extensions ['ignore', 'ignore_ament_install']
[0.915s] Level 1:colcon.colcon_core.package_identification:_identify(src/robot_taller2) by extension 'ignore'
[0.915s] Level 1:colcon.colcon_core.package_identification:_identify(src/robot_taller2) by extension 'ignore_ament_install'
[0.916s] Level 1:colcon.colcon_core.package_identification:_identify(src/robot_taller2) by extensions ['colcon_pkg']
[0.916s] Level 1:colcon.colcon_core.package_identification:_identify(src/robot_taller2) by extension 'colcon_pkg'
[0.916s] Level 1:colcon.colcon_core.package_identification:_identify(src/robot_taller2) by extensions ['colcon_meta']
[0.916s] Level 1:colcon.colcon_core.package_identification:_identify(src/robot_taller2) by extension 'colcon_meta'
[0.916s] Level 1:colcon.colcon_core.package_identification:_identify(src/robot_taller2) by extensions ['ros']
[0.916s] Level 1:colcon.colcon_core.package_identification:_identify(src/robot_taller2) by extension 'ros'
[0.918s] DEBUG:colcon.colcon_core.package_identification:Package 'src/robot_taller2' with type 'ros.ament_python' and name 'robot_taller2'
[0.918s] Level 1:colcon.colcon_core.package_identification:_identify(walle_pkg) by extensions ['ignore', 'ignore_ament_install']
[0.919s] Level 1:colcon.colcon_core.package_identification:_identify(walle_pkg) by extension 'ignore'
[0.919s] Level 1:colcon.colcon_core.package_identification:_identify(walle_pkg) by extension 'ignore_ament_install'
[0.919s] Level 1:colcon.colcon_core.package_identification:_identify(walle_pkg) by extensions ['colcon_pkg']
[0.919s] Level 1:colcon.colcon_core.package_identification:_identify(walle_pkg) by extension 'colcon_pkg'
[0.919s] Level 1:colcon.colcon_core.package_identification:_identify(walle_pkg) by extensions ['colcon_meta']
[0.919s] Level 1:colcon.colcon_core.package_identification:_identify(walle_pkg) by extension 'colcon_meta'
[0.919s] Level 1:colcon.colcon_core.package_identification:_identify(walle_pkg) by extensions ['ros']
[0.919s] Level 1:colcon.colcon_core.package_identification:_identify(walle_pkg) by extension 'ros'
[0.920s] DEBUG:colcon.colcon_core.package_identification:Package 'walle_pkg' with type 'ros.ament_python' and name 'Walle_pkg'
[0.920s] Level 1:colcon.colcon_core.package_discovery:discover_packages(recursive) using defaults
[0.921s] Level 1:colcon.colcon_core.package_discovery:discover_packages(ignore) discover
[0.921s] Level 1:colcon.colcon_core.package_discovery:discover_packages(ignore) using defaults
[0.921s] Level 1:colcon.colcon_core.package_discovery:discover_packages(path) discover
[0.921s] Level 1:colcon.colcon_core.package_discovery:discover_packages(path) using defaults
[0.994s] Level 1:colcon.colcon_core.package_discovery:discover_packages(prefix_path) check parameters
[0.994s] Level 1:colcon.colcon_core.package_discovery:discover_packages(prefix_path) discover
[1.005s] DEBUG:colcon.colcon_installed_package_information.package_discovery:Found 284 installed packages in /opt/ros/humble
[1.008s] Level 1:colcon.colcon_core.package_discovery:discover_packages(prefix_path) using defaults
[1.178s] ERROR:colcon:colcon build: Duplicate package names not supported:
- robot_taller2:
  - robot_taller
  - src/robot_taller2
