[2.154s] Invoking command in '/home/juan/The_WALL-E_project/ros2_ws/src/walle_pkg': PYTHONPATH=/home/juan/The_WALL-E_project/ros2_ws/build/walle_pkg/prefix_override:/home/juan/The_WALL-E_project/ros2_ws/install/walle_pkg/lib/python3.10/site-packages:${PYTHONPATH} /usr/bin/python3 setup.py egg_info --egg-base ../../build/walle_pkg build --build-base /home/juan/The_WALL-E_project/ros2_ws/build/walle_pkg/build install --record /home/juan/The_WALL-E_project/ros2_ws/build/walle_pkg/install.log --single-version-externally-managed
[2.824s] running egg_info
[2.826s] writing ../../build/walle_pkg/walle_pkg.egg-info/PKG-INFO
[2.826s] writing dependency_links to ../../build/walle_pkg/walle_pkg.egg-info/dependency_links.txt
[2.827s] writing entry points to ../../build/walle_pkg/walle_pkg.egg-info/entry_points.txt
[2.827s] writing requirements to ../../build/walle_pkg/walle_pkg.egg-info/requires.txt
[2.828s] writing top-level names to ../../build/walle_pkg/walle_pkg.egg-info/top_level.txt
[2.832s] reading manifest file '../../build/walle_pkg/walle_pkg.egg-info/SOURCES.txt'
[2.834s] writing manifest file '../../build/walle_pkg/walle_pkg.egg-info/SOURCES.txt'
[2.835s] running build
[2.835s] running build_py
[2.836s] running install
[2.837s] /usr/lib/python3/dist-packages/setuptools/command/install.py:34: SetuptoolsDeprecationWarning: setup.py install is deprecated. Use build and pip and other standards-based tools.
[2.837s]   warnings.warn(
[2.838s] running install_lib
[2.841s] running install_data
[2.843s] running install_egg_info
[2.846s] removing '/home/juan/The_WALL-E_project/ros2_ws/install/walle_pkg/lib/python3.10/site-packages/walle_pkg-0.0.0-py3.10.egg-info' (and everything under it)
[2.847s] Copying ../../build/walle_pkg/walle_pkg.egg-info to /home/juan/The_WALL-E_project/ros2_ws/install/walle_pkg/lib/python3.10/site-packages/walle_pkg-0.0.0-py3.10.egg-info
[2.849s] running install_scripts
[2.904s] Installing Raspy_serial script to /home/juan/The_WALL-E_project/ros2_ws/install/walle_pkg/lib/walle_pkg
[2.904s] Installing connection_serial script to /home/juan/The_WALL-E_project/ros2_ws/install/walle_pkg/lib/walle_pkg
[2.904s] Installing robot_interface script to /home/juan/The_WALL-E_project/ros2_ws/install/walle_pkg/lib/walle_pkg
[2.905s] Installing robot_player script to /home/juan/The_WALL-E_project/ros2_ws/install/walle_pkg/lib/walle_pkg
[2.905s] Installing robot_teleop script to /home/juan/The_WALL-E_project/ros2_ws/install/walle_pkg/lib/walle_pkg
[2.906s] Installing turtle_bot_teleop script to /home/juan/The_WALL-E_project/ros2_ws/install/walle_pkg/lib/walle_pkg
[2.906s] Installing walle_interface script to /home/juan/The_WALL-E_project/ros2_ws/install/walle_pkg/lib/walle_pkg
[2.910s] writing list of installed files to '/home/juan/The_WALL-E_project/ros2_ws/build/walle_pkg/install.log'
[2.969s] Invoked command in '/home/juan/The_WALL-E_project/ros2_ws/src/walle_pkg' returned '0': PYTHONPATH=/home/juan/The_WALL-E_project/ros2_ws/build/walle_pkg/prefix_override:/home/juan/The_WALL-E_project/ros2_ws/install/walle_pkg/lib/python3.10/site-packages:${PYTHONPATH} /usr/bin/python3 setup.py egg_info --egg-base ../../build/walle_pkg build --build-base /home/juan/The_WALL-E_project/ros2_ws/build/walle_pkg/build install --record /home/juan/The_WALL-E_project/ros2_ws/build/walle_pkg/install.log --single-version-externally-managed
