[2.600s] Invoking command in '/home/juan/The_WALL-E_project/ros2_ws/src/robot_taller2': PYTHONPATH=/home/juan/The_WALL-E_project/ros2_ws/build/robot_taller2/prefix_override:/home/juan/The_WALL-E_project/ros2_ws/install/robot_taller2/lib/python3.10/site-packages:${PYTHONPATH} /usr/bin/python3 setup.py egg_info --egg-base ../../build/robot_taller2 build --build-base /home/juan/The_WALL-E_project/ros2_ws/build/robot_taller2/build install --record /home/juan/The_WALL-E_project/ros2_ws/build/robot_taller2/install.log --single-version-externally-managed
[3.298s] running egg_info
[3.301s] writing ../../build/robot_taller2/robot_taller2.egg-info/PKG-INFO
[3.301s] writing dependency_links to ../../build/robot_taller2/robot_taller2.egg-info/dependency_links.txt
[3.302s] writing entry points to ../../build/robot_taller2/robot_taller2.egg-info/entry_points.txt
[3.303s] writing requirements to ../../build/robot_taller2/robot_taller2.egg-info/requires.txt
[3.303s] writing top-level names to ../../build/robot_taller2/robot_taller2.egg-info/top_level.txt
[3.309s] reading manifest file '../../build/robot_taller2/robot_taller2.egg-info/SOURCES.txt'
[3.313s] writing manifest file '../../build/robot_taller2/robot_taller2.egg-info/SOURCES.txt'
[3.313s] running build
[3.313s] running build_py
[3.315s] running install
[3.315s] /usr/lib/python3/dist-packages/setuptools/command/install.py:34: SetuptoolsDeprecationWarning: setup.py install is deprecated. Use build and pip and other standards-based tools.
[3.315s]   warnings.warn(
[3.316s] running install_lib
[3.320s] running install_data
[3.321s] running install_egg_info
[3.325s] removing '/home/juan/The_WALL-E_project/ros2_ws/install/robot_taller2/lib/python3.10/site-packages/robot_taller2-0.0.0-py3.10.egg-info' (and everything under it)
[3.326s] Copying ../../build/robot_taller2/robot_taller2.egg-info to /home/juan/The_WALL-E_project/ros2_ws/install/robot_taller2/lib/python3.10/site-packages/robot_taller2-0.0.0-py3.10.egg-info
[3.328s] running install_scripts
[3.372s] Installing robot_interface = robot_taller2.robot_interface:mainraspy_serial = robot_taller2.Raspy_serial:mainrobot_teleop = robot_taller2.robot_teleop:mainrobot_player script to /home/juan/The_WALL-E_project/ros2_ws/install/robot_taller2/lib/robot_taller2
[3.372s] writing list of installed files to '/home/juan/The_WALL-E_project/ros2_ws/build/robot_taller2/install.log'
[3.462s] Invoked command in '/home/juan/The_WALL-E_project/ros2_ws/src/robot_taller2' returned '0': PYTHONPATH=/home/juan/The_WALL-E_project/ros2_ws/build/robot_taller2/prefix_override:/home/juan/The_WALL-E_project/ros2_ws/install/robot_taller2/lib/python3.10/site-packages:${PYTHONPATH} /usr/bin/python3 setup.py egg_info --egg-base ../../build/robot_taller2 build --build-base /home/juan/The_WALL-E_project/ros2_ws/build/robot_taller2/build install --record /home/juan/The_WALL-E_project/ros2_ws/build/robot_taller2/install.log --single-version-externally-managed
