[4.744s] Invoking command in '/home/juan/The_WALL-E_project/ros2_ws/src/robot_taller2': PYTHONPATH=/home/juan/The_WALL-E_project/ros2_ws/build/robot_taller2/prefix_override:/home/juan/The_WALL-E_project/ros2_ws/install/robot_taller2/lib/python3.10/site-packages:${PYTHONPATH} /usr/bin/python3 setup.py egg_info --egg-base ../../build/robot_taller2 build --build-base /home/juan/The_WALL-E_project/ros2_ws/build/robot_taller2/build install --record /home/juan/The_WALL-E_project/ros2_ws/build/robot_taller2/install.log --single-version-externally-managed
[6.283s] running egg_info
[6.288s] writing ../../build/robot_taller2/robot_taller2.egg-info/PKG-INFO
[6.289s] writing dependency_links to ../../build/robot_taller2/robot_taller2.egg-info/dependency_links.txt
[6.290s] writing entry points to ../../build/robot_taller2/robot_taller2.egg-info/entry_points.txt
[6.291s] writing requirements to ../../build/robot_taller2/robot_taller2.egg-info/requires.txt
[6.293s] writing top-level names to ../../build/robot_taller2/robot_taller2.egg-info/top_level.txt
[6.304s] reading manifest file '../../build/robot_taller2/robot_taller2.egg-info/SOURCES.txt'
[6.314s] writing manifest file '../../build/robot_taller2/robot_taller2.egg-info/SOURCES.txt'
[6.314s] running build
[6.314s] running build_py
[6.315s] running install
[6.316s] /usr/lib/python3/dist-packages/setuptools/command/install.py:34: SetuptoolsDeprecationWarning: setup.py install is deprecated. Use build and pip and other standards-based tools.
[6.316s]   warnings.warn(
[6.318s] running install_lib
[6.325s] running install_data
[6.328s] running install_egg_info
[6.335s] removing '/home/juan/The_WALL-E_project/ros2_ws/install/robot_taller2/lib/python3.10/site-packages/robot_taller2-0.0.0-py3.10.egg-info' (and everything under it)
[6.336s] Copying ../../build/robot_taller2/robot_taller2.egg-info to /home/juan/The_WALL-E_project/ros2_ws/install/robot_taller2/lib/python3.10/site-packages/robot_taller2-0.0.0-py3.10.egg-info
[6.341s] running install_scripts
[6.444s] Installing raspy_serial script to /home/juan/The_WALL-E_project/ros2_ws/install/robot_taller2/lib/robot_taller2
[6.445s] Installing robot_interface script to /home/juan/The_WALL-E_project/ros2_ws/install/robot_taller2/lib/robot_taller2
[6.445s] Installing robot_player script to /home/juan/The_WALL-E_project/ros2_ws/install/robot_taller2/lib/robot_taller2
[6.446s] Installing robot_teleop script to /home/juan/The_WALL-E_project/ros2_ws/install/robot_taller2/lib/robot_taller2
[6.446s] writing list of installed files to '/home/juan/The_WALL-E_project/ros2_ws/build/robot_taller2/install.log'
[6.603s] Invoked command in '/home/juan/The_WALL-E_project/ros2_ws/src/robot_taller2' returned '0': PYTHONPATH=/home/juan/The_WALL-E_project/ros2_ws/build/robot_taller2/prefix_override:/home/juan/The_WALL-E_project/ros2_ws/install/robot_taller2/lib/python3.10/site-packages:${PYTHONPATH} /usr/bin/python3 setup.py egg_info --egg-base ../../build/robot_taller2 build --build-base /home/juan/The_WALL-E_project/ros2_ws/build/robot_taller2/build install --record /home/juan/The_WALL-E_project/ros2_ws/build/robot_taller2/install.log --single-version-externally-managed
