[1.370s] Invoking command in '/home/juan/ros2_ws/Walle_pkg': PYTHONPATH=/home/juan/ros2_ws/build/Walle_pkg/prefix_override:/home/juan/ros2_ws/install/Walle_pkg/lib/python3.10/site-packages:${PYTHONPATH} /usr/bin/python3 setup.py egg_info --egg-base ../build/Walle_pkg build --build-base /home/juan/ros2_ws/build/Walle_pkg/build install --record /home/juan/ros2_ws/build/Walle_pkg/install.log --single-version-externally-managed
[1.946s] running egg_info
[1.947s] writing ../build/Walle_pkg/Walle_pkg.egg-info/PKG-INFO
[1.948s] writing dependency_links to ../build/Walle_pkg/Walle_pkg.egg-info/dependency_links.txt
[1.948s] writing entry points to ../build/Walle_pkg/Walle_pkg.egg-info/entry_points.txt
[1.949s] writing requirements to ../build/Walle_pkg/Walle_pkg.egg-info/requires.txt
[1.949s] writing top-level names to ../build/Walle_pkg/Walle_pkg.egg-info/top_level.txt
[1.952s] reading manifest file '../build/Walle_pkg/Walle_pkg.egg-info/SOURCES.txt'
[1.954s] writing manifest file '../build/Walle_pkg/Walle_pkg.egg-info/SOURCES.txt'
[1.954s] running build
[1.954s] running build_py
[1.955s] copying Walle_pkg/turtle_bot_teleop.py -> /home/juan/ros2_ws/build/Walle_pkg/build/lib/Walle_pkg
[1.955s] running install
[1.956s] /usr/lib/python3/dist-packages/setuptools/command/install.py:34: SetuptoolsDeprecationWarning: setup.py install is deprecated. Use build and pip and other standards-based tools.
[1.956s]   warnings.warn(
[1.956s] running install_lib
[1.958s] copying /home/juan/ros2_ws/build/Walle_pkg/build/lib/Walle_pkg/turtle_bot_teleop.py -> /home/juan/ros2_ws/install/Walle_pkg/lib/python3.10/site-packages/Walle_pkg
[1.959s] byte-compiling /home/juan/ros2_ws/install/Walle_pkg/lib/python3.10/site-packages/Walle_pkg/turtle_bot_teleop.py to turtle_bot_teleop.cpython-310.pyc
[1.961s] running install_data
[1.962s] running install_egg_info
[1.965s] removing '/home/juan/ros2_ws/install/Walle_pkg/lib/python3.10/site-packages/Walle_pkg-0.0.0-py3.10.egg-info' (and everything under it)
[1.966s] Copying ../build/Walle_pkg/Walle_pkg.egg-info to /home/juan/ros2_ws/install/Walle_pkg/lib/python3.10/site-packages/Walle_pkg-0.0.0-py3.10.egg-info
[1.968s] running install_scripts
[2.007s] Installing turtle_bot_teleop script to /home/juan/ros2_ws/install/Walle_pkg/lib/Walle_pkg
[2.008s] writing list of installed files to '/home/juan/ros2_ws/build/Walle_pkg/install.log'
[2.051s] Invoked command in '/home/juan/ros2_ws/Walle_pkg' returned '0': PYTHONPATH=/home/juan/ros2_ws/build/Walle_pkg/prefix_override:/home/juan/ros2_ws/install/Walle_pkg/lib/python3.10/site-packages:${PYTHONPATH} /usr/bin/python3 setup.py egg_info --egg-base ../build/Walle_pkg build --build-base /home/juan/ros2_ws/build/Walle_pkg/build install --record /home/juan/ros2_ws/build/Walle_pkg/install.log --single-version-externally-managed
