[0.871s] DEBUG:colcon:Command line arguments: ['/usr/bin/colcon', 'build']
[0.871s] DEBUG:colcon:Parsed command line arguments: Namespace(log_base=None, log_level=None, verb_name='build', build_base='build', install_base='install', merge_install=False, symlink_install=False, test_result_base=None, continue_on_error=False, executor='parallel', parallel_workers=8, event_handlers=None, ignore_user_meta=False, metas=['./colcon.meta'], base_paths=['.'], packages_ignore=None, packages_ignore_regex=None, paths=None, packages_up_to=None, packages_up_to_regex=None, packages_above=None, packages_above_and_dependencies=None, packages_above_depth=None, packages_select_by_dep=None, packages_skip_by_dep=None, packages_skip_up_to=None, packages_select_build_failed=False, packages_skip_build_finished=False, packages_select_test_failures=False, packages_skip_test_passed=False, packages_select=None, packages_skip=None, packages_select_regex=None, packages_skip_regex=None, packages_start=None, packages_end=None, allow_overriding=[], cmake_args=None, cmake_target=None, cmake_target_skip_unavailable=False, cmake_clean_cache=False, cmake_clean_first=False, cmake_force_configure=False, ament_cmake_args=None, catkin_cmake_args=None, catkin_skip_building_tests=False, verb_parser=<colcon_defaults.argument_parser.defaults.DefaultArgumentsDecorator object at 0x7f186caa6e00>, verb_extension=<colcon_core.verb.build.BuildVerb object at 0x7f186d4ca740>, main=<bound method BuildVerb.main of <colcon_core.verb.build.BuildVerb object at 0x7f186d4ca740>>)
[0.944s] Level 1:colcon.colcon_core.package_discovery:discover_packages(colcon_meta) check parameters
[0.945s] Level 1:colcon.colcon_core.package_discovery:discover_packages(recursive) check parameters
[0.945s] Level 1:colcon.colcon_core.package_discovery:discover_packages(ignore) check parameters
[0.945s] Level 1:colcon.colcon_core.package_discovery:discover_packages(path) check parameters
[0.945s] Level 1:colcon.colcon_core.package_discovery:discover_packages(colcon_meta) discover
[0.945s] Level 1:colcon.colcon_core.package_discovery:discover_packages(recursive) discover
[0.945s] INFO:colcon.colcon_core.package_discovery:Crawling recursively for packages in '/home/juan/The_WALL-E_project/ros2_ws'
[0.945s] Level 1:colcon.colcon_core.package_identification:_identify(.) by extensions ['ignore', 'ignore_ament_install']
[0.946s] Level 1:colcon.colcon_core.package_identification:_identify(.) by extension 'ignore'
[0.946s] Level 1:colcon.colcon_core.package_identification:_identify(.) by extension 'ignore_ament_install'
[0.946s] Level 1:colcon.colcon_core.package_identification:_identify(.) by extensions ['colcon_pkg']
[0.946s] Level 1:colcon.colcon_core.package_identification:_identify(.) by extension 'colcon_pkg'
[0.946s] Level 1:colcon.colcon_core.package_identification:_identify(.) by extensions ['colcon_meta']
[0.946s] Level 1:colcon.colcon_core.package_identification:_identify(.) by extension 'colcon_meta'
[0.946s] Level 1:colcon.colcon_core.package_identification:_identify(.) by extensions ['ros']
[0.946s] Level 1:colcon.colcon_core.package_identification:_identify(.) by extension 'ros'
[0.970s] Level 1:colcon.colcon_core.package_identification:_identify(.) by extensions ['cmake', 'python']
[0.970s] Level 1:colcon.colcon_core.package_identification:_identify(.) by extension 'cmake'
[0.970s] Level 1:colcon.colcon_core.package_identification:_identify(.) by extension 'python'
[0.971s] Level 1:colcon.colcon_core.package_identification:_identify(.) by extensions ['python_setup_py']
[0.971s] Level 1:colcon.colcon_core.package_identification:_identify(.) by extension 'python_setup_py'
[0.971s] Level 1:colcon.colcon_core.package_identification:_identify(Walle_pkg) by extensions ['ignore', 'ignore_ament_install']
[0.971s] Level 1:colcon.colcon_core.package_identification:_identify(Walle_pkg) by extension 'ignore'
[0.971s] Level 1:colcon.colcon_core.package_identification:_identify(Walle_pkg) by extension 'ignore_ament_install'
[0.971s] Level 1:colcon.colcon_core.package_identification:_identify(Walle_pkg) by extensions ['colcon_pkg']
[0.971s] Level 1:colcon.colcon_core.package_identification:_identify(Walle_pkg) by extension 'colcon_pkg'
[0.972s] Level 1:colcon.colcon_core.package_identification:_identify(Walle_pkg) by extensions ['colcon_meta']
[0.972s] Level 1:colcon.colcon_core.package_identification:_identify(Walle_pkg) by extension 'colcon_meta'
[0.972s] Level 1:colcon.colcon_core.package_identification:_identify(Walle_pkg) by extensions ['ros']
[0.972s] Level 1:colcon.colcon_core.package_identification:_identify(Walle_pkg) by extension 'ros'
[0.979s] DEBUG:colcon.colcon_core.package_identification:Package 'Walle_pkg' with type 'ros.ament_python' and name 'Walle_pkg'
[0.980s] Level 1:colcon.colcon_core.package_identification:_identify(build) by extensions ['ignore', 'ignore_ament_install']
[0.980s] Level 1:colcon.colcon_core.package_identification:_identify(build) by extension 'ignore'
[0.980s] Level 1:colcon.colcon_core.package_identification:_identify(build) ignored
[0.980s] Level 1:colcon.colcon_core.package_identification:_identify(install) by extensions ['ignore', 'ignore_ament_install']
[0.981s] Level 1:colcon.colcon_core.package_identification:_identify(install) by extension 'ignore'
[0.981s] Level 1:colcon.colcon_core.package_identification:_identify(install) ignored
[0.981s] Level 1:colcon.colcon_core.package_identification:_identify(log) by extensions ['ignore', 'ignore_ament_install']
[0.981s] Level 1:colcon.colcon_core.package_identification:_identify(log) by extension 'ignore'
[0.981s] Level 1:colcon.colcon_core.package_identification:_identify(log) ignored
[0.981s] Level 1:colcon.colcon_core.package_identification:_identify(src) by extensions ['ignore', 'ignore_ament_install']
[0.982s] Level 1:colcon.colcon_core.package_identification:_identify(src) by extension 'ignore'
[0.982s] Level 1:colcon.colcon_core.package_identification:_identify(src) by extension 'ignore_ament_install'
[0.982s] Level 1:colcon.colcon_core.package_identification:_identify(src) by extensions ['colcon_pkg']
[0.982s] Level 1:colcon.colcon_core.package_identification:_identify(src) by extension 'colcon_pkg'
[0.982s] Level 1:colcon.colcon_core.package_identification:_identify(src) by extensions ['colcon_meta']
[0.982s] Level 1:colcon.colcon_core.package_identification:_identify(src) by extension 'colcon_meta'
[0.982s] Level 1:colcon.colcon_core.package_identification:_identify(src) by extensions ['ros']
[0.982s] Level 1:colcon.colcon_core.package_identification:_identify(src) by extension 'ros'
[0.983s] Level 1:colcon.colcon_core.package_identification:_identify(src) by extensions ['cmake', 'python']
[0.983s] Level 1:colcon.colcon_core.package_identification:_identify(src) by extension 'cmake'
[0.983s] Level 1:colcon.colcon_core.package_identification:_identify(src) by extension 'python'
[0.983s] Level 1:colcon.colcon_core.package_identification:_identify(src) by extensions ['python_setup_py']
[0.983s] Level 1:colcon.colcon_core.package_identification:_identify(src) by extension 'python_setup_py'
[0.983s] Level 1:colcon.colcon_core.package_discovery:discover_packages(recursive) using defaults
[0.983s] Level 1:colcon.colcon_core.package_discovery:discover_packages(ignore) discover
[0.983s] Level 1:colcon.colcon_core.package_discovery:discover_packages(ignore) using defaults
[0.983s] Level 1:colcon.colcon_core.package_discovery:discover_packages(path) discover
[0.983s] Level 1:colcon.colcon_core.package_discovery:discover_packages(path) using defaults
[1.046s] Level 1:colcon.colcon_core.package_discovery:discover_packages(prefix_path) check parameters
[1.046s] Level 1:colcon.colcon_core.package_discovery:discover_packages(prefix_path) discover
[1.056s] DEBUG:colcon.colcon_installed_package_information.package_discovery:Found 284 installed packages in /opt/ros/humble
[1.059s] Level 1:colcon.colcon_core.package_discovery:discover_packages(prefix_path) using defaults
[1.212s] Level 5:colcon.colcon_core.verb:set package 'Walle_pkg' build argument 'cmake_args' from command line to 'None'
[1.212s] Level 5:colcon.colcon_core.verb:set package 'Walle_pkg' build argument 'cmake_target' from command line to 'None'
[1.212s] Level 5:colcon.colcon_core.verb:set package 'Walle_pkg' build argument 'cmake_target_skip_unavailable' from command line to 'False'
[1.212s] Level 5:colcon.colcon_core.verb:set package 'Walle_pkg' build argument 'cmake_clean_cache' from command line to 'False'
[1.212s] Level 5:colcon.colcon_core.verb:set package 'Walle_pkg' build argument 'cmake_clean_first' from command line to 'False'
[1.212s] Level 5:colcon.colcon_core.verb:set package 'Walle_pkg' build argument 'cmake_force_configure' from command line to 'False'
[1.212s] Level 5:colcon.colcon_core.verb:set package 'Walle_pkg' build argument 'ament_cmake_args' from command line to 'None'
[1.212s] Level 5:colcon.colcon_core.verb:set package 'Walle_pkg' build argument 'catkin_cmake_args' from command line to 'None'
[1.212s] Level 5:colcon.colcon_core.verb:set package 'Walle_pkg' build argument 'catkin_skip_building_tests' from command line to 'False'
[1.212s] DEBUG:colcon.colcon_core.verb:Building package 'Walle_pkg' with the following arguments: {'ament_cmake_args': None, 'build_base': '/home/juan/The_WALL-E_project/ros2_ws/build/Walle_pkg', 'catkin_cmake_args': None, 'catkin_skip_building_tests': False, 'cmake_args': None, 'cmake_clean_cache': False, 'cmake_clean_first': False, 'cmake_force_configure': False, 'cmake_target': None, 'cmake_target_skip_unavailable': False, 'install_base': '/home/juan/The_WALL-E_project/ros2_ws/install/Walle_pkg', 'merge_install': False, 'path': '/home/juan/The_WALL-E_project/ros2_ws/Walle_pkg', 'symlink_install': False, 'test_result_base': None}
[1.214s] INFO:colcon.colcon_core.executor:Executing jobs using 'parallel' executor
[1.221s] DEBUG:colcon.colcon_parallel_executor.executor.parallel:run_until_complete
[1.222s] INFO:colcon.colcon_ros.task.ament_python.build:Building ROS package in '/home/juan/The_WALL-E_project/ros2_ws/Walle_pkg' with build type 'ament_python'
[1.222s] Level 1:colcon.colcon_core.shell:create_environment_hook('Walle_pkg', 'ament_prefix_path')
[1.249s] INFO:colcon.colcon_core.plugin_system:Skipping extension 'colcon_core.shell.bat': Not used on non-Windows systems
[1.249s] INFO:colcon.colcon_core.shell:Creating environment hook '/home/juan/The_WALL-E_project/ros2_ws/install/Walle_pkg/share/Walle_pkg/hook/ament_prefix_path.ps1'
[1.252s] INFO:colcon.colcon_core.shell:Creating environment descriptor '/home/juan/The_WALL-E_project/ros2_ws/install/Walle_pkg/share/Walle_pkg/hook/ament_prefix_path.dsv'
[1.254s] INFO:colcon.colcon_core.shell:Creating environment hook '/home/juan/The_WALL-E_project/ros2_ws/install/Walle_pkg/share/Walle_pkg/hook/ament_prefix_path.sh'
[1.260s] INFO:colcon.colcon_core.shell:Skip shell extension 'powershell' for command environment: Not usable outside of PowerShell
[1.260s] DEBUG:colcon.colcon_core.shell:Skip shell extension 'dsv' for command environment
[1.985s] INFO:colcon.colcon_core.task.python.build:Building Python package in '/home/juan/The_WALL-E_project/ros2_ws/Walle_pkg'
[1.988s] INFO:colcon.colcon_core.shell:Skip shell extension 'powershell' for command environment: Not usable outside of PowerShell
[1.989s] DEBUG:colcon.colcon_core.shell:Skip shell extension 'dsv' for command environment
[2.912s] DEBUG:colcon.colcon_core.event_handler.log_command:Invoking command in '/home/juan/The_WALL-E_project/ros2_ws/Walle_pkg': PYTHONPATH=/home/juan/The_WALL-E_project/ros2_ws/build/Walle_pkg/prefix_override:/home/juan/The_WALL-E_project/ros2_ws/install/Walle_pkg/lib/python3.10/site-packages:${PYTHONPATH} /usr/bin/python3 setup.py egg_info --egg-base ../build/Walle_pkg build --build-base /home/juan/The_WALL-E_project/ros2_ws/build/Walle_pkg/build install --record /home/juan/The_WALL-E_project/ros2_ws/build/Walle_pkg/install.log --single-version-externally-managed
[3.690s] DEBUG:colcon.colcon_core.event_handler.log_command:Invoked command in '/home/juan/The_WALL-E_project/ros2_ws/Walle_pkg' returned '0': PYTHONPATH=/home/juan/The_WALL-E_project/ros2_ws/build/Walle_pkg/prefix_override:/home/juan/The_WALL-E_project/ros2_ws/install/Walle_pkg/lib/python3.10/site-packages:${PYTHONPATH} /usr/bin/python3 setup.py egg_info --egg-base ../build/Walle_pkg build --build-base /home/juan/The_WALL-E_project/ros2_ws/build/Walle_pkg/build install --record /home/juan/The_WALL-E_project/ros2_ws/build/Walle_pkg/install.log --single-version-externally-managed
[3.703s] Level 1:colcon.colcon_core.environment:checking '/home/juan/The_WALL-E_project/ros2_ws/install/Walle_pkg' for CMake module files
[3.704s] Level 1:colcon.colcon_core.environment:checking '/home/juan/The_WALL-E_project/ros2_ws/install/Walle_pkg' for CMake config files
[3.706s] Level 1:colcon.colcon_core.environment:checking '/home/juan/The_WALL-E_project/ros2_ws/install/Walle_pkg/lib'
[3.706s] Level 1:colcon.colcon_core.environment:checking '/home/juan/The_WALL-E_project/ros2_ws/install/Walle_pkg/bin'
[3.706s] Level 1:colcon.colcon_core.environment:checking '/home/juan/The_WALL-E_project/ros2_ws/install/Walle_pkg/lib/pkgconfig/Walle_pkg.pc'
[3.707s] Level 1:colcon.colcon_core.environment:checking '/home/juan/The_WALL-E_project/ros2_ws/install/Walle_pkg/lib/python3.10/site-packages'
[3.707s] Level 1:colcon.colcon_core.shell:create_environment_hook('Walle_pkg', 'pythonpath')
[3.709s] INFO:colcon.colcon_core.shell:Creating environment hook '/home/juan/The_WALL-E_project/ros2_ws/install/Walle_pkg/share/Walle_pkg/hook/pythonpath.ps1'
[3.710s] INFO:colcon.colcon_core.shell:Creating environment descriptor '/home/juan/The_WALL-E_project/ros2_ws/install/Walle_pkg/share/Walle_pkg/hook/pythonpath.dsv'
[3.711s] INFO:colcon.colcon_core.shell:Creating environment hook '/home/juan/The_WALL-E_project/ros2_ws/install/Walle_pkg/share/Walle_pkg/hook/pythonpath.sh'
[3.712s] Level 1:colcon.colcon_core.environment:checking '/home/juan/The_WALL-E_project/ros2_ws/install/Walle_pkg/bin'
[3.712s] Level 1:colcon.colcon_core.environment:create_environment_scripts_only(Walle_pkg)
[3.715s] INFO:colcon.colcon_core.shell:Creating package script '/home/juan/The_WALL-E_project/ros2_ws/install/Walle_pkg/share/Walle_pkg/package.ps1'
[3.717s] INFO:colcon.colcon_core.shell:Creating package descriptor '/home/juan/The_WALL-E_project/ros2_ws/install/Walle_pkg/share/Walle_pkg/package.dsv'
[3.718s] INFO:colcon.colcon_core.shell:Creating package script '/home/juan/The_WALL-E_project/ros2_ws/install/Walle_pkg/share/Walle_pkg/package.sh'
[3.720s] INFO:colcon.colcon_core.shell:Creating package script '/home/juan/The_WALL-E_project/ros2_ws/install/Walle_pkg/share/Walle_pkg/package.bash'
[3.722s] INFO:colcon.colcon_core.shell:Creating package script '/home/juan/The_WALL-E_project/ros2_ws/install/Walle_pkg/share/Walle_pkg/package.zsh'
[3.723s] Level 1:colcon.colcon_core.environment:create_file_with_runtime_dependencies(/home/juan/The_WALL-E_project/ros2_ws/install/Walle_pkg/share/colcon-core/packages/Walle_pkg)
[3.724s] DEBUG:colcon.colcon_parallel_executor.executor.parallel:closing loop
[3.725s] DEBUG:colcon.colcon_parallel_executor.executor.parallel:loop closed
[3.725s] DEBUG:colcon.colcon_parallel_executor.executor.parallel:run_until_complete finished with '0'
[3.725s] DEBUG:colcon.colcon_core.event_reactor:joining thread
[3.737s] INFO:colcon.colcon_core.plugin_system:Skipping extension 'colcon_notification.desktop_notification.terminal_notifier': Not used on non-Darwin systems
[3.738s] INFO:colcon.colcon_core.plugin_system:Skipping extension 'colcon_notification.desktop_notification.win32': Not used on non-Windows systems
[3.738s] INFO:colcon.colcon_notification.desktop_notification:Sending desktop notification using 'notify2'
[3.771s] DEBUG:colcon.colcon_core.event_reactor:joined thread
[3.777s] INFO:colcon.colcon_core.shell:Creating prefix script '/home/juan/The_WALL-E_project/ros2_ws/install/local_setup.ps1'
[3.780s] INFO:colcon.colcon_core.shell:Creating prefix util module '/home/juan/The_WALL-E_project/ros2_ws/install/_local_setup_util_ps1.py'
[3.784s] INFO:colcon.colcon_core.shell:Creating prefix chain script '/home/juan/The_WALL-E_project/ros2_ws/install/setup.ps1'
[3.788s] INFO:colcon.colcon_core.shell:Creating prefix script '/home/juan/The_WALL-E_project/ros2_ws/install/local_setup.sh'
[3.790s] INFO:colcon.colcon_core.shell:Creating prefix util module '/home/juan/The_WALL-E_project/ros2_ws/install/_local_setup_util_sh.py'
[3.792s] INFO:colcon.colcon_core.shell:Creating prefix chain script '/home/juan/The_WALL-E_project/ros2_ws/install/setup.sh'
[3.797s] INFO:colcon.colcon_core.shell:Creating prefix script '/home/juan/The_WALL-E_project/ros2_ws/install/local_setup.bash'
[3.798s] INFO:colcon.colcon_core.shell:Creating prefix chain script '/home/juan/The_WALL-E_project/ros2_ws/install/setup.bash'
[3.801s] INFO:colcon.colcon_core.shell:Creating prefix script '/home/juan/The_WALL-E_project/ros2_ws/install/local_setup.zsh'
[3.802s] INFO:colcon.colcon_core.shell:Creating prefix chain script '/home/juan/The_WALL-E_project/ros2_ws/install/setup.zsh'
