[2.269s] Invoking command in '/home/juan/The_WALL-E_project/ros2_ws/src/robot_taller2': PYTHONPATH=/home/juan/The_WALL-E_project/ros2_ws/build/robot_taller2/prefix_override:/home/juan/The_WALL-E_project/ros2_ws/install/robot_taller2/lib/python3.10/site-packages:${PYTHONPATH} /usr/bin/python3 setup.py egg_info --egg-base ../../build/robot_taller2 build --build-base /home/juan/The_WALL-E_project/ros2_ws/build/robot_taller2/build install --record /home/juan/The_WALL-E_project/ros2_ws/build/robot_taller2/install.log --single-version-externally-managed
[2.887s] running egg_info
[2.889s] writing ../../build/robot_taller2/robot_taller2.egg-info/PKG-INFO
[2.889s] writing dependency_links to ../../build/robot_taller2/robot_taller2.egg-info/dependency_links.txt
[2.890s] writing entry points to ../../build/robot_taller2/robot_taller2.egg-info/entry_points.txt
[2.890s] writing requirements to ../../build/robot_taller2/robot_taller2.egg-info/requires.txt
[2.892s] writing top-level names to ../../build/robot_taller2/robot_taller2.egg-info/top_level.txt
[2.897s] reading manifest file '../../build/robot_taller2/robot_taller2.egg-info/SOURCES.txt'
[2.899s] writing manifest file '../../build/robot_taller2/robot_taller2.egg-info/SOURCES.txt'
[2.900s] running build
[2.900s] running build_py
[2.901s] running install
[2.901s] /usr/lib/python3/dist-packages/setuptools/command/install.py:34: SetuptoolsDeprecationWarning: setup.py install is deprecated. Use build and pip and other standards-based tools.
[2.902s]   warnings.warn(
[2.902s] running install_lib
[2.905s] running install_data
[2.906s] running install_egg_info
[2.910s] removing '/home/juan/The_WALL-E_project/ros2_ws/install/robot_taller2/lib/python3.10/site-packages/robot_taller2-0.0.0-py3.10.egg-info' (and everything under it)
[2.911s] Copying ../../build/robot_taller2/robot_taller2.egg-info to /home/juan/The_WALL-E_project/ros2_ws/install/robot_taller2/lib/python3.10/site-packages/robot_taller2-0.0.0-py3.10.egg-info
[2.913s] running install_scripts
[2.963s] Installing robot_interface = robot_taller2.robot_interface:mainraspy_serial = robot_taller2.Raspy_serial:mainrobot_teleop = robot_taller2.robot_teleop:mainrobot_player script to /home/juan/The_WALL-E_project/ros2_ws/install/robot_taller2/lib/robot_taller2
[2.963s] writing list of installed files to '/home/juan/The_WALL-E_project/ros2_ws/build/robot_taller2/install.log'
[3.012s] Invoked command in '/home/juan/The_WALL-E_project/ros2_ws/src/robot_taller2' returned '0': PYTHONPATH=/home/juan/The_WALL-E_project/ros2_ws/build/robot_taller2/prefix_override:/home/juan/The_WALL-E_project/ros2_ws/install/robot_taller2/lib/python3.10/site-packages:${PYTHONPATH} /usr/bin/python3 setup.py egg_info --egg-base ../../build/robot_taller2 build --build-base /home/juan/The_WALL-E_project/ros2_ws/build/robot_taller2/build install --record /home/juan/The_WALL-E_project/ros2_ws/build/robot_taller2/install.log --single-version-externally-managed
